[32m2022-09-27 22:21:49 [info] ### snow has been to starting -- http://localhost:8901/api[39m
[32m2022-09-27 22:22:04 [info] [39m
[32m<<<<<<<<<<<<<<<<<<<<<<<<<<<<<<</user/findUserById?id=2å“åº”å¼€å§‹<<<<<<<<<<<<<<<<<<<<<<<<<<<<<<<<<[39m
[32m  å½“å‰ç±»å: UserController[39m
[32m  å½“å‰æ–¹æ³•å: findUser[39m
[32m  å½“å‰è¯·æ±‚: POST - /user/findUserById?id=2[39m
[32m  IP: ::ffff:127.0.0.1[39m
[32m  å½“å‰Paramså‚æ•°: {}[39m
[32m  å½“å‰Queryå‚æ•°: {"id":"2"}[39m
[32m  å½“å‰è¯·æ±‚ä½“: {}[39m
[32m<<<<<<<<<<<<<<<<<<<<<<<<<<<<<<</user/findUserById?id=2å“åº”å¼€å§‹<<<<<<<<<<<<<<<<<<<<<<<<<<<<<<<<<[39m
[32m2022-09-27 22:22:04 [info] æ‰§è¡Œsql:select * from users where `id` = ? | å‚æ•°:["2"][39m
[32m2022-09-27 22:22:04 [info] [39m
[32m<<<<<<<<<<<<<<<<<<<<<<<<<<<<<<</user/findUserById?id=2å“åº”ç»“æŸ<<<<<<<<<<<<<<<<<<<<<<<<<<<<<<<<<[39m
[32m  å½“å‰è¯·æ±‚: POST - /user/findUserById?id=2[39m
[32m  IP: ::ffff:127.0.0.1[39m
[32m  å½“å‰ç”¨æˆ·: 'coderixe'[39m
[32m  å“åº”æ—¶é—´ï¼š181ms[39m
[32m  å½“å‰å“åº”ä½“: {"username":"coderxie","password":"1232134412","sex":"1","age":18,"createDate":1663674972760,"updateDate":1663784629774,"id":2}[39m
[32m<<<<<<<<<<<<<<<<<<<<<<<<<<<<<<</user/findUserById?id=2å“åº”ç»“æŸ<<<<<<<<<<<<<<<<<<<<<<<<<<<<<<<<<[39m
[32m2022-09-27 22:22:16 [info] [39m
[32m<<<<<<<<<<<<<<<<<<<<<<<<<<<<<<</user/findUserById?id=0å“åº”å¼€å§‹<<<<<<<<<<<<<<<<<<<<<<<<<<<<<<<<<[39m
[32m  å½“å‰ç±»å: UserController[39m
[32m  å½“å‰æ–¹æ³•å: findUser[39m
[32m  å½“å‰è¯·æ±‚: POST - /user/findUserById?id=0[39m
[32m  IP: ::ffff:127.0.0.1[39m
[32m  å½“å‰Paramså‚æ•°: {}[39m
[32m  å½“å‰Queryå‚æ•°: {"id":"0"}[39m
[32m  å½“å‰è¯·æ±‚ä½“: {}[39m
[32m<<<<<<<<<<<<<<<<<<<<<<<<<<<<<<</user/findUserById?id=0å“åº”å¼€å§‹<<<<<<<<<<<<<<<<<<<<<<<<<<<<<<<<<[39m
[32m2022-09-27 22:22:16 [info] æ‰§è¡Œsql:select * from users where `id` = ? | å‚æ•°:["0"][39m
[32m2022-09-27 22:22:16 [info] [39m
[32m<<<<<<<<<<<<<<<<<<<<<<<<<<<<<<</user/findUserById?id=0å“åº”ç»“æŸ<<<<<<<<<<<<<<<<<<<<<<<<<<<<<<<<<[39m
[32m  å½“å‰è¯·æ±‚: POST - /user/findUserById?id=0[39m
[32m  IP: ::ffff:127.0.0.1[39m
[32m  å½“å‰ç”¨æˆ·: 'coderixe'[39m
[32m  å“åº”æ—¶é—´ï¼š27ms[39m
[32m  å½“å‰å“åº”ä½“: null[39m
[32m<<<<<<<<<<<<<<<<<<<<<<<<<<<<<<</user/findUserById?id=0å“åº”ç»“æŸ<<<<<<<<<<<<<<<<<<<<<<<<<<<<<<<<<[39m
[32m2022-09-27 22:22:23 [info] [39m
[32m<<<<<<<<<<<<<<<<<<<<<<<<<<<<<<</user/findUserById?id=3å“åº”å¼€å§‹<<<<<<<<<<<<<<<<<<<<<<<<<<<<<<<<<[39m
[32m  å½“å‰ç±»å: UserController[39m
[32m  å½“å‰æ–¹æ³•å: findUser[39m
[32m  å½“å‰è¯·æ±‚: POST - /user/findUserById?id=3[39m
[32m  IP: ::ffff:127.0.0.1[39m
[32m  å½“å‰Paramså‚æ•°: {}[39m
[32m  å½“å‰Queryå‚æ•°: {"id":"3"}[39m
[32m  å½“å‰è¯·æ±‚ä½“: {}[39m
[32m<<<<<<<<<<<<<<<<<<<<<<<<<<<<<<</user/findUserById?id=3å“åº”å¼€å§‹<<<<<<<<<<<<<<<<<<<<<<<<<<<<<<<<<[39m
[32m2022-09-27 22:22:23 [info] æ‰§è¡Œsql:select * from users where `id` = ? | å‚æ•°:["3"][39m
[32m2022-09-27 22:22:23 [info] [39m
[32m<<<<<<<<<<<<<<<<<<<<<<<<<<<<<<</user/findUserById?id=3å“åº”ç»“æŸ<<<<<<<<<<<<<<<<<<<<<<<<<<<<<<<<<[39m
[32m  å½“å‰è¯·æ±‚: POST - /user/findUserById?id=3[39m
[32m  IP: ::ffff:127.0.0.1[39m
[32m  å½“å‰ç”¨æˆ·: 'coderixe'[39m
[32m  å“åº”æ—¶é—´ï¼š26ms[39m
[32m  å½“å‰å“åº”ä½“: null[39m
[32m<<<<<<<<<<<<<<<<<<<<<<<<<<<<<<</user/findUserById?id=3å“åº”ç»“æŸ<<<<<<<<<<<<<<<<<<<<<<<<<<<<<<<<<[39m
[32m2022-09-27 22:22:27 [info] [39m
[32m<<<<<<<<<<<<<<<<<<<<<<<<<<<<<<</user/findUserById?id=2å“åº”å¼€å§‹<<<<<<<<<<<<<<<<<<<<<<<<<<<<<<<<<[39m
[32m  å½“å‰ç±»å: UserController[39m
[32m  å½“å‰æ–¹æ³•å: findUser[39m
[32m  å½“å‰è¯·æ±‚: POST - /user/findUserById?id=2[39m
[32m  IP: ::ffff:127.0.0.1[39m
[32m  å½“å‰Paramså‚æ•°: {}[39m
[32m  å½“å‰Queryå‚æ•°: {"id":"2"}[39m
[32m  å½“å‰è¯·æ±‚ä½“: {}[39m
[32m<<<<<<<<<<<<<<<<<<<<<<<<<<<<<<</user/findUserById?id=2å“åº”å¼€å§‹<<<<<<<<<<<<<<<<<<<<<<<<<<<<<<<<<[39m
[32m2022-09-27 22:22:27 [info] æ‰§è¡Œsql:select * from users where `id` = ? | å‚æ•°:["2"][39m
[32m2022-09-27 22:22:27 [info] [39m
[32m<<<<<<<<<<<<<<<<<<<<<<<<<<<<<<</user/findUserById?id=2å“åº”ç»“æŸ<<<<<<<<<<<<<<<<<<<<<<<<<<<<<<<<<[39m
[32m  å½“å‰è¯·æ±‚: POST - /user/findUserById?id=2[39m
[32m  IP: ::ffff:127.0.0.1[39m
[32m  å½“å‰ç”¨æˆ·: 'coderixe'[39m
[32m  å“åº”æ—¶é—´ï¼š27ms[39m
[32m  å½“å‰å“åº”ä½“: {"username":"coderxie","password":"1232134412","sex":"1","age":18,"createDate":1663674972760,"updateDate":1663784629774,"id":2}[39m
[32m<<<<<<<<<<<<<<<<<<<<<<<<<<<<<<</user/findUserById?id=2å“åº”ç»“æŸ<<<<<<<<<<<<<<<<<<<<<<<<<<<<<<<<<[39m
[32m2022-09-27 23:07:43 [info] ### snow has been to starting -- http://localhost:8901/api[39m
[32m2022-09-27 23:12:38 [info] ### snow has been to starting -- http://localhost:8901/api[39m
[32m2022-09-27 23:12:43 [info] [39m
[32m<<<<<<<<<<<<<<<<<<<<<<<<<<<<<<</user/findUserById?id=2å“åº”å¼€å§‹<<<<<<<<<<<<<<<<<<<<<<<<<<<<<<<<<[39m
[32m  å½“å‰ç±»å: UserController[39m
[32m  å½“å‰æ–¹æ³•å: findUser[39m
[32m  å½“å‰è¯·æ±‚: POST - /user/findUserById?id=2[39m
[32m  IP: ::ffff:127.0.0.1[39m
[32m  å½“å‰Paramså‚æ•°: {}[39m
[32m  å½“å‰Queryå‚æ•°: {"id":"2"}[39m
[32m  å½“å‰è¯·æ±‚ä½“: {}[39m
[32m<<<<<<<<<<<<<<<<<<<<<<<<<<<<<<</user/findUserById?id=2å“åº”å¼€å§‹<<<<<<<<<<<<<<<<<<<<<<<<<<<<<<<<<[39m
[32m2022-09-27 23:12:43 [info] æ‰§è¡Œsql:select * from user where `id` = ? | å‚æ•°:["2"][39m
[31m2022-09-27 23:12:43 [error] æ•°æ®åº“é”™è¯¯:Table 'cloud_order.user' doesn't exist[39m
[31m2022-09-27 23:12:43 [error] [39m
[31m<<<<<<<<<<<<<<<<<<<<<<<<<<<<<<<<<<<<<<<<<<<<<<<<<<<<<<<<<<<<<<<<[39m
[31m  é”™è¯¯ä¿¡æ¯: DatabaseError: Table 'cloud_order.user' doesn't exist[39m
[31m  è¯·æ±‚è·¯å¾„: /api/user/findUserById?id=2[39m
[31m  è¯·æ±‚æ–¹æ³•: POST[39m
[31m  IP: ::ffff:127.0.0.1[39m
[31m<<<<<<<<<<<<<<<<<<<<<<<<<<<<<<<<<<<<<<<<<<<<<<<<<<<<<<<<<<<<<<<<[39m
[32m2022-09-27 23:13:00 [info] ### snow has been to starting -- http://localhost:8901/api[39m
[32m2022-09-27 23:13:05 [info] [39m
[32m<<<<<<<<<<<<<<<<<<<<<<<<<<<<<<</user/findUserById?id=2å“åº”å¼€å§‹<<<<<<<<<<<<<<<<<<<<<<<<<<<<<<<<<[39m
[32m  å½“å‰ç±»å: UserController[39m
[32m  å½“å‰æ–¹æ³•å: findUser[39m
[32m  å½“å‰è¯·æ±‚: POST - /user/findUserById?id=2[39m
[32m  IP: ::ffff:127.0.0.1[39m
[32m  å½“å‰Paramså‚æ•°: {}[39m
[32m  å½“å‰Queryå‚æ•°: {"id":"2"}[39m
[32m  å½“å‰è¯·æ±‚ä½“: {}[39m
[32m<<<<<<<<<<<<<<<<<<<<<<<<<<<<<<</user/findUserById?id=2å“åº”å¼€å§‹<<<<<<<<<<<<<<<<<<<<<<<<<<<<<<<<<[39m
[32m2022-09-27 23:13:05 [info] æ‰§è¡Œsql:select * from users where `id` = ? | å‚æ•°:["2"][39m
[32m2022-09-27 23:13:06 [info] [39m
[32m<<<<<<<<<<<<<<<<<<<<<<<<<<<<<<</user/findUserById?id=2å“åº”ç»“æŸ<<<<<<<<<<<<<<<<<<<<<<<<<<<<<<<<<[39m
[32m  å½“å‰è¯·æ±‚: POST - /user/findUserById?id=2[39m
[32m  IP: ::ffff:127.0.0.1[39m
[32m  å½“å‰ç”¨æˆ·: 'coderixe'[39m
[32m  å“åº”æ—¶é—´ï¼š150ms[39m
[32m  å½“å‰å“åº”ä½“: {"username":"coderxie","password":"1232134412","sex":"1","age":18,"createDate":1663674972760,"updateDate":1663784629774,"id":2}[39m
[32m<<<<<<<<<<<<<<<<<<<<<<<<<<<<<<</user/findUserById?id=2å“åº”ç»“æŸ<<<<<<<<<<<<<<<<<<<<<<<<<<<<<<<<<[39m
[32m2022-09-27 23:13:15 [info] [39m
[32m<<<<<<<<<<<<<<<<<<<<<<<<<<<<<<</user/findUserListå“åº”å¼€å§‹<<<<<<<<<<<<<<<<<<<<<<<<<<<<<<<<<[39m
[32m  å½“å‰ç±»å: UserController[39m
[32m  å½“å‰æ–¹æ³•å: findUserList[39m
[32m  å½“å‰è¯·æ±‚: POST - /user/findUserList[39m
[32m  IP: ::ffff:127.0.0.1[39m
[32m  å½“å‰Paramså‚æ•°: {}[39m
[32m  å½“å‰Queryå‚æ•°: {}[39m
[32m  å½“å‰è¯·æ±‚ä½“: {}[39m
[32m<<<<<<<<<<<<<<<<<<<<<<<<<<<<<<</user/findUserListå“åº”å¼€å§‹<<<<<<<<<<<<<<<<<<<<<<<<<<<<<<<<<[39m
[32m2022-09-27 23:13:15 [info] æ‰§è¡Œsql:select * from users order by ?? desc limit ?, ? | å‚æ•°:["ctime",0,10][39m
[31m2022-09-27 23:13:15 [error] æ•°æ®åº“é”™è¯¯:Unknown column 'ctime' in 'order clause'[39m
[31m2022-09-27 23:13:15 [error] [39m
[31m<<<<<<<<<<<<<<<<<<<<<<<<<<<<<<<<<<<<<<<<<<<<<<<<<<<<<<<<<<<<<<<<[39m
[31m  é”™è¯¯ä¿¡æ¯: DatabaseError: Unknown column 'ctime' in 'order clause'[39m
[31m  è¯·æ±‚è·¯å¾„: /api/user/findUserList[39m
[31m  è¯·æ±‚æ–¹æ³•: POST[39m
[31m  IP: ::ffff:127.0.0.1[39m
[31m<<<<<<<<<<<<<<<<<<<<<<<<<<<<<<<<<<<<<<<<<<<<<<<<<<<<<<<<<<<<<<<<[39m
[32m2022-09-27 23:22:07 [info] ### snow has been to starting -- http://localhost:8901/api[39m
[32m2022-09-27 23:44:38 [info] ### snow has been to starting -- http://localhost:8901/api[39m
