[32m2022-10-01 00:25:53 [info] [39m
[32m<<<<<<<<<<<<<<<<<<<<<<<<<<<<<<</accout/changeMoneyå“åº”å¼€å§‹<<<<<<<<<<<<<<<<<<<<<<<<<<<<<<<<<[39m
[32m  å½“å‰ç±»å: AccoutController[39m
[32m  å½“å‰æ–¹æ³•å: changeMoney[39m
[32m  å½“å‰è¯·æ±‚: POST - /accout/changeMoney[39m
[32m  IP: ::1[39m
[32m  å½“å‰Paramså‚æ•°: {}[39m
[32m  å½“å‰Queryå‚æ•°: {}[39m
[32m  å½“å‰è¯·æ±‚ä½“: {"id":"123456","money":156}[39m
[32m<<<<<<<<<<<<<<<<<<<<<<<<<<<<<<</accout/changeMoneyå“åº”å¼€å§‹<<<<<<<<<<<<<<<<<<<<<<<<<<<<<<<<<[39m
[32m2022-10-01 00:25:53 [info] æ‰§è¡Œsql:update iot_shart_account set`pay_money` = ? where `id` = ? | å‚æ•°:[156,"123456"][39m
[32m2022-10-01 00:25:53 [info] [39m
[32m<<<<<<<<<<<<<<<<<<<<<<<<<<<<<<</accout/changeMoneyå“åº”å¼€å§‹<<<<<<<<<<<<<<<<<<<<<<<<<<<<<<<<<[39m
[32m  å½“å‰ç±»å: AccoutController[39m
[32m  å½“å‰æ–¹æ³•å: changeMoney[39m
[32m  å½“å‰è¯·æ±‚: POST - /accout/changeMoney[39m
[32m  IP: ::1[39m
[32m  å½“å‰Paramså‚æ•°: {}[39m
[32m  å½“å‰Queryå‚æ•°: {}[39m
[32m  å½“å‰è¯·æ±‚ä½“: {"id":"123456","money":156}[39m
[32m<<<<<<<<<<<<<<<<<<<<<<<<<<<<<<</accout/changeMoneyå“åº”å¼€å§‹<<<<<<<<<<<<<<<<<<<<<<<<<<<<<<<<<[39m
[32m2022-10-01 00:25:53 [info] æ‰§è¡Œsql:update iot_shart_account set`pay_money` = ? where `id` = ? | å‚æ•°:[156,"123456"][39m
[32m2022-10-01 00:25:53 [info] [39m
[32m<<<<<<<<<<<<<<<<<<<<<<<<<<<<<<</accout/changeMoneyå“åº”ç»“æŸ<<<<<<<<<<<<<<<<<<<<<<<<<<<<<<<<<[39m
[32m  å½“å‰è¯·æ±‚: POST - /accout/changeMoney[39m
[32m  IP: ::1[39m
[32m  å½“å‰ç”¨æˆ·: 'coderixe'[39m
[32m  å“åº”æ—¶é—´ï¼š59ms[39m
[32m  å½“å‰å“åº”ä½“: [{"fieldCount":0,"affectedRows":1,"insertId":0,"info":"Rows matched: 1  Changed: 1  Warnings: 0","serverStatus":2,"warningStatus":0,"changedRows":1},null][39m
[32m<<<<<<<<<<<<<<<<<<<<<<<<<<<<<<</accout/changeMoneyå“åº”ç»“æŸ<<<<<<<<<<<<<<<<<<<<<<<<<<<<<<<<<[39m
[32m2022-10-01 00:25:53 [info] [39m
[32m<<<<<<<<<<<<<<<<<<<<<<<<<<<<<<</accout/getAccoutById?id=123456å“åº”å¼€å§‹<<<<<<<<<<<<<<<<<<<<<<<<<<<<<<<<<[39m
[32m  å½“å‰ç±»å: AccoutController[39m
[32m  å½“å‰æ–¹æ³•å: getAccoutById[39m
[32m  å½“å‰è¯·æ±‚: GET - /accout/getAccoutById?id=123456[39m
[32m  IP: ::1[39m
[32m  å½“å‰Paramså‚æ•°: {}[39m
[32m  å½“å‰Queryå‚æ•°: {"id":"123456"}[39m
[32m  å½“å‰è¯·æ±‚ä½“: {}[39m
[32m<<<<<<<<<<<<<<<<<<<<<<<<<<<<<<</accout/getAccoutById?id=123456å“åº”å¼€å§‹<<<<<<<<<<<<<<<<<<<<<<<<<<<<<<<<<[39m
[32m2022-10-01 00:25:53 [info] æ‰§è¡Œsql:select * from iot_shart_account where `id` = ? | å‚æ•°:["123456"][39m
[32m2022-10-01 00:25:53 [info] [39m
[32m<<<<<<<<<<<<<<<<<<<<<<<<<<<<<<</accout/changeMoneyå“åº”ç»“æŸ<<<<<<<<<<<<<<<<<<<<<<<<<<<<<<<<<[39m
[32m  å½“å‰è¯·æ±‚: POST - /accout/changeMoney[39m
[32m  IP: ::1[39m
[32m  å½“å‰ç”¨æˆ·: 'coderixe'[39m
[32m  å“åº”æ—¶é—´ï¼š58ms[39m
[32m  å½“å‰å“åº”ä½“: [{"fieldCount":0,"affectedRows":1,"insertId":0,"info":"Rows matched: 1  Changed: 0  Warnings: 0","serverStatus":2,"warningStatus":0,"changedRows":0},null][39m
[32m<<<<<<<<<<<<<<<<<<<<<<<<<<<<<<</accout/changeMoneyå“åº”ç»“æŸ<<<<<<<<<<<<<<<<<<<<<<<<<<<<<<<<<[39m
[32m2022-10-01 00:25:53 [info] [39m
[32m<<<<<<<<<<<<<<<<<<<<<<<<<<<<<<</accout/getAccoutById?id=123456å“åº”ç»“æŸ<<<<<<<<<<<<<<<<<<<<<<<<<<<<<<<<<[39m
[32m  å½“å‰è¯·æ±‚: GET - /accout/getAccoutById?id=123456[39m
[32m  IP: ::1[39m
[32m  å½“å‰ç”¨æˆ·: 'coderixe'[39m
[32m  å“åº”æ—¶é—´ï¼š10ms[39m
[32m  å½“å‰å“åº”ä½“: {"id":123456,"user_id":"Tomao","pay_money":156,"ctime":1664281052000}[39m
[32m<<<<<<<<<<<<<<<<<<<<<<<<<<<<<<</accout/getAccoutById?id=123456å“åº”ç»“æŸ<<<<<<<<<<<<<<<<<<<<<<<<<<<<<<<<<[39m
[32m2022-10-01 00:25:53 [info] [39m
[32m<<<<<<<<<<<<<<<<<<<<<<<<<<<<<<</accout/getAccoutById?id=123456å“åº”å¼€å§‹<<<<<<<<<<<<<<<<<<<<<<<<<<<<<<<<<[39m
[32m  å½“å‰ç±»å: AccoutController[39m
[32m  å½“å‰æ–¹æ³•å: getAccoutById[39m
[32m  å½“å‰è¯·æ±‚: GET - /accout/getAccoutById?id=123456[39m
[32m  IP: ::1[39m
[32m  å½“å‰Paramså‚æ•°: {}[39m
[32m  å½“å‰Queryå‚æ•°: {"id":"123456"}[39m
[32m  å½“å‰è¯·æ±‚ä½“: {}[39m
[32m<<<<<<<<<<<<<<<<<<<<<<<<<<<<<<</accout/getAccoutById?id=123456å“åº”å¼€å§‹<<<<<<<<<<<<<<<<<<<<<<<<<<<<<<<<<[39m
[32m2022-10-01 00:25:53 [info] æ‰§è¡Œsql:select * from iot_shart_account where `id` = ? | å‚æ•°:["123456"][39m
[32m2022-10-01 00:25:53 [info] [39m
[32m<<<<<<<<<<<<<<<<<<<<<<<<<<<<<<</accout/getAccoutById?id=123456å“åº”ç»“æŸ<<<<<<<<<<<<<<<<<<<<<<<<<<<<<<<<<[39m
[32m  å½“å‰è¯·æ±‚: GET - /accout/getAccoutById?id=123456[39m
[32m  IP: ::1[39m
[32m  å½“å‰ç”¨æˆ·: 'coderixe'[39m
[32m  å“åº”æ—¶é—´ï¼š4ms[39m
[32m  å½“å‰å“åº”ä½“: {"id":123456,"user_id":"Tomao","pay_money":156,"ctime":1664281052000}[39m
[32m<<<<<<<<<<<<<<<<<<<<<<<<<<<<<<</accout/getAccoutById?id=123456å“åº”ç»“æŸ<<<<<<<<<<<<<<<<<<<<<<<<<<<<<<<<<[39m
[32m2022-10-01 00:25:53 [info] [39m
[32m<<<<<<<<<<<<<<<<<<<<<<<<<<<<<<</accout/changeMoneyå“åº”å¼€å§‹<<<<<<<<<<<<<<<<<<<<<<<<<<<<<<<<<[39m
[32m  å½“å‰ç±»å: AccoutController[39m
[32m  å½“å‰æ–¹æ³•å: changeMoney[39m
[32m  å½“å‰è¯·æ±‚: POST - /accout/changeMoney[39m
[32m  IP: ::1[39m
[32m  å½“å‰Paramså‚æ•°: {}[39m
[32m  å½“å‰Queryå‚æ•°: {}[39m
[32m  å½“å‰è¯·æ±‚ä½“: {"id":"123456","money":157}[39m
[32m<<<<<<<<<<<<<<<<<<<<<<<<<<<<<<</accout/changeMoneyå“åº”å¼€å§‹<<<<<<<<<<<<<<<<<<<<<<<<<<<<<<<<<[39m
[32m2022-10-01 00:25:53 [info] æ‰§è¡Œsql:update iot_shart_account set`pay_money` = ? where `id` = ? | å‚æ•°:[157,"123456"][39m
[32m2022-10-01 00:25:53 [info] [39m
[32m<<<<<<<<<<<<<<<<<<<<<<<<<<<<<<</accout/changeMoneyå“åº”ç»“æŸ<<<<<<<<<<<<<<<<<<<<<<<<<<<<<<<<<[39m
[32m  å½“å‰è¯·æ±‚: POST - /accout/changeMoney[39m
[32m  IP: ::1[39m
[32m  å½“å‰ç”¨æˆ·: 'coderixe'[39m
[32m  å“åº”æ—¶é—´ï¼š12ms[39m
[32m  å½“å‰å“åº”ä½“: [{"fieldCount":0,"affectedRows":1,"insertId":0,"info":"Rows matched: 1  Changed: 1  Warnings: 0","serverStatus":2,"warningStatus":0,"changedRows":1},null][39m
[32m<<<<<<<<<<<<<<<<<<<<<<<<<<<<<<</accout/changeMoneyå“åº”ç»“æŸ<<<<<<<<<<<<<<<<<<<<<<<<<<<<<<<<<[39m
[32m2022-10-01 00:25:53 [info] [39m
[32m<<<<<<<<<<<<<<<<<<<<<<<<<<<<<<</accout/getAccoutById?id=123456å“åº”å¼€å§‹<<<<<<<<<<<<<<<<<<<<<<<<<<<<<<<<<[39m
[32m  å½“å‰ç±»å: AccoutController[39m
[32m  å½“å‰æ–¹æ³•å: getAccoutById[39m
[32m  å½“å‰è¯·æ±‚: GET - /accout/getAccoutById?id=123456[39m
[32m  IP: ::1[39m
[32m  å½“å‰Paramså‚æ•°: {}[39m
[32m  å½“å‰Queryå‚æ•°: {"id":"123456"}[39m
[32m  å½“å‰è¯·æ±‚ä½“: {}[39m
[32m<<<<<<<<<<<<<<<<<<<<<<<<<<<<<<</accout/getAccoutById?id=123456å“åº”å¼€å§‹<<<<<<<<<<<<<<<<<<<<<<<<<<<<<<<<<[39m
[32m2022-10-01 00:25:53 [info] æ‰§è¡Œsql:select * from iot_shart_account where `id` = ? | å‚æ•°:["123456"][39m
[32m2022-10-01 00:25:53 [info] [39m
[32m<<<<<<<<<<<<<<<<<<<<<<<<<<<<<<</accout/getAccoutById?id=123456å“åº”ç»“æŸ<<<<<<<<<<<<<<<<<<<<<<<<<<<<<<<<<[39m
[32m  å½“å‰è¯·æ±‚: GET - /accout/getAccoutById?id=123456[39m
[32m  IP: ::1[39m
[32m  å½“å‰ç”¨æˆ·: 'coderixe'[39m
[32m  å“åº”æ—¶é—´ï¼š2ms[39m
[32m  å½“å‰å“åº”ä½“: {"id":123456,"user_id":"Tomao","pay_money":157,"ctime":1664281052000}[39m
[32m<<<<<<<<<<<<<<<<<<<<<<<<<<<<<<</accout/getAccoutById?id=123456å“åº”ç»“æŸ<<<<<<<<<<<<<<<<<<<<<<<<<<<<<<<<<[39m
[32m2022-10-01 00:25:54 [info] [39m
[32m<<<<<<<<<<<<<<<<<<<<<<<<<<<<<<</accout/changeMoneyå“åº”å¼€å§‹<<<<<<<<<<<<<<<<<<<<<<<<<<<<<<<<<[39m
[32m  å½“å‰ç±»å: AccoutController[39m
[32m  å½“å‰æ–¹æ³•å: changeMoney[39m
[32m  å½“å‰è¯·æ±‚: POST - /accout/changeMoney[39m
[32m  IP: ::1[39m
[32m  å½“å‰Paramså‚æ•°: {}[39m
[32m  å½“å‰Queryå‚æ•°: {}[39m
[32m  å½“å‰è¯·æ±‚ä½“: {"id":"123456","money":158}[39m
[32m<<<<<<<<<<<<<<<<<<<<<<<<<<<<<<</accout/changeMoneyå“åº”å¼€å§‹<<<<<<<<<<<<<<<<<<<<<<<<<<<<<<<<<[39m
[32m2022-10-01 00:25:54 [info] æ‰§è¡Œsql:update iot_shart_account set`pay_money` = ? where `id` = ? | å‚æ•°:[158,"123456"][39m
[32m2022-10-01 00:25:54 [info] [39m
[32m<<<<<<<<<<<<<<<<<<<<<<<<<<<<<<</accout/changeMoneyå“åº”ç»“æŸ<<<<<<<<<<<<<<<<<<<<<<<<<<<<<<<<<[39m
[32m  å½“å‰è¯·æ±‚: POST - /accout/changeMoney[39m
[32m  IP: ::1[39m
[32m  å½“å‰ç”¨æˆ·: 'coderixe'[39m
[32m  å“åº”æ—¶é—´ï¼š5ms[39m
[32m  å½“å‰å“åº”ä½“: [{"fieldCount":0,"affectedRows":1,"insertId":0,"info":"Rows matched: 1  Changed: 1  Warnings: 0","serverStatus":2,"warningStatus":0,"changedRows":1},null][39m
[32m<<<<<<<<<<<<<<<<<<<<<<<<<<<<<<</accout/changeMoneyå“åº”ç»“æŸ<<<<<<<<<<<<<<<<<<<<<<<<<<<<<<<<<[39m
[32m2022-10-01 00:25:54 [info] [39m
[32m<<<<<<<<<<<<<<<<<<<<<<<<<<<<<<</accout/getAccoutById?id=123456å“åº”å¼€å§‹<<<<<<<<<<<<<<<<<<<<<<<<<<<<<<<<<[39m
[32m  å½“å‰ç±»å: AccoutController[39m
[32m  å½“å‰æ–¹æ³•å: getAccoutById[39m
[32m  å½“å‰è¯·æ±‚: GET - /accout/getAccoutById?id=123456[39m
[32m  IP: ::1[39m
[32m  å½“å‰Paramså‚æ•°: {}[39m
[32m  å½“å‰Queryå‚æ•°: {"id":"123456"}[39m
[32m  å½“å‰è¯·æ±‚ä½“: {}[39m
[32m<<<<<<<<<<<<<<<<<<<<<<<<<<<<<<</accout/getAccoutById?id=123456å“åº”å¼€å§‹<<<<<<<<<<<<<<<<<<<<<<<<<<<<<<<<<[39m
[32m2022-10-01 00:25:54 [info] æ‰§è¡Œsql:select * from iot_shart_account where `id` = ? | å‚æ•°:["123456"][39m
[32m2022-10-01 00:25:54 [info] [39m
[32m<<<<<<<<<<<<<<<<<<<<<<<<<<<<<<</accout/getAccoutById?id=123456å“åº”ç»“æŸ<<<<<<<<<<<<<<<<<<<<<<<<<<<<<<<<<[39m
[32m  å½“å‰è¯·æ±‚: GET - /accout/getAccoutById?id=123456[39m
[32m  IP: ::1[39m
[32m  å½“å‰ç”¨æˆ·: 'coderixe'[39m
[32m  å“åº”æ—¶é—´ï¼š16ms[39m
[32m  å½“å‰å“åº”ä½“: {"id":123456,"user_id":"Tomao","pay_money":158,"ctime":1664281052000}[39m
[32m<<<<<<<<<<<<<<<<<<<<<<<<<<<<<<</accout/getAccoutById?id=123456å“åº”ç»“æŸ<<<<<<<<<<<<<<<<<<<<<<<<<<<<<<<<<[39m
[32m2022-10-01 00:25:54 [info] [39m
[32m<<<<<<<<<<<<<<<<<<<<<<<<<<<<<<</accout/changeMoneyå“åº”å¼€å§‹<<<<<<<<<<<<<<<<<<<<<<<<<<<<<<<<<[39m
[32m  å½“å‰ç±»å: AccoutController[39m
[32m  å½“å‰æ–¹æ³•å: changeMoney[39m
[32m  å½“å‰è¯·æ±‚: POST - /accout/changeMoney[39m
[32m  IP: ::1[39m
[32m  å½“å‰Paramså‚æ•°: {}[39m
[32m  å½“å‰Queryå‚æ•°: {}[39m
[32m  å½“å‰è¯·æ±‚ä½“: {"id":"123456","money":159}[39m
[32m<<<<<<<<<<<<<<<<<<<<<<<<<<<<<<</accout/changeMoneyå“åº”å¼€å§‹<<<<<<<<<<<<<<<<<<<<<<<<<<<<<<<<<[39m
[32m2022-10-01 00:25:54 [info] æ‰§è¡Œsql:update iot_shart_account set`pay_money` = ? where `id` = ? | å‚æ•°:[159,"123456"][39m
[32m2022-10-01 00:25:54 [info] [39m
[32m<<<<<<<<<<<<<<<<<<<<<<<<<<<<<<</accout/changeMoneyå“åº”ç»“æŸ<<<<<<<<<<<<<<<<<<<<<<<<<<<<<<<<<[39m
[32m  å½“å‰è¯·æ±‚: POST - /accout/changeMoney[39m
[32m  IP: ::1[39m
[32m  å½“å‰ç”¨æˆ·: 'coderixe'[39m
[32m  å“åº”æ—¶é—´ï¼š7ms[39m
[32m  å½“å‰å“åº”ä½“: [{"fieldCount":0,"affectedRows":1,"insertId":0,"info":"Rows matched: 1  Changed: 1  Warnings: 0","serverStatus":2,"warningStatus":0,"changedRows":1},null][39m
[32m<<<<<<<<<<<<<<<<<<<<<<<<<<<<<<</accout/changeMoneyå“åº”ç»“æŸ<<<<<<<<<<<<<<<<<<<<<<<<<<<<<<<<<[39m
[32m2022-10-01 00:25:54 [info] [39m
[32m<<<<<<<<<<<<<<<<<<<<<<<<<<<<<<</accout/getAccoutById?id=123456å“åº”å¼€å§‹<<<<<<<<<<<<<<<<<<<<<<<<<<<<<<<<<[39m
[32m  å½“å‰ç±»å: AccoutController[39m
[32m  å½“å‰æ–¹æ³•å: getAccoutById[39m
[32m  å½“å‰è¯·æ±‚: GET - /accout/getAccoutById?id=123456[39m
[32m  IP: ::1[39m
[32m  å½“å‰Paramså‚æ•°: {}[39m
[32m  å½“å‰Queryå‚æ•°: {"id":"123456"}[39m
[32m  å½“å‰è¯·æ±‚ä½“: {}[39m
[32m<<<<<<<<<<<<<<<<<<<<<<<<<<<<<<</accout/getAccoutById?id=123456å“åº”å¼€å§‹<<<<<<<<<<<<<<<<<<<<<<<<<<<<<<<<<[39m
[32m2022-10-01 00:25:54 [info] æ‰§è¡Œsql:select * from iot_shart_account where `id` = ? | å‚æ•°:["123456"][39m
[32m2022-10-01 00:25:54 [info] [39m
[32m<<<<<<<<<<<<<<<<<<<<<<<<<<<<<<</accout/getAccoutById?id=123456å“åº”ç»“æŸ<<<<<<<<<<<<<<<<<<<<<<<<<<<<<<<<<[39m
[32m  å½“å‰è¯·æ±‚: GET - /accout/getAccoutById?id=123456[39m
[32m  IP: ::1[39m
[32m  å½“å‰ç”¨æˆ·: 'coderixe'[39m
[32m  å“åº”æ—¶é—´ï¼š3ms[39m
[32m  å½“å‰å“åº”ä½“: {"id":123456,"user_id":"Tomao","pay_money":159,"ctime":1664281052000}[39m
[32m<<<<<<<<<<<<<<<<<<<<<<<<<<<<<<</accout/getAccoutById?id=123456å“åº”ç»“æŸ<<<<<<<<<<<<<<<<<<<<<<<<<<<<<<<<<[39m
[32m2022-10-01 00:48:16 [info] ### snow has been to starting -- http://localhost:8901/api[39m
[32m2022-10-01 00:48:16 [info] ### mqtt connect success -- mqtt://127.0.0.1:1883[39m
