[32m2022-09-22 00:52:48 [info] server is running[39m
[32m2022-09-22 01:04:18 [info] server is running[39m
[32m2022-09-22 01:04:25 [info] æ‰§è¡Œsql:select * from users where `id` = ? | å‚æ•°:["2"][39m
[32m2022-09-22 01:07:55 [info] server is running[39m
[32m2022-09-22 01:08:16 [info] server is running[39m
[32m2022-09-22 01:08:21 [info] server is running[39m
[32m2022-09-22 01:17:00 [info] server is running[39m
[32m2022-09-22 01:17:59 [info] server is running[39m
[32m2022-09-22 01:19:17 [info] server is running[39m
[32m2022-09-22 01:19:55 [info] server is running[39m
[32m2022-09-22 01:20:31 [info] server is running[39m
[32m2022-09-22 01:20:49 [info] server is running[39m
[32m2022-09-22 01:21:03 [info] server is running[39m
[32m2022-09-22 01:22:37 [info] server is running[39m
[32m2022-09-22 01:23:07 [info] server is running[39m
[32m2022-09-22 01:23:27 [info] server is running[39m
[32m2022-09-22 01:24:55 [info] server is running[39m
[32m2022-09-22 01:25:35 [info] server is running[39m
[32m2022-09-22 01:26:15 [info] server is running[39m
[32m2022-09-22 01:27:26 [info] server is running[39m
[32m2022-09-22 01:27:45 [info] server is running[39m
[32m2022-09-22 01:28:13 [info] server is running[39m
[32m2022-09-22 01:29:53 [info] server is running[39m
[32m2022-09-22 01:31:01 [info] server is running[39m
[32m2022-09-22 01:31:08 [info] server is running[39m
[32m2022-09-22 01:41:09 [info] server is running[39m
[32m2022-09-22 01:41:24 [info] server is running[39m
[32m2022-09-22 01:41:27 [info] æ‰§è¡Œsql:select * from users where `id` = ? | å‚æ•°:["2"][39m
[32m2022-09-22 01:42:29 [info] server is running[39m
[32m2022-09-22 01:42:32 [info] <<<<<<<<<<<<<<<<<<<<<<<<<<<<<<</user/findUser?id=2å“åº”å¼€å§‹<<<<<<<<<<<<<<<<<<<<<<<<<<<<<<<<<[39m
[32m  å½“å‰ç±»å: UserController[39m
[32m  å½“å‰æ–¹æ³•å: findUser[39m
[32m  å½“å‰è¯·æ±‚: GET - /user/findUser?id=2[39m
[32m  IP: ::ffff:127.0.0.1[39m
[32m  å½“å‰Paramså‚æ•°: {}[39m
[32m  å½“å‰Queryå‚æ•°: {"id":"2"}[39m
[32m  å½“å‰è¯·æ±‚ä½“: {}[39m
[32m<<<<<<<<<<<<<<<<<<<<<<<<<<<<<<</user/findUser?id=2å“åº”å¼€å§‹<<<<<<<<<<<<<<<<<<<<<<<<<<<<<<<<<[39m
[32m2022-09-22 01:42:32 [info] æ‰§è¡Œsql:select * from users where `id` = ? | å‚æ•°:["2"][39m
[32m2022-09-22 01:42:49 [info] server is running[39m
[32m2022-09-22 01:42:54 [info] [39m
[32m  <<<<<<<<<<<<<<<<<<<<<<<<<<<<<<</user/findUser?id=2å“åº”å¼€å§‹<<<<<<<<<<<<<<<<<<<<<<<<<<<<<<<<<[39m
[32m  å½“å‰ç±»å: UserController[39m
[32m  å½“å‰æ–¹æ³•å: findUser[39m
[32m  å½“å‰è¯·æ±‚: GET - /user/findUser?id=2[39m
[32m  IP: ::ffff:127.0.0.1[39m
[32m  å½“å‰Paramså‚æ•°: {}[39m
[32m  å½“å‰Queryå‚æ•°: {"id":"2"}[39m
[32m  å½“å‰è¯·æ±‚ä½“: {}[39m
[32m<<<<<<<<<<<<<<<<<<<<<<<<<<<<<<</user/findUser?id=2å“åº”å¼€å§‹<<<<<<<<<<<<<<<<<<<<<<<<<<<<<<<<<[39m
[32m2022-09-22 01:42:54 [info] æ‰§è¡Œsql:select * from users where `id` = ? | å‚æ•°:["2"][39m
[32m2022-09-22 01:43:07 [info] server is running[39m
[32m2022-09-22 01:43:09 [info] [39m
[32m<<<<<<<<<<<<<<<<<<<<<<<<<<<<<<</user/findUser?id=2å“åº”å¼€å§‹<<<<<<<<<<<<<<<<<<<<<<<<<<<<<<<<<[39m
[32m  å½“å‰ç±»å: UserController[39m
[32m  å½“å‰æ–¹æ³•å: findUser[39m
[32m  å½“å‰è¯·æ±‚: GET - /user/findUser?id=2[39m
[32m  IP: ::ffff:127.0.0.1[39m
[32m  å½“å‰Paramså‚æ•°: {}[39m
[32m  å½“å‰Queryå‚æ•°: {"id":"2"}[39m
[32m  å½“å‰è¯·æ±‚ä½“: {}[39m
[32m<<<<<<<<<<<<<<<<<<<<<<<<<<<<<<</user/findUser?id=2å“åº”å¼€å§‹<<<<<<<<<<<<<<<<<<<<<<<<<<<<<<<<<[39m
[32m2022-09-22 01:43:09 [info] æ‰§è¡Œsql:select * from users where `id` = ? | å‚æ•°:["2"][39m
[32m2022-09-22 01:46:24 [info] server is running[39m
[32m2022-09-22 01:46:30 [info] server is running[39m
[32m2022-09-22 01:47:38 [info] server is running[39m
[32m2022-09-22 01:47:42 [info] server is running[39m
[32m2022-09-22 01:47:45 [info] [39m
[32m<<<<<<<<<<<<<<<<<<<<<<<<<<<<<<</user/findUser?id=2å“åº”å¼€å§‹<<<<<<<<<<<<<<<<<<<<<<<<<<<<<<<<<[39m
[32m  å½“å‰ç±»å: UserController[39m
[32m  å½“å‰æ–¹æ³•å: findUser[39m
[32m  å½“å‰è¯·æ±‚: GET - /user/findUser?id=2[39m
[32m  IP: ::ffff:127.0.0.1[39m
[32m  å½“å‰Paramså‚æ•°: {}[39m
[32m  å½“å‰Queryå‚æ•°: {"id":"2"}[39m
[32m  å½“å‰è¯·æ±‚ä½“: {}[39m
[32m<<<<<<<<<<<<<<<<<<<<<<<<<<<<<<</user/findUser?id=2å“åº”å¼€å§‹<<<<<<<<<<<<<<<<<<<<<<<<<<<<<<<<<[39m
[32m2022-09-22 01:47:45 [info] æ‰§è¡Œsql:select * from users where `id` = ? | å‚æ•°:["2"][39m
[32m2022-09-22 01:47:46 [info] [39m
[32m<<<<<<<<<<<<<<<<<<<<<<<<<<<<<<</user/findUser?id=2å“åº”ç»“æŸ<<<<<<<<<<<<<<<<<<<<<<<<<<<<<<<<<[39m
[32m  å½“å‰è¯·æ±‚: GET - /user/findUser?id=2[39m
[32m  IP: ::ffff:127.0.0.1[39m
[32m  å½“å‰ç”¨æˆ·: 'coderixe'[39m
[32m  å“åº”æ—¶é—´ï¼š141ms[39m
[32m  å½“å‰å“åº”ä½“: [{"username":"coderxie","password":"123","sex":"1","age":18,"createDate":1663674972760,"updateDate":1663674972760,"id":2}][39m
[32m<<<<<<<<<<<<<<<<<<<<<<<<<<<<<<</user/findUser?id=2å“åº”ç»“æŸ<<<<<<<<<<<<<<<<<<<<<<<<<<<<<<<<<[39m
[32m2022-09-22 01:50:50 [info] server is running[39m
[32m2022-09-22 01:50:54 [info] server is running[39m
[32m2022-09-22 01:51:00 [info] server is running[39m
[32m2022-09-22 01:51:05 [info] server is running[39m
[32m2022-09-22 01:51:38 [info] server is running[39m
[32m2022-09-22 01:51:47 [info] server is running[39m
[32m2022-09-22 01:52:10 [info] server is running[39m
[32m2022-09-22 01:52:46 [info] server is running[39m
[32m2022-09-22 01:52:55 [info] server is running[39m
[32m2022-09-22 01:52:57 [info] [39m
[32m<<<<<<<<<<<<<<<<<<<<<<<<<<<<<<</user/findUser?id=2å“åº”å¼€å§‹<<<<<<<<<<<<<<<<<<<<<<<<<<<<<<<<<[39m
[32m  å½“å‰ç±»å: UserController[39m
[32m  å½“å‰æ–¹æ³•å: findUser[39m
[32m  å½“å‰è¯·æ±‚: GET - /user/findUser?id=2[39m
[32m  IP: ::ffff:127.0.0.1[39m
[32m  å½“å‰Paramså‚æ•°: {}[39m
[32m  å½“å‰Queryå‚æ•°: {"id":"2"}[39m
[32m  å½“å‰è¯·æ±‚ä½“: {}[39m
[32m<<<<<<<<<<<<<<<<<<<<<<<<<<<<<<</user/findUser?id=2å“åº”å¼€å§‹<<<<<<<<<<<<<<<<<<<<<<<<<<<<<<<<<[39m
[31m2022-09-22 01:52:57 [error] [39m
[31m<<<<<<<<<<<<<<<<<<<<<<<<<<<<<<<<<<<<<<<<<<<<<<<<<<<<<<<<<<<<<<<<[39m
[31m  é”™è¯¯ä¿¡æ¯: æµ‹è¯•é”™è¯¯[39m
[31m  è¯·æ±‚è·¯å¾„: /api/user/findUser?id=2[39m
[31m  è¯·æ±‚æ–¹æ³•: GET[39m
[31m  IP: ::ffff:127.0.0.1[39m
[31m<<<<<<<<<<<<<<<<<<<<<<<<<<<<<<<<<<<<<<<<<<<<<<<<<<<<<<<<<<<<<<<<[39m
[32m2022-09-22 01:54:05 [info] server is running[39m
[32m2022-09-22 01:54:07 [info] [39m
[32m<<<<<<<<<<<<<<<<<<<<<<<<<<<<<<</user/findUser?id=2å“åº”å¼€å§‹<<<<<<<<<<<<<<<<<<<<<<<<<<<<<<<<<[39m
[32m  å½“å‰ç±»å: UserController[39m
[32m  å½“å‰æ–¹æ³•å: findUser[39m
[32m  å½“å‰è¯·æ±‚: GET - /user/findUser?id=2[39m
[32m  IP: ::ffff:127.0.0.1[39m
[32m  å½“å‰Paramså‚æ•°: {}[39m
[32m  å½“å‰Queryå‚æ•°: {"id":"2"}[39m
[32m  å½“å‰è¯·æ±‚ä½“: {}[39m
[32m<<<<<<<<<<<<<<<<<<<<<<<<<<<<<<</user/findUser?id=2å“åº”å¼€å§‹<<<<<<<<<<<<<<<<<<<<<<<<<<<<<<<<<[39m
[31m2022-09-22 01:54:07 [error] [39m
[31m<<<<<<<<<<<<<<<<<<<<<<<<<<<<<<<<<<<<<<<<<<<<<<<<<<<<<<<<<<<<<<<<[39m
[31m  é”™è¯¯ä¿¡æ¯: {}[39m
[31m  è¯·æ±‚è·¯å¾„: /api/user/findUser?id=2[39m
[31m  è¯·æ±‚æ–¹æ³•: GET[39m
[31m  IP: ::ffff:127.0.0.1[39m
[31m<<<<<<<<<<<<<<<<<<<<<<<<<<<<<<<<<<<<<<<<<<<<<<<<<<<<<<<<<<<<<<<<[39m
[32m2022-09-22 01:54:33 [info] server is running[39m
[32m2022-09-22 01:54:39 [info] [39m
[32m<<<<<<<<<<<<<<<<<<<<<<<<<<<<<<</user/findUser?id=2å“åº”å¼€å§‹<<<<<<<<<<<<<<<<<<<<<<<<<<<<<<<<<[39m
[32m  å½“å‰ç±»å: UserController[39m
[32m  å½“å‰æ–¹æ³•å: findUser[39m
[32m  å½“å‰è¯·æ±‚: GET - /user/findUser?id=2[39m
[32m  IP: ::ffff:127.0.0.1[39m
[32m  å½“å‰Paramså‚æ•°: {}[39m
[32m  å½“å‰Queryå‚æ•°: {"id":"2"}[39m
[32m  å½“å‰è¯·æ±‚ä½“: {}[39m
[32m<<<<<<<<<<<<<<<<<<<<<<<<<<<<<<</user/findUser?id=2å“åº”å¼€å§‹<<<<<<<<<<<<<<<<<<<<<<<<<<<<<<<<<[39m
[31m2022-09-22 01:54:39 [error] [39m
[31m<<<<<<<<<<<<<<<<<<<<<<<<<<<<<<<<<<<<<<<<<<<<<<<<<<<<<<<<<<<<<<<<[39m
[31m  é”™è¯¯ä¿¡æ¯: Error: æµ‹è¯•é”™è¯¯[39m
[31m  è¯·æ±‚è·¯å¾„: /api/user/findUser?id=2[39m
[31m  è¯·æ±‚æ–¹æ³•: GET[39m
[31m  IP: ::ffff:127.0.0.1[39m
[31m<<<<<<<<<<<<<<<<<<<<<<<<<<<<<<<<<<<<<<<<<<<<<<<<<<<<<<<<<<<<<<<<[39m
[32m2022-09-22 01:54:41 [info] [39m
[32m<<<<<<<<<<<<<<<<<<<<<<<<<<<<<<</user/findUser?id=2å“åº”å¼€å§‹<<<<<<<<<<<<<<<<<<<<<<<<<<<<<<<<<[39m
[32m  å½“å‰ç±»å: UserController[39m
[32m  å½“å‰æ–¹æ³•å: findUser[39m
[32m  å½“å‰è¯·æ±‚: GET - /user/findUser?id=2[39m
[32m  IP: ::ffff:127.0.0.1[39m
[32m  å½“å‰Paramså‚æ•°: {}[39m
[32m  å½“å‰Queryå‚æ•°: {"id":"2"}[39m
[32m  å½“å‰è¯·æ±‚ä½“: {}[39m
[32m<<<<<<<<<<<<<<<<<<<<<<<<<<<<<<</user/findUser?id=2å“åº”å¼€å§‹<<<<<<<<<<<<<<<<<<<<<<<<<<<<<<<<<[39m
[31m2022-09-22 01:54:41 [error] [39m
[31m<<<<<<<<<<<<<<<<<<<<<<<<<<<<<<<<<<<<<<<<<<<<<<<<<<<<<<<<<<<<<<<<[39m
[31m  é”™è¯¯ä¿¡æ¯: Error: æµ‹è¯•é”™è¯¯[39m
[31m  è¯·æ±‚è·¯å¾„: /api/user/findUser?id=2[39m
[31m  è¯·æ±‚æ–¹æ³•: GET[39m
[31m  IP: ::ffff:127.0.0.1[39m
[31m<<<<<<<<<<<<<<<<<<<<<<<<<<<<<<<<<<<<<<<<<<<<<<<<<<<<<<<<<<<<<<<<[39m
[32m2022-09-22 01:54:58 [info] server is running[39m
[32m2022-09-22 01:55:25 [info] server is running[39m
[32m2022-09-22 01:55:28 [info] [39m
[32m<<<<<<<<<<<<<<<<<<<<<<<<<<<<<<</user/findUser?id=2å“åº”å¼€å§‹<<<<<<<<<<<<<<<<<<<<<<<<<<<<<<<<<[39m
[32m  å½“å‰ç±»å: UserController[39m
[32m  å½“å‰æ–¹æ³•å: findUser[39m
[32m  å½“å‰è¯·æ±‚: GET - /user/findUser?id=2[39m
[32m  IP: ::ffff:127.0.0.1[39m
[32m  å½“å‰Paramså‚æ•°: {}[39m
[32m  å½“å‰Queryå‚æ•°: {"id":"2"}[39m
[32m  å½“å‰è¯·æ±‚ä½“: {}[39m
[32m<<<<<<<<<<<<<<<<<<<<<<<<<<<<<<</user/findUser?id=2å“åº”å¼€å§‹<<<<<<<<<<<<<<<<<<<<<<<<<<<<<<<<<[39m
[31m2022-09-22 01:55:28 [error] [39m
[31m<<<<<<<<<<<<<<<<<<<<<<<<<<<<<<<<<<<<<<<<<<<<<<<<<<<<<<<<<<<<<<<<[39m
[31m  é”™è¯¯ä¿¡æ¯: Error: æµ‹è¯•é”™è¯¯[39m
[31m  è¯·æ±‚è·¯å¾„: /api/user/findUser?id=2[39m
[31m  è¯·æ±‚æ–¹æ³•: GET[39m
[31m  IP: ::ffff:127.0.0.1[39m
[31m<<<<<<<<<<<<<<<<<<<<<<<<<<<<<<<<<<<<<<<<<<<<<<<<<<<<<<<<<<<<<<<<[39m
[32m2022-09-22 01:55:49 [info] server is running[39m
[32m2022-09-22 01:55:53 [info] [39m
[32m<<<<<<<<<<<<<<<<<<<<<<<<<<<<<<</user/findUser?id=2å“åº”å¼€å§‹<<<<<<<<<<<<<<<<<<<<<<<<<<<<<<<<<[39m
[32m  å½“å‰ç±»å: UserController[39m
[32m  å½“å‰æ–¹æ³•å: findUser[39m
[32m  å½“å‰è¯·æ±‚: GET - /user/findUser?id=2[39m
[32m  IP: ::ffff:127.0.0.1[39m
[32m  å½“å‰Paramså‚æ•°: {}[39m
[32m  å½“å‰Queryå‚æ•°: {"id":"2"}[39m
[32m  å½“å‰è¯·æ±‚ä½“: {}[39m
[32m<<<<<<<<<<<<<<<<<<<<<<<<<<<<<<</user/findUser?id=2å“åº”å¼€å§‹<<<<<<<<<<<<<<<<<<<<<<<<<<<<<<<<<[39m
[31m2022-09-22 01:55:53 [error] [39m
[31m<<<<<<<<<<<<<<<<<<<<<<<<<<<<<<<<<<<<<<<<<<<<<<<<<<<<<<<<<<<<<<<<[39m
[31m  é”™è¯¯ä¿¡æ¯: Error: æµ‹è¯•é”™è¯¯[39m
[31m  è¯·æ±‚è·¯å¾„: /api/user/findUser?id=2[39m
[31m  è¯·æ±‚æ–¹æ³•: GET[39m
[31m  IP: ::ffff:127.0.0.1[39m
[31m<<<<<<<<<<<<<<<<<<<<<<<<<<<<<<<<<<<<<<<<<<<<<<<<<<<<<<<<<<<<<<<<[39m
[32m2022-09-22 02:07:33 [info] server is running[39m
[32m2022-09-22 02:08:36 [info] [39m
[32m<<<<<<<<<<<<<<<<<<<<<<<<<<<<<<</user/findUser?id=2å“åº”å¼€å§‹<<<<<<<<<<<<<<<<<<<<<<<<<<<<<<<<<[39m
[32m  å½“å‰ç±»å: UserController[39m
[32m  å½“å‰æ–¹æ³•å: findUser[39m
[32m  å½“å‰è¯·æ±‚: GET - /user/findUser?id=2[39m
[32m  IP: ::ffff:127.0.0.1[39m
[32m  å½“å‰Paramså‚æ•°: {}[39m
[32m  å½“å‰Queryå‚æ•°: {"id":"2"}[39m
[32m  å½“å‰è¯·æ±‚ä½“: {}[39m
[32m<<<<<<<<<<<<<<<<<<<<<<<<<<<<<<</user/findUser?id=2å“åº”å¼€å§‹<<<<<<<<<<<<<<<<<<<<<<<<<<<<<<<<<[39m
[31m2022-09-22 02:08:36 [error] [39m
[31m<<<<<<<<<<<<<<<<<<<<<<<<<<<<<<<<<<<<<<<<<<<<<<<<<<<<<<<<<<<<<<<<[39m
[31m  é”™è¯¯ä¿¡æ¯: Error: æµ‹è¯•é”™è¯¯[39m
[31m  è¯·æ±‚è·¯å¾„: /api/user/findUser?id=2[39m
[31m  è¯·æ±‚æ–¹æ³•: GET[39m
[31m  IP: ::ffff:127.0.0.1[39m
[31m<<<<<<<<<<<<<<<<<<<<<<<<<<<<<<<<<<<<<<<<<<<<<<<<<<<<<<<<<<<<<<<<[39m
[32m2022-09-22 02:09:01 [info] server is running[39m
[32m2022-09-22 02:09:03 [info] [39m
[32m<<<<<<<<<<<<<<<<<<<<<<<<<<<<<<</user/findUser?id=2å“åº”å¼€å§‹<<<<<<<<<<<<<<<<<<<<<<<<<<<<<<<<<[39m
[32m  å½“å‰ç±»å: UserController[39m
[32m  å½“å‰æ–¹æ³•å: findUser[39m
[32m  å½“å‰è¯·æ±‚: GET - /user/findUser?id=2[39m
[32m  IP: ::ffff:127.0.0.1[39m
[32m  å½“å‰Paramså‚æ•°: {}[39m
[32m  å½“å‰Queryå‚æ•°: {"id":"2"}[39m
[32m  å½“å‰è¯·æ±‚ä½“: {}[39m
[32m<<<<<<<<<<<<<<<<<<<<<<<<<<<<<<</user/findUser?id=2å“åº”å¼€å§‹<<<<<<<<<<<<<<<<<<<<<<<<<<<<<<<<<[39m
[31m2022-09-22 02:09:03 [error] [39m
[31m<<<<<<<<<<<<<<<<<<<<<<<<<<<<<<<<<<<<<<<<<<<<<<<<<<<<<<<<<<<<<<<<[39m
[31m  é”™è¯¯ä¿¡æ¯: Error: æµ‹è¯•é”™è¯¯[39m
[31m  è¯·æ±‚è·¯å¾„: /api/user/findUser?id=2[39m
[31m  è¯·æ±‚æ–¹æ³•: GET[39m
[31m  IP: ::ffff:127.0.0.1[39m
[31m<<<<<<<<<<<<<<<<<<<<<<<<<<<<<<<<<<<<<<<<<<<<<<<<<<<<<<<<<<<<<<<<[39m
[32m2022-09-22 02:11:29 [info] server is running[39m
[32m2022-09-22 02:12:03 [info] server is running[39m
[32m2022-09-22 02:12:34 [info] server is running[39m
[32m2022-09-22 02:13:23 [info] server is running[39m
[32m2022-09-22 02:13:25 [info] server is running[39m
[32m2022-09-22 02:13:29 [info] [39m
[32m<<<<<<<<<<<<<<<<<<<<<<<<<<<<<<</user/findUser?id=2å“åº”å¼€å§‹<<<<<<<<<<<<<<<<<<<<<<<<<<<<<<<<<[39m
[32m  å½“å‰ç±»å: UserController[39m
[32m  å½“å‰æ–¹æ³•å: findUser[39m
[32m  å½“å‰è¯·æ±‚: GET - /user/findUser?id=2[39m
[32m  IP: ::ffff:127.0.0.1[39m
[32m  å½“å‰Paramså‚æ•°: {}[39m
[32m  å½“å‰Queryå‚æ•°: {"id":"2"}[39m
[32m  å½“å‰è¯·æ±‚ä½“: {}[39m
[32m<<<<<<<<<<<<<<<<<<<<<<<<<<<<<<</user/findUser?id=2å“åº”å¼€å§‹<<<<<<<<<<<<<<<<<<<<<<<<<<<<<<<<<[39m
[32m2022-09-22 02:13:29 [info] æ‰§è¡Œsql:select * from users where `id` = ? | å‚æ•°:["2"][39m
[32m2022-09-22 02:13:29 [info] [39m
[32m<<<<<<<<<<<<<<<<<<<<<<<<<<<<<<</user/findUser?id=2å“åº”ç»“æŸ<<<<<<<<<<<<<<<<<<<<<<<<<<<<<<<<<[39m
[32m  å½“å‰è¯·æ±‚: GET - /user/findUser?id=2[39m
[32m  IP: ::ffff:127.0.0.1[39m
[32m  å½“å‰ç”¨æˆ·: 'coderixe'[39m
[32m  å“åº”æ—¶é—´ï¼š179ms[39m
[32m  å½“å‰å“åº”ä½“: [{"username":"coderxie","password":"123","sex":"1","age":18,"createDate":1663674972760,"updateDate":1663674972760,"id":2}][39m
[32m<<<<<<<<<<<<<<<<<<<<<<<<<<<<<<</user/findUser?id=2å“åº”ç»“æŸ<<<<<<<<<<<<<<<<<<<<<<<<<<<<<<<<<[39m
[32m2022-09-22 02:14:52 [info] server is running[39m
[32m2022-09-22 02:15:28 [info] server is running[39m
[32m2022-09-22 02:16:31 [info] server is running[39m
[32m2022-09-22 02:19:39 [info] server is running[39m
[32m2022-09-22 02:21:58 [info] server is running[39m
[32m2022-09-22 02:22:07 [info] server is running[39m
[32m2022-09-22 02:22:37 [info] server is running[39m
[32m2022-09-22 02:22:50 [info] [39m
[32m<<<<<<<<<<<<<<<<<<<<<<<<<<<<<<</user/findUser?id=2å“åº”å¼€å§‹<<<<<<<<<<<<<<<<<<<<<<<<<<<<<<<<<[39m
[32m  å½“å‰ç±»å: UserController[39m
[32m  å½“å‰æ–¹æ³•å: findUser[39m
[32m  å½“å‰è¯·æ±‚: GET - /user/findUser?id=2[39m
[32m  IP: ::ffff:127.0.0.1[39m
[32m  å½“å‰Paramså‚æ•°: {}[39m
[32m  å½“å‰Queryå‚æ•°: {"id":"2"}[39m
[32m  å½“å‰è¯·æ±‚ä½“: {}[39m
[32m<<<<<<<<<<<<<<<<<<<<<<<<<<<<<<</user/findUser?id=2å“åº”å¼€å§‹<<<<<<<<<<<<<<<<<<<<<<<<<<<<<<<<<[39m
[32m2022-09-22 02:22:50 [info] æ‰§è¡Œsql:select * from users where `id` = ? | å‚æ•°:["2"][39m
[32m2022-09-22 02:22:51 [info] [39m
[32m<<<<<<<<<<<<<<<<<<<<<<<<<<<<<<</user/findUser?id=2å“åº”ç»“æŸ<<<<<<<<<<<<<<<<<<<<<<<<<<<<<<<<<[39m
[32m  å½“å‰è¯·æ±‚: GET - /user/findUser?id=2[39m
[32m  IP: ::ffff:127.0.0.1[39m
[32m  å½“å‰ç”¨æˆ·: 'coderixe'[39m
[32m  å“åº”æ—¶é—´ï¼š146ms[39m
[32m  å½“å‰å“åº”ä½“: [{"username":"coderxie","password":"123","sex":"1","age":18,"createDate":1663674972760,"updateDate":1663674972760,"id":2}][39m
[32m<<<<<<<<<<<<<<<<<<<<<<<<<<<<<<</user/findUser?id=2å“åº”ç»“æŸ<<<<<<<<<<<<<<<<<<<<<<<<<<<<<<<<<[39m
[32m2022-09-22 02:23:11 [info] server is running[39m
[32m2022-09-22 02:23:21 [info] server is running[39m
[32m2022-09-22 02:23:42 [info] server is running[39m
[32m2022-09-22 02:23:49 [info] [39m
[32m<<<<<<<<<<<<<<<<<<<<<<<<<<<<<<</user/editUserå“åº”å¼€å§‹<<<<<<<<<<<<<<<<<<<<<<<<<<<<<<<<<[39m
[32m  å½“å‰ç±»å: UserController[39m
[32m  å½“å‰æ–¹æ³•å: editUser[39m
[32m  å½“å‰è¯·æ±‚: POST - /user/editUser[39m
[32m  IP: ::ffff:127.0.0.1[39m
[32m  å½“å‰Paramså‚æ•°: {}[39m
[32m  å½“å‰Queryå‚æ•°: {}[39m
[32m  å½“å‰è¯·æ±‚ä½“: {"id":2,"password":"1232134412"}[39m
[32m<<<<<<<<<<<<<<<<<<<<<<<<<<<<<<</user/editUserå“åº”å¼€å§‹<<<<<<<<<<<<<<<<<<<<<<<<<<<<<<<<<[39m
[32m2022-09-22 02:23:49 [info] æ‰§è¡Œsql:update users set`password` = ? where `id` = ? | å‚æ•°:["1232134412",2][39m
[32m2022-09-22 02:23:49 [info] [39m
[32m<<<<<<<<<<<<<<<<<<<<<<<<<<<<<<</user/editUserå“åº”ç»“æŸ<<<<<<<<<<<<<<<<<<<<<<<<<<<<<<<<<[39m
[32m  å½“å‰è¯·æ±‚: POST - /user/editUser[39m
[32m  IP: ::ffff:127.0.0.1[39m
[32m  å½“å‰ç”¨æˆ·: 'coderixe'[39m
[32m  å“åº”æ—¶é—´ï¼š156ms[39m
[32m  å½“å‰å“åº”ä½“: [{"fieldCount":0,"affectedRows":1,"insertId":0,"info":"(Rows matched: 1  Changed: 1  Warnings: 0","serverStatus":2,"warningStatus":0,"changedRows":1},null][39m
[32m<<<<<<<<<<<<<<<<<<<<<<<<<<<<<<</user/editUserå“åº”ç»“æŸ<<<<<<<<<<<<<<<<<<<<<<<<<<<<<<<<<[39m
[32m2022-09-22 02:24:12 [info] [39m
[32m<<<<<<<<<<<<<<<<<<<<<<<<<<<<<<</user/findUser?id=2å“åº”å¼€å§‹<<<<<<<<<<<<<<<<<<<<<<<<<<<<<<<<<[39m
[32m  å½“å‰ç±»å: UserController[39m
[32m  å½“å‰æ–¹æ³•å: findUser[39m
[32m  å½“å‰è¯·æ±‚: GET - /user/findUser?id=2[39m
[32m  IP: ::ffff:127.0.0.1[39m
[32m  å½“å‰Paramså‚æ•°: {}[39m
[32m  å½“å‰Queryå‚æ•°: {"id":"2"}[39m
[32m  å½“å‰è¯·æ±‚ä½“: {}[39m
[32m<<<<<<<<<<<<<<<<<<<<<<<<<<<<<<</user/findUser?id=2å“åº”å¼€å§‹<<<<<<<<<<<<<<<<<<<<<<<<<<<<<<<<<[39m
[32m2022-09-22 02:24:12 [info] æ‰§è¡Œsql:select * from users where `id` = ? | å‚æ•°:["2"][39m
[32m2022-09-22 02:24:12 [info] [39m
[32m<<<<<<<<<<<<<<<<<<<<<<<<<<<<<<</user/findUser?id=2å“åº”ç»“æŸ<<<<<<<<<<<<<<<<<<<<<<<<<<<<<<<<<[39m
[32m  å½“å‰è¯·æ±‚: GET - /user/findUser?id=2[39m
[32m  IP: ::ffff:127.0.0.1[39m
[32m  å½“å‰ç”¨æˆ·: 'coderixe'[39m
[32m  å“åº”æ—¶é—´ï¼š48ms[39m
[32m  å½“å‰å“åº”ä½“: [{"username":"coderxie","password":"1232134412","sex":"1","age":18,"createDate":1663674972760,"updateDate":1663784629774,"id":2}][39m
[32m<<<<<<<<<<<<<<<<<<<<<<<<<<<<<<</user/findUser?id=2å“åº”ç»“æŸ<<<<<<<<<<<<<<<<<<<<<<<<<<<<<<<<<[39m
[32m2022-09-22 02:25:47 [info] server is running[39m
[32m2022-09-22 02:28:24 [info] server is running[39m
[32m2022-09-22 02:28:59 [info] server is running[39m
