[32m2022-09-21 20:59:40 [info] server is running[39m
[32m2022-09-21 21:00:05 [info] server is running[39m
[32m2022-09-21 21:00:16 [info] server is running[39m
[32m2022-09-21 21:01:27 [info] server is running[39m
[32m2022-09-21 21:18:09 [info] server is running[39m
[32m2022-09-21 21:18:23 [info] server is running[39m
[31m2022-09-21 21:18:51 [error] Cannot read property 'select' of undefined[39m
[32m2022-09-21 21:19:11 [info] server is running[39m
[31m2022-09-21 21:19:15 [error] Cannot read property 'select' of undefined[39m
[32m2022-09-21 21:19:34 [info] server is running[39m
[31m2022-09-21 21:19:37 [error] target is not a constructor[39m
[32m2022-09-21 21:20:08 [info] server is running[39m
[31m2022-09-21 21:20:12 [error] target is not a constructor[39m
[32m2022-09-21 21:21:12 [info] server is running[39m
[32m2022-09-21 21:22:30 [info] server is running[39m
[32m2022-09-21 21:22:44 [info] server is running[39m
[32m2022-09-21 21:58:23 [info] server is running[39m
[32m2022-09-21 21:58:30 [info] æ‰§è¡Œsql:select * from users where `id` = ? | å‚æ•°:["2"][39m
[32m2022-09-21 21:58:30 [info] [{"username":"coderxie","password":"123","sex":"1","age":18,"createDate":1663674972760,"updateDate":1663674972760,"id":2}][39m
[32m2022-09-21 22:00:28 [info] server is running[39m
[32m2022-09-21 22:10:07 [info] server is running[39m
[32m2022-09-21 22:10:21 [info] server is running[39m
[32m2022-09-21 22:10:38 [info] server is running[39m
[32m2022-09-21 22:11:03 [info] server is running[39m
[32m2022-09-21 22:11:12 [info] server is running[39m
[32m2022-09-21 22:34:53 [info] server is running[39m
[32m2022-09-21 22:36:20 [info] server is running[39m
[32m2022-09-21 22:36:22 [info] server is running[39m
[32m2022-09-21 22:37:27 [info] server is running[39m
[32m2022-09-21 22:37:35 [info] æ‰§è¡Œsql:select * from users where `id` = ? | å‚æ•°:["2"][39m
[32m2022-09-21 22:37:35 [info] [{"username":"coderxie","password":"123","sex":"1","age":18,"createDate":1663674972760,"updateDate":1663674972760,"id":2}][39m
