[32m2022-09-26 19:37:54 [info] ### snow has been to starting -- http://localhost:8901/api[39m
[32m2022-09-26 19:38:57 [info] [39m
[32m<<<<<<<<<<<<<<<<<<<<<<<<<<<<<<</user/findUserById?id=2å“åº”å¼€å§‹<<<<<<<<<<<<<<<<<<<<<<<<<<<<<<<<<[39m
[32m  å½“å‰ç±»å: UserController[39m
[32m  å½“å‰æ–¹æ³•å: findUser[39m
[32m  å½“å‰è¯·æ±‚: GET - /user/findUserById?id=2[39m
[32m  IP: ::ffff:127.0.0.1[39m
[32m  å½“å‰Paramså‚æ•°: {}[39m
[32m  å½“å‰Queryå‚æ•°: {"id":"2"}[39m
[32m  å½“å‰è¯·æ±‚ä½“: {}[39m
[32m<<<<<<<<<<<<<<<<<<<<<<<<<<<<<<</user/findUserById?id=2å“åº”å¼€å§‹<<<<<<<<<<<<<<<<<<<<<<<<<<<<<<<<<[39m
[32m2022-09-26 19:38:57 [info] æ‰§è¡Œsql:select * from users order by ?? desc | å‚æ•°:["id"][39m
[32m2022-09-26 19:38:57 [info] [39m
[32m<<<<<<<<<<<<<<<<<<<<<<<<<<<<<<</user/findUserById?id=2å“åº”ç»“æŸ<<<<<<<<<<<<<<<<<<<<<<<<<<<<<<<<<[39m
[32m  å½“å‰è¯·æ±‚: GET - /user/findUserById?id=2[39m
[32m  IP: ::ffff:127.0.0.1[39m
[32m  å½“å‰ç”¨æˆ·: 'coderixe'[39m
[32m  å“åº”æ—¶é—´ï¼š160ms[39m
[32m  å½“å‰å“åº”ä½“: [{"username":"coderxie","password":"1232134412","sex":"1","age":18,"createDate":1663674972760,"updateDate":1663784629774,"id":2},{"username":"18973835153","password":"123456789123123","sex":"1","age":12,"createDate":1659785940599,"updateDate":1659785940599,"id":1}][39m
[32m<<<<<<<<<<<<<<<<<<<<<<<<<<<<<<</user/findUserById?id=2å“åº”ç»“æŸ<<<<<<<<<<<<<<<<<<<<<<<<<<<<<<<<<[39m
[32m2022-09-26 19:39:29 [info] ### snow has been to starting -- http://localhost:8901/api[39m
[32m2022-09-26 19:39:31 [info] [39m
[32m<<<<<<<<<<<<<<<<<<<<<<<<<<<<<<</user/findUserById?id=2å“åº”å¼€å§‹<<<<<<<<<<<<<<<<<<<<<<<<<<<<<<<<<[39m
[32m  å½“å‰ç±»å: UserController[39m
[32m  å½“å‰æ–¹æ³•å: findUser[39m
[32m  å½“å‰è¯·æ±‚: GET - /user/findUserById?id=2[39m
[32m  IP: ::ffff:127.0.0.1[39m
[32m  å½“å‰Paramså‚æ•°: {}[39m
[32m  å½“å‰Queryå‚æ•°: {"id":"2"}[39m
[32m  å½“å‰è¯·æ±‚ä½“: {}[39m
[32m<<<<<<<<<<<<<<<<<<<<<<<<<<<<<<</user/findUserById?id=2å“åº”å¼€å§‹<<<<<<<<<<<<<<<<<<<<<<<<<<<<<<<<<[39m
[32m2022-09-26 19:39:31 [info] æ‰§è¡Œsql:select * from users where `id` = ? | å‚æ•°:["2"][39m
[32m2022-09-26 19:39:32 [info] [39m
[32m<<<<<<<<<<<<<<<<<<<<<<<<<<<<<<</user/findUserById?id=2å“åº”ç»“æŸ<<<<<<<<<<<<<<<<<<<<<<<<<<<<<<<<<[39m
[32m  å½“å‰è¯·æ±‚: GET - /user/findUserById?id=2[39m
[32m  IP: ::ffff:127.0.0.1[39m
[32m  å½“å‰ç”¨æˆ·: 'coderixe'[39m
[32m  å“åº”æ—¶é—´ï¼š151ms[39m
[32m  å½“å‰å“åº”ä½“: {"username":"coderxie","password":"1232134412","sex":"1","age":18,"createDate":1663674972760,"updateDate":1663784629774,"id":2}[39m
[32m<<<<<<<<<<<<<<<<<<<<<<<<<<<<<<</user/findUserById?id=2å“åº”ç»“æŸ<<<<<<<<<<<<<<<<<<<<<<<<<<<<<<<<<[39m
[32m2022-09-26 19:41:40 [info] ### snow has been to starting -- http://localhost:8901/api[39m
[32m2022-09-26 19:42:21 [info] ### snow has been to starting -- http://localhost:8901/api[39m
[32m2022-09-26 19:42:45 [info] ### snow has been to starting -- http://localhost:8901/api[39m
[32m2022-09-26 19:42:53 [info] ### snow has been to starting -- http://localhost:8901/api[39m
[32m2022-09-26 19:43:38 [info] ### snow has been to starting -- http://localhost:8901/api[39m
[32m2022-09-26 19:44:04 [info] ### snow has been to starting -- http://localhost:8901/api[39m
[32m2022-09-26 19:44:21 [info] [39m
[32m<<<<<<<<<<<<<<<<<<<<<<<<<<<<<<</user/findUserListå“åº”å¼€å§‹<<<<<<<<<<<<<<<<<<<<<<<<<<<<<<<<<[39m
[32m  å½“å‰ç±»å: UserController[39m
[32m  å½“å‰æ–¹æ³•å: findUserList[39m
[32m  å½“å‰è¯·æ±‚: POST - /user/findUserList[39m
[32m  IP: ::ffff:127.0.0.1[39m
[32m  å½“å‰Paramså‚æ•°: {}[39m
[32m  å½“å‰Queryå‚æ•°: {}[39m
[32m  å½“å‰è¯·æ±‚ä½“: {"page":1,"size":10}[39m
[32m<<<<<<<<<<<<<<<<<<<<<<<<<<<<<<</user/findUserListå“åº”å¼€å§‹<<<<<<<<<<<<<<<<<<<<<<<<<<<<<<<<<[39m
[32m2022-09-26 19:44:21 [info] æ‰§è¡Œsql:select * from users limit ?, ? order by ?? desc | å‚æ•°:[0,10,"createDate"][39m
[31m2022-09-26 19:44:21 [error] æ•°æ®åº“é”™è¯¯:You have an error in your SQL syntax; check the manual that corresponds to your MySQL server version for the right syntax to use near 'order by `createDate` desc' at line 1[39m
[31m2022-09-26 19:44:21 [error] [39m
[31m<<<<<<<<<<<<<<<<<<<<<<<<<<<<<<<<<<<<<<<<<<<<<<<<<<<<<<<<<<<<<<<<[39m
[31m  é”™è¯¯ä¿¡æ¯: DatabaseError: You have an error in your SQL syntax; check the manual that corresponds to your MySQL server version for the right syntax to use near 'order by `createDate` desc' at line 1[39m
[31m  è¯·æ±‚è·¯å¾„: /api/user/findUserList[39m
[31m  è¯·æ±‚æ–¹æ³•: POST[39m
[31m  IP: ::ffff:127.0.0.1[39m
[31m<<<<<<<<<<<<<<<<<<<<<<<<<<<<<<<<<<<<<<<<<<<<<<<<<<<<<<<<<<<<<<<<[39m
[32m2022-09-26 19:45:28 [info] ### snow has been to starting -- http://localhost:8901/api[39m
[32m2022-09-26 19:45:31 [info] [39m
[32m<<<<<<<<<<<<<<<<<<<<<<<<<<<<<<</user/findUserListå“åº”å¼€å§‹<<<<<<<<<<<<<<<<<<<<<<<<<<<<<<<<<[39m
[32m  å½“å‰ç±»å: UserController[39m
[32m  å½“å‰æ–¹æ³•å: findUserList[39m
[32m  å½“å‰è¯·æ±‚: POST - /user/findUserList[39m
[32m  IP: ::ffff:127.0.0.1[39m
[32m  å½“å‰Paramså‚æ•°: {}[39m
[32m  å½“å‰Queryå‚æ•°: {}[39m
[32m  å½“å‰è¯·æ±‚ä½“: {"page":1,"size":10}[39m
[32m<<<<<<<<<<<<<<<<<<<<<<<<<<<<<<</user/findUserListå“åº”å¼€å§‹<<<<<<<<<<<<<<<<<<<<<<<<<<<<<<<<<[39m
[32m2022-09-26 19:45:31 [info] æ‰§è¡Œsql:select * from users limit ?, ? order by ?? desc | å‚æ•°:[0,10,"id"][39m
[31m2022-09-26 19:45:31 [error] æ•°æ®åº“é”™è¯¯:You have an error in your SQL syntax; check the manual that corresponds to your MySQL server version for the right syntax to use near 'order by `id` desc' at line 1[39m
[31m2022-09-26 19:45:31 [error] [39m
[31m<<<<<<<<<<<<<<<<<<<<<<<<<<<<<<<<<<<<<<<<<<<<<<<<<<<<<<<<<<<<<<<<[39m
[31m  é”™è¯¯ä¿¡æ¯: DatabaseError: You have an error in your SQL syntax; check the manual that corresponds to your MySQL server version for the right syntax to use near 'order by `id` desc' at line 1[39m
[31m  è¯·æ±‚è·¯å¾„: /api/user/findUserList[39m
[31m  è¯·æ±‚æ–¹æ³•: POST[39m
[31m  IP: ::ffff:127.0.0.1[39m
[31m<<<<<<<<<<<<<<<<<<<<<<<<<<<<<<<<<<<<<<<<<<<<<<<<<<<<<<<<<<<<<<<<[39m
[32m2022-09-26 19:49:41 [info] ### snow has been to starting -- http://localhost:8901/api[39m
[32m2022-09-26 19:49:45 [info] [39m
[32m<<<<<<<<<<<<<<<<<<<<<<<<<<<<<<</user/findUserListå“åº”å¼€å§‹<<<<<<<<<<<<<<<<<<<<<<<<<<<<<<<<<[39m
[32m  å½“å‰ç±»å: UserController[39m
[32m  å½“å‰æ–¹æ³•å: findUserList[39m
[32m  å½“å‰è¯·æ±‚: POST - /user/findUserList[39m
[32m  IP: ::ffff:127.0.0.1[39m
[32m  å½“å‰Paramså‚æ•°: {}[39m
[32m  å½“å‰Queryå‚æ•°: {}[39m
[32m  å½“å‰è¯·æ±‚ä½“: {"page":1,"size":10}[39m
[32m<<<<<<<<<<<<<<<<<<<<<<<<<<<<<<</user/findUserListå“åº”å¼€å§‹<<<<<<<<<<<<<<<<<<<<<<<<<<<<<<<<<[39m
[32m2022-09-26 19:49:45 [info] æ‰§è¡Œsql:select * from users order by ?? desc limit ?, ? | å‚æ•°:["id",0,10][39m
[32m2022-09-26 19:49:45 [info] æ‰§è¡Œsql:select count(*) from users | å‚æ•°:[][39m
[32m2022-09-26 19:49:45 [info] [39m
[32m<<<<<<<<<<<<<<<<<<<<<<<<<<<<<<</user/findUserListå“åº”ç»“æŸ<<<<<<<<<<<<<<<<<<<<<<<<<<<<<<<<<[39m
[32m  å½“å‰è¯·æ±‚: POST - /user/findUserList[39m
[32m  IP: ::ffff:127.0.0.1[39m
[32m  å½“å‰ç”¨æˆ·: 'coderixe'[39m
[32m  å“åº”æ—¶é—´ï¼š171ms[39m
[32m  å½“å‰å“åº”ä½“: [[{"username":"coderxie","password":"1232134412","sex":"1","age":18,"createDate":1663674972760,"updateDate":1663784629774,"id":2},{"username":"18973835153","password":"123456789123123","sex":"1","age":12,"createDate":1659785940599,"updateDate":1659785940599,"id":1}],2][39m
[32m<<<<<<<<<<<<<<<<<<<<<<<<<<<<<<</user/findUserListå“åº”ç»“æŸ<<<<<<<<<<<<<<<<<<<<<<<<<<<<<<<<<[39m
[32m2022-09-26 19:53:13 [info] ### snow has been to starting -- http://localhost:8901/api[39m
[32m2022-09-26 19:53:26 [info] [39m
[32m<<<<<<<<<<<<<<<<<<<<<<<<<<<<<<</user/findUserListå“åº”å¼€å§‹<<<<<<<<<<<<<<<<<<<<<<<<<<<<<<<<<[39m
[32m  å½“å‰ç±»å: UserController[39m
[32m  å½“å‰æ–¹æ³•å: findUserList[39m
[32m  å½“å‰è¯·æ±‚: POST - /user/findUserList[39m
[32m  IP: ::ffff:127.0.0.1[39m
[32m  å½“å‰Paramså‚æ•°: {}[39m
[32m  å½“å‰Queryå‚æ•°: {}[39m
[32m  å½“å‰è¯·æ±‚ä½“: {"page":1,"size":10}[39m
[32m<<<<<<<<<<<<<<<<<<<<<<<<<<<<<<</user/findUserListå“åº”å¼€å§‹<<<<<<<<<<<<<<<<<<<<<<<<<<<<<<<<<[39m
[32m2022-09-26 19:53:26 [info] æ‰§è¡Œsql:select * from users order by ?? desc limit ?, ? | å‚æ•°:["id",0,10][39m
[32m2022-09-26 19:53:26 [info] æ‰§è¡Œsql:select count(*) from users | å‚æ•°:[][39m
[32m2022-09-26 19:53:26 [info] [39m
[32m<<<<<<<<<<<<<<<<<<<<<<<<<<<<<<</user/findUserListå“åº”ç»“æŸ<<<<<<<<<<<<<<<<<<<<<<<<<<<<<<<<<[39m
[32m  å½“å‰è¯·æ±‚: POST - /user/findUserList[39m
[32m  IP: ::ffff:127.0.0.1[39m
[32m  å½“å‰ç”¨æˆ·: 'coderixe'[39m
[32m  å“åº”æ—¶é—´ï¼š178ms[39m
[32m  å½“å‰å“åº”ä½“: {"records":[{"username":"coderxie","password":"1232134412","sex":"1","age":18,"createDate":1663674972760,"updateDate":1663784629774,"id":2},{"username":"18973835153","password":"123456789123123","sex":"1","age":12,"createDate":1659785940599,"updateDate":1659785940599,"id":1}],"total":2}[39m
[32m<<<<<<<<<<<<<<<<<<<<<<<<<<<<<<</user/findUserListå“åº”ç»“æŸ<<<<<<<<<<<<<<<<<<<<<<<<<<<<<<<<<[39m
[32m2022-09-26 19:54:02 [info] ### snow has been to starting -- http://localhost:8901/api[39m
[32m2022-09-26 19:54:13 [info] ### snow has been to starting -- http://localhost:8901/api[39m
[32m2022-09-26 19:54:18 [info] [39m
[32m<<<<<<<<<<<<<<<<<<<<<<<<<<<<<<</user/findUserListå“åº”å¼€å§‹<<<<<<<<<<<<<<<<<<<<<<<<<<<<<<<<<[39m
[32m  å½“å‰ç±»å: UserController[39m
[32m  å½“å‰æ–¹æ³•å: findUserList[39m
[32m  å½“å‰è¯·æ±‚: POST - /user/findUserList[39m
[32m  IP: ::ffff:127.0.0.1[39m
[32m  å½“å‰Paramså‚æ•°: {}[39m
[32m  å½“å‰Queryå‚æ•°: {}[39m
[32m  å½“å‰è¯·æ±‚ä½“: {"page":1,"size":10}[39m
[32m<<<<<<<<<<<<<<<<<<<<<<<<<<<<<<</user/findUserListå“åº”å¼€å§‹<<<<<<<<<<<<<<<<<<<<<<<<<<<<<<<<<[39m
[32m2022-09-26 19:54:18 [info] æ‰§è¡Œsql:select * from users order by ?? desc limit ?, ? | å‚æ•°:["id",0,10][39m
[32m2022-09-26 19:54:18 [info] æ‰§è¡Œsql:select count(*) from users | å‚æ•°:[][39m
[32m2022-09-26 19:54:18 [info] [39m
[32m<<<<<<<<<<<<<<<<<<<<<<<<<<<<<<</user/findUserListå“åº”ç»“æŸ<<<<<<<<<<<<<<<<<<<<<<<<<<<<<<<<<[39m
[32m  å½“å‰è¯·æ±‚: POST - /user/findUserList[39m
[32m  IP: ::ffff:127.0.0.1[39m
[32m  å½“å‰ç”¨æˆ·: 'coderixe'[39m
[32m  å“åº”æ—¶é—´ï¼š176ms[39m
[32m  å½“å‰å“åº”ä½“: {"records":[{"username":"coderxie","password":"1232134412","sex":"1","age":18,"createDate":1663674972760,"updateDate":1663784629774,"id":2},{"username":"18973835153","password":"123456789123123","sex":"1","age":12,"createDate":1659785940599,"updateDate":1659785940599,"id":1}],"total":2}[39m
[32m<<<<<<<<<<<<<<<<<<<<<<<<<<<<<<</user/findUserListå“åº”ç»“æŸ<<<<<<<<<<<<<<<<<<<<<<<<<<<<<<<<<[39m
[32m2022-09-26 19:57:45 [info] [39m
[32m<<<<<<<<<<<<<<<<<<<<<<<<<<<<<<</user/addUserå“åº”å¼€å§‹<<<<<<<<<<<<<<<<<<<<<<<<<<<<<<<<<[39m
[32m  å½“å‰ç±»å: UserController[39m
[32m  å½“å‰æ–¹æ³•å: addUser[39m
[32m  å½“å‰è¯·æ±‚: POST - /user/addUser[39m
[32m  IP: ::ffff:127.0.0.1[39m
[32m  å½“å‰Paramså‚æ•°: {}[39m
[32m  å½“å‰Queryå‚æ•°: {}[39m
[32m  å½“å‰è¯·æ±‚ä½“: {"username":"codera","password":"fffasf","sex":1,"age":34}[39m
[32m<<<<<<<<<<<<<<<<<<<<<<<<<<<<<<</user/addUserå“åº”å¼€å§‹<<<<<<<<<<<<<<<<<<<<<<<<<<<<<<<<<[39m
[32m2022-09-26 19:57:45 [info] æ‰§è¡Œsql:insert into users (`username`,`password`,`sex`,`age`) values (?,?,?,?) | å‚æ•°:["codera","fffasf",1,34][39m
[32m2022-09-26 19:57:45 [info] [39m
[32m<<<<<<<<<<<<<<<<<<<<<<<<<<<<<<</user/addUserå“åº”ç»“æŸ<<<<<<<<<<<<<<<<<<<<<<<<<<<<<<<<<[39m
[32m  å½“å‰è¯·æ±‚: POST - /user/addUser[39m
[32m  IP: ::ffff:127.0.0.1[39m
[32m  å½“å‰ç”¨æˆ·: 'coderixe'[39m
[32m  å“åº”æ—¶é—´ï¼š55ms[39m
[32m  å½“å‰å“åº”ä½“: 3[39m
[32m<<<<<<<<<<<<<<<<<<<<<<<<<<<<<<</user/addUserå“åº”ç»“æŸ<<<<<<<<<<<<<<<<<<<<<<<<<<<<<<<<<[39m
[32m2022-09-26 20:01:05 [info] [39m
[32m<<<<<<<<<<<<<<<<<<<<<<<<<<<<<<</user/editUserå“åº”å¼€å§‹<<<<<<<<<<<<<<<<<<<<<<<<<<<<<<<<<[39m
[32m  å½“å‰ç±»å: UserController[39m
[32m  å½“å‰æ–¹æ³•å: editUser[39m
[32m  å½“å‰è¯·æ±‚: POST - /user/editUser[39m
[32m  IP: ::ffff:127.0.0.1[39m
[32m  å½“å‰Paramså‚æ•°: {}[39m
[32m  å½“å‰Queryå‚æ•°: {}[39m
[32m  å½“å‰è¯·æ±‚ä½“: {"username":"fffff","password":"agfdgfdgd","sex":40,"age":34,"id":3}[39m
[32m<<<<<<<<<<<<<<<<<<<<<<<<<<<<<<</user/editUserå“åº”å¼€å§‹<<<<<<<<<<<<<<<<<<<<<<<<<<<<<<<<<[39m
[32m2022-09-26 20:01:05 [info] æ‰§è¡Œsql:update users set`username` = ?,`password` = ?,`sex` = ?,`age` = ? where `id` = ? | å‚æ•°:["fffff","agfdgfdgd",40,34,3][39m
[32m2022-09-26 20:01:06 [info] [39m
[32m<<<<<<<<<<<<<<<<<<<<<<<<<<<<<<</user/editUserå“åº”ç»“æŸ<<<<<<<<<<<<<<<<<<<<<<<<<<<<<<<<<[39m
[32m  å½“å‰è¯·æ±‚: POST - /user/editUser[39m
[32m  IP: ::ffff:127.0.0.1[39m
[32m  å½“å‰ç”¨æˆ·: 'coderixe'[39m
[32m  å“åº”æ—¶é—´ï¼š593ms[39m
[32m  å½“å‰å“åº”ä½“: [{"fieldCount":0,"affectedRows":1,"insertId":0,"info":"(Rows matched: 1  Changed: 1  Warnings: 1","serverStatus":2,"warningStatus":1,"changedRows":1},null][39m
[32m<<<<<<<<<<<<<<<<<<<<<<<<<<<<<<</user/editUserå“åº”ç»“æŸ<<<<<<<<<<<<<<<<<<<<<<<<<<<<<<<<<[39m
[32m2022-09-26 20:01:56 [info] ### snow has been to starting -- http://localhost:8901/api[39m
[32m2022-09-26 20:03:07 [info] [39m
[32m<<<<<<<<<<<<<<<<<<<<<<<<<<<<<<</user/deleteUser?id=3å“åº”å¼€å§‹<<<<<<<<<<<<<<<<<<<<<<<<<<<<<<<<<[39m
[32m  å½“å‰ç±»å: UserController[39m
[32m  å½“å‰æ–¹æ³•å: deleteUser[39m
[32m  å½“å‰è¯·æ±‚: POST - /user/deleteUser?id=3[39m
[32m  IP: ::ffff:127.0.0.1[39m
[32m  å½“å‰Paramså‚æ•°: {}[39m
[32m  å½“å‰Queryå‚æ•°: {"id":"3"}[39m
[32m  å½“å‰è¯·æ±‚ä½“: {}[39m
[32m<<<<<<<<<<<<<<<<<<<<<<<<<<<<<<</user/deleteUser?id=3å“åº”å¼€å§‹<<<<<<<<<<<<<<<<<<<<<<<<<<<<<<<<<[39m
[32m2022-09-26 20:03:07 [info] æ‰§è¡Œsql:delete from users where id=? | å‚æ•°:["3"][39m
[32m2022-09-26 20:03:07 [info] [39m
[32m<<<<<<<<<<<<<<<<<<<<<<<<<<<<<<</user/deleteUser?id=3å“åº”ç»“æŸ<<<<<<<<<<<<<<<<<<<<<<<<<<<<<<<<<[39m
[32m  å½“å‰è¯·æ±‚: POST - /user/deleteUser?id=3[39m
[32m  IP: ::ffff:127.0.0.1[39m
[32m  å½“å‰ç”¨æˆ·: 'coderixe'[39m
[32m  å“åº”æ—¶é—´ï¼š180ms[39m
[32m  å½“å‰å“åº”ä½“: [{"fieldCount":0,"affectedRows":1,"insertId":0,"info":"","serverStatus":2,"warningStatus":0},null][39m
[32m<<<<<<<<<<<<<<<<<<<<<<<<<<<<<<</user/deleteUser?id=3å“åº”ç»“æŸ<<<<<<<<<<<<<<<<<<<<<<<<<<<<<<<<<[39m
[32m2022-09-26 20:03:16 [info] [39m
[32m<<<<<<<<<<<<<<<<<<<<<<<<<<<<<<</user/findUserListå“åº”å¼€å§‹<<<<<<<<<<<<<<<<<<<<<<<<<<<<<<<<<[39m
[32m  å½“å‰ç±»å: UserController[39m
[32m  å½“å‰æ–¹æ³•å: findUserList[39m
[32m  å½“å‰è¯·æ±‚: POST - /user/findUserList[39m
[32m  IP: ::ffff:127.0.0.1[39m
[32m  å½“å‰Paramså‚æ•°: {}[39m
[32m  å½“å‰Queryå‚æ•°: {}[39m
[32m  å½“å‰è¯·æ±‚ä½“: {"page":1,"size":10}[39m
[32m<<<<<<<<<<<<<<<<<<<<<<<<<<<<<<</user/findUserListå“åº”å¼€å§‹<<<<<<<<<<<<<<<<<<<<<<<<<<<<<<<<<[39m
[32m2022-09-26 20:03:16 [info] æ‰§è¡Œsql:select * from users order by ?? desc limit ?, ? | å‚æ•°:["id",0,10][39m
[32m2022-09-26 20:03:16 [info] æ‰§è¡Œsql:select count(*) from users | å‚æ•°:[][39m
[32m2022-09-26 20:03:16 [info] [39m
[32m<<<<<<<<<<<<<<<<<<<<<<<<<<<<<<</user/findUserListå“åº”ç»“æŸ<<<<<<<<<<<<<<<<<<<<<<<<<<<<<<<<<[39m
[32m  å½“å‰è¯·æ±‚: POST - /user/findUserList[39m
[32m  IP: ::ffff:127.0.0.1[39m
[32m  å½“å‰ç”¨æˆ·: 'coderixe'[39m
[32m  å“åº”æ—¶é—´ï¼š252ms[39m
[32m  å½“å‰å“åº”ä½“: {"records":[{"username":"coderxie","password":"1232134412","sex":"1","age":18,"createDate":1663674972760,"updateDate":1663784629774,"id":2},{"username":"18973835153","password":"123456789123123","sex":"1","age":12,"createDate":1659785940599,"updateDate":1659785940599,"id":1}],"total":2}[39m
[32m<<<<<<<<<<<<<<<<<<<<<<<<<<<<<<</user/findUserListå“åº”ç»“æŸ<<<<<<<<<<<<<<<<<<<<<<<<<<<<<<<<<[39m
