2022-09-20 11:48:20 [error] æµ‹è¯•æŠ¥é”™!
2022-09-20 11:49:53 [error] æµ‹è¯•æŠ¥é”™!
2022-09-20 11:59:49 [error] æµ‹è¯•æŠ¥é”™!
2022-09-20 12:05:21 [error] æµ‹è¯•æŠ¥é”™!
2022-09-20 12:05:22 [error] æµ‹è¯•æŠ¥é”™!
2022-09-20 17:52:30 [error] æµ‹è¯•æŠ¥é”™!
2022-09-20 17:53:37 [error] æµ‹è¯•æŠ¥é”™!
2022-09-20 17:54:02 [error] æµ‹è¯•æŠ¥é”™!
2022-09-20 17:54:23 [error] æµ‹è¯•æŠ¥é”™!
2022-09-20 17:54:59 [error] æµ‹è¯•æŠ¥é”™!
2022-09-20 17:55:02 [error] æµ‹è¯•æŠ¥é”™!
2022-09-20 17:55:50 [error] æµ‹è¯•æŠ¥é”™!
2022-09-20 17:56:01 [error] æµ‹è¯•æŠ¥é”™!
2022-09-20 17:56:22 [error] æµ‹è¯•æŠ¥é”™!
2022-09-20 17:56:31 [error] æµ‹è¯•æŠ¥é”™!
2022-09-20 18:01:20 [error] æµ‹è¯•æŠ¥é”™!
[31m2022-09-20 18:01:56 [error] æµ‹è¯•æŠ¥é”™![39m
[31m2022-09-20 18:02:01 [error] æµ‹è¯•æŠ¥é”™![39m
[31m2022-09-20 18:02:25 [error] æµ‹è¯•æŠ¥é”™![39m
2022-09-20 18:05:54 [error] æµ‹è¯•æŠ¥é”™!
2022-09-20 18:06:40 [error] æµ‹è¯•æŠ¥é”™!
2022-09-20 18:06:57 [error] æµ‹è¯•æŠ¥é”™!
2022-09-20 18:07:27 [error] æµ‹è¯•æŠ¥é”™!
2022-09-20 18:07:35 [error] æµ‹è¯•æŠ¥é”™!
[31m2022-09-20 18:08:02 [error] æµ‹è¯•æŠ¥é”™![39m
[31m2022-09-20 18:09:30 [error] æµ‹è¯•æŠ¥é”™![39m
[31m2022-09-20 18:11:51 [error] æµ‹è¯•æŠ¥é”™![39m
[31m2022-09-20 18:28:33 [error] æµ‹è¯•æŠ¥é”™![39m
[31m2022-09-20 18:35:09 [error] æµ‹è¯•æŠ¥é”™![39m
[31m2022-09-20 19:23:59 [error] Cannot read property 'push' of undefined[39m
[31m2022-09-20 19:24:03 [error] Cannot read property 'push' of undefined[39m
[31m2022-09-20 19:24:34 [error] Cannot read property 'push' of undefined[39m
[31m2022-09-20 19:24:36 [error] Cannot read property 'push' of undefined[39m
[31m2022-09-20 19:25:47 [error] Cannot read property 'push' of undefined[39m
[31m2022-09-20 19:33:13 [error] object null is not iterable (cannot read property Symbol(Symbol.iterator))[39m
[31m2022-09-20 19:33:37 [error] object null is not iterable (cannot read property Symbol(Symbol.iterator))[39m
[31m2022-09-20 19:34:57 [error] æ•°æ®åº“é”™è¯¯:You have an error in your SQL syntax; check the manual that corresponds to your MySQL server version for the right syntax to use near '?? DESC limit 0, 10' at line 1[39m
[31m2022-09-20 19:34:57 [error] You have an error in your SQL syntax; check the manual that corresponds to your MySQL server version for the right syntax to use near '?? DESC limit 0, 10' at line 1[39m
[31m2022-09-20 19:39:19 [error] æ•°æ®åº“é”™è¯¯:You have an error in your SQL syntax; check the manual that corresponds to your MySQL server version for the right syntax to use near '?? DESC limit 0, 10' at line 1[39m
[31m2022-09-20 19:39:19 [error] You have an error in your SQL syntax; check the manual that corresponds to your MySQL server version for the right syntax to use near '?? DESC limit 0, 10' at line 1[39m
[31m2022-09-20 19:55:20 [error] æ•°æ®åº“é”™è¯¯:Unknown column '{ [39m
[31m"username": "coderxie",[39m
[31m"password": "123",[39m
[31m"sex": 1,[39m
[31m"age: 18[39m
[31m}[39m

[31m' in 'field list'[39m
[31m2022-09-20 19:55:20 [error] Unknown column '{ [39m
[31m"username": "coderxie",[39m
[31m"password": "123",[39m
[31m"sex": 1,[39m
[31m"age: 18[39m
[31m}[39m

[31m' in 'field list'[39m
[31m2022-09-20 20:57:45 [error] Cannot read property 'userDao' of undefined[39m
[31m2022-09-20 20:58:08 [error] Cannot read property 'userDao' of undefined[39m
[31m2022-09-20 20:58:39 [error] Cannot read property 'userDao' of undefined[39m
[31m2022-09-20 20:59:06 [error] Cannot read property 'userDao' of undefined[39m
[31m2022-09-20 20:59:24 [error] Cannot read property 'userDao' of undefined[39m
[31m2022-09-20 20:59:52 [error] Cannot read property 'userDao' of undefined[39m
[31m2022-09-20 21:01:45 [error] Cannot read property 'userDao' of undefined[39m
[31m2022-09-20 21:01:59 [error] Cannot read property 'userDao' of undefined[39m
[31m2022-09-20 21:06:09 [error] Cannot read property 'select' of undefined[39m
[31m2022-09-20 21:06:31 [error] Cannot read property 'select' of undefined[39m
[31m2022-09-20 21:11:57 [error] Cannot read property 'select' of undefined[39m
[31m2022-09-20 21:12:56 [error] Cannot read property 'userDao' of undefined[39m
[31m2022-09-20 21:14:07 [error] Cannot read property 'userDao' of undefined[39m
[31m2022-09-21 21:18:51 [error] Cannot read property 'select' of undefined[39m
[31m2022-09-21 21:19:15 [error] Cannot read property 'select' of undefined[39m
[31m2022-09-21 21:19:37 [error] target is not a constructor[39m
[31m2022-09-21 21:20:12 [error] target is not a constructor[39m
[31m2022-09-22 01:52:57 [error] [39m
[31m<<<<<<<<<<<<<<<<<<<<<<<<<<<<<<<<<<<<<<<<<<<<<<<<<<<<<<<<<<<<<<<<[39m
[31m  é”™è¯¯ä¿¡æ¯: æµ‹è¯•é”™è¯¯[39m
[31m  è¯·æ±‚è·¯å¾„: /api/user/findUser?id=2[39m
[31m  è¯·æ±‚æ–¹æ³•: GET[39m
[31m  IP: ::ffff:127.0.0.1[39m
[31m<<<<<<<<<<<<<<<<<<<<<<<<<<<<<<<<<<<<<<<<<<<<<<<<<<<<<<<<<<<<<<<<[39m
[31m2022-09-22 01:54:07 [error] [39m
[31m<<<<<<<<<<<<<<<<<<<<<<<<<<<<<<<<<<<<<<<<<<<<<<<<<<<<<<<<<<<<<<<<[39m
[31m  é”™è¯¯ä¿¡æ¯: {}[39m
[31m  è¯·æ±‚è·¯å¾„: /api/user/findUser?id=2[39m
[31m  è¯·æ±‚æ–¹æ³•: GET[39m
[31m  IP: ::ffff:127.0.0.1[39m
[31m<<<<<<<<<<<<<<<<<<<<<<<<<<<<<<<<<<<<<<<<<<<<<<<<<<<<<<<<<<<<<<<<[39m
[31m2022-09-22 01:54:39 [error] [39m
[31m<<<<<<<<<<<<<<<<<<<<<<<<<<<<<<<<<<<<<<<<<<<<<<<<<<<<<<<<<<<<<<<<[39m
[31m  é”™è¯¯ä¿¡æ¯: Error: æµ‹è¯•é”™è¯¯[39m
[31m  è¯·æ±‚è·¯å¾„: /api/user/findUser?id=2[39m
[31m  è¯·æ±‚æ–¹æ³•: GET[39m
[31m  IP: ::ffff:127.0.0.1[39m
[31m<<<<<<<<<<<<<<<<<<<<<<<<<<<<<<<<<<<<<<<<<<<<<<<<<<<<<<<<<<<<<<<<[39m
[31m2022-09-22 01:54:41 [error] [39m
[31m<<<<<<<<<<<<<<<<<<<<<<<<<<<<<<<<<<<<<<<<<<<<<<<<<<<<<<<<<<<<<<<<[39m
[31m  é”™è¯¯ä¿¡æ¯: Error: æµ‹è¯•é”™è¯¯[39m
[31m  è¯·æ±‚è·¯å¾„: /api/user/findUser?id=2[39m
[31m  è¯·æ±‚æ–¹æ³•: GET[39m
[31m  IP: ::ffff:127.0.0.1[39m
[31m<<<<<<<<<<<<<<<<<<<<<<<<<<<<<<<<<<<<<<<<<<<<<<<<<<<<<<<<<<<<<<<<[39m
[31m2022-09-22 01:55:28 [error] [39m
[31m<<<<<<<<<<<<<<<<<<<<<<<<<<<<<<<<<<<<<<<<<<<<<<<<<<<<<<<<<<<<<<<<[39m
[31m  é”™è¯¯ä¿¡æ¯: Error: æµ‹è¯•é”™è¯¯[39m
[31m  è¯·æ±‚è·¯å¾„: /api/user/findUser?id=2[39m
[31m  è¯·æ±‚æ–¹æ³•: GET[39m
[31m  IP: ::ffff:127.0.0.1[39m
[31m<<<<<<<<<<<<<<<<<<<<<<<<<<<<<<<<<<<<<<<<<<<<<<<<<<<<<<<<<<<<<<<<[39m
[31m2022-09-22 01:55:53 [error] [39m
[31m<<<<<<<<<<<<<<<<<<<<<<<<<<<<<<<<<<<<<<<<<<<<<<<<<<<<<<<<<<<<<<<<[39m
[31m  é”™è¯¯ä¿¡æ¯: Error: æµ‹è¯•é”™è¯¯[39m
[31m  è¯·æ±‚è·¯å¾„: /api/user/findUser?id=2[39m
[31m  è¯·æ±‚æ–¹æ³•: GET[39m
[31m  IP: ::ffff:127.0.0.1[39m
[31m<<<<<<<<<<<<<<<<<<<<<<<<<<<<<<<<<<<<<<<<<<<<<<<<<<<<<<<<<<<<<<<<[39m
[31m2022-09-22 02:08:36 [error] [39m
[31m<<<<<<<<<<<<<<<<<<<<<<<<<<<<<<<<<<<<<<<<<<<<<<<<<<<<<<<<<<<<<<<<[39m
[31m  é”™è¯¯ä¿¡æ¯: Error: æµ‹è¯•é”™è¯¯[39m
[31m  è¯·æ±‚è·¯å¾„: /api/user/findUser?id=2[39m
[31m  è¯·æ±‚æ–¹æ³•: GET[39m
[31m  IP: ::ffff:127.0.0.1[39m
[31m<<<<<<<<<<<<<<<<<<<<<<<<<<<<<<<<<<<<<<<<<<<<<<<<<<<<<<<<<<<<<<<<[39m
[31m2022-09-22 02:09:03 [error] [39m
[31m<<<<<<<<<<<<<<<<<<<<<<<<<<<<<<<<<<<<<<<<<<<<<<<<<<<<<<<<<<<<<<<<[39m
[31m  é”™è¯¯ä¿¡æ¯: Error: æµ‹è¯•é”™è¯¯[39m
[31m  è¯·æ±‚è·¯å¾„: /api/user/findUser?id=2[39m
[31m  è¯·æ±‚æ–¹æ³•: GET[39m
[31m  IP: ::ffff:127.0.0.1[39m
[31m<<<<<<<<<<<<<<<<<<<<<<<<<<<<<<<<<<<<<<<<<<<<<<<<<<<<<<<<<<<<<<<<[39m
[31m2022-09-25 01:50:28 [error] [39m
[31m<<<<<<<<<<<<<<<<<<<<<<<<<<<<<<<<<<<<<<<<<<<<<<<<<<<<<<<<<<<<<<<<[39m
[31m  é”™è¯¯ä¿¡æ¯: TypeError: Cannot read property 'tableName' of undefined[39m
[31m  è¯·æ±‚è·¯å¾„: /api/user/findUser?id=2[39m
[31m  è¯·æ±‚æ–¹æ³•: GET[39m
[31m  IP: ::1[39m
[31m<<<<<<<<<<<<<<<<<<<<<<<<<<<<<<<<<<<<<<<<<<<<<<<<<<<<<<<<<<<<<<<<[39m
[31m2022-09-25 01:59:21 [error] [39m
[31m<<<<<<<<<<<<<<<<<<<<<<<<<<<<<<<<<<<<<<<<<<<<<<<<<<<<<<<<<<<<<<<<[39m
[31m  é”™è¯¯ä¿¡æ¯: Error: åˆå§‹åŒ–DaoæœªæŒ‡å®šæ•°æ®åº“è¡¨å[39m
[31m  è¯·æ±‚è·¯å¾„: /api/user/findUser?id=2[39m
[31m  è¯·æ±‚æ–¹æ³•: GET[39m
[31m  IP: ::1[39m
[31m<<<<<<<<<<<<<<<<<<<<<<<<<<<<<<<<<<<<<<<<<<<<<<<<<<<<<<<<<<<<<<<<[39m
[31m2022-09-25 03:07:41 [error] æ•°æ®åº“é”™è¯¯:You have an error in your SQL syntax; check the manual that corresponds to your MySQL server version for the right syntax to use near 'order by desc, aa' at line 1[39m
[31m2022-09-25 03:07:41 [error] [39m
[31m<<<<<<<<<<<<<<<<<<<<<<<<<<<<<<<<<<<<<<<<<<<<<<<<<<<<<<<<<<<<<<<<[39m
[31m  é”™è¯¯ä¿¡æ¯: DatabaseError: You have an error in your SQL syntax; check the manual that corresponds to your MySQL server version for the right syntax to use near 'order by desc, aa' at line 1[39m
[31m  è¯·æ±‚è·¯å¾„: /api/user/findUser?id=2[39m
[31m  è¯·æ±‚æ–¹æ³•: GET[39m
[31m  IP: ::1[39m
[31m<<<<<<<<<<<<<<<<<<<<<<<<<<<<<<<<<<<<<<<<<<<<<<<<<<<<<<<<<<<<<<<<[39m
[31m2022-09-25 03:08:39 [error] æ•°æ®åº“é”™è¯¯:You have an error in your SQL syntax; check the manual that corresponds to your MySQL server version for the right syntax to use near 'order by desc aa' at line 1[39m
[31m2022-09-25 03:08:39 [error] [39m
[31m<<<<<<<<<<<<<<<<<<<<<<<<<<<<<<<<<<<<<<<<<<<<<<<<<<<<<<<<<<<<<<<<[39m
[31m  é”™è¯¯ä¿¡æ¯: DatabaseError: You have an error in your SQL syntax; check the manual that corresponds to your MySQL server version for the right syntax to use near 'order by desc aa' at line 1[39m
[31m  è¯·æ±‚è·¯å¾„: /api/user/findUser?id=2[39m
[31m  è¯·æ±‚æ–¹æ³•: GET[39m
[31m  IP: ::1[39m
[31m<<<<<<<<<<<<<<<<<<<<<<<<<<<<<<<<<<<<<<<<<<<<<<<<<<<<<<<<<<<<<<<<[39m
[31m2022-09-25 03:14:31 [error] æ•°æ®åº“é”™è¯¯:You have an error in your SQL syntax; check the manual that corresponds to your MySQL server version for the right syntax to use near 'order by desc aa' at line 1[39m
[31m2022-09-25 03:14:31 [error] [39m
[31m<<<<<<<<<<<<<<<<<<<<<<<<<<<<<<<<<<<<<<<<<<<<<<<<<<<<<<<<<<<<<<<<[39m
[31m  é”™è¯¯ä¿¡æ¯: DatabaseError: You have an error in your SQL syntax; check the manual that corresponds to your MySQL server version for the right syntax to use near 'order by desc aa' at line 1[39m
[31m  è¯·æ±‚è·¯å¾„: /api/user/findUser?id=2[39m
[31m  è¯·æ±‚æ–¹æ³•: GET[39m
[31m  IP: ::1[39m
[31m<<<<<<<<<<<<<<<<<<<<<<<<<<<<<<<<<<<<<<<<<<<<<<<<<<<<<<<<<<<<<<<<[39m
[31m2022-09-25 03:19:28 [error] æ•°æ®åº“é”™è¯¯:You have an error in your SQL syntax; check the manual that corresponds to your MySQL server version for the right syntax to use near 'order by desc `aa`' at line 1[39m
[31m2022-09-25 03:19:28 [error] [39m
[31m<<<<<<<<<<<<<<<<<<<<<<<<<<<<<<<<<<<<<<<<<<<<<<<<<<<<<<<<<<<<<<<<[39m
[31m  é”™è¯¯ä¿¡æ¯: DatabaseError: You have an error in your SQL syntax; check the manual that corresponds to your MySQL server version for the right syntax to use near 'order by desc `aa`' at line 1[39m
[31m  è¯·æ±‚è·¯å¾„: /api/user/findUser?id=2[39m
[31m  è¯·æ±‚æ–¹æ³•: GET[39m
[31m  IP: ::1[39m
[31m<<<<<<<<<<<<<<<<<<<<<<<<<<<<<<<<<<<<<<<<<<<<<<<<<<<<<<<<<<<<<<<<[39m
[31m2022-09-25 03:20:14 [error] æ•°æ®åº“é”™è¯¯:You have an error in your SQL syntax; check the manual that corresponds to your MySQL server version for the right syntax to use near 'desc `aa`' at line 1[39m
[31m2022-09-25 03:20:14 [error] [39m
[31m<<<<<<<<<<<<<<<<<<<<<<<<<<<<<<<<<<<<<<<<<<<<<<<<<<<<<<<<<<<<<<<<[39m
[31m  é”™è¯¯ä¿¡æ¯: DatabaseError: You have an error in your SQL syntax; check the manual that corresponds to your MySQL server version for the right syntax to use near 'desc `aa`' at line 1[39m
[31m  è¯·æ±‚è·¯å¾„: /api/user/findUser?id=2[39m
[31m  è¯·æ±‚æ–¹æ³•: GET[39m
[31m  IP: ::1[39m
[31m<<<<<<<<<<<<<<<<<<<<<<<<<<<<<<<<<<<<<<<<<<<<<<<<<<<<<<<<<<<<<<<<[39m
[31m2022-09-25 03:24:50 [error] æ•°æ®åº“é”™è¯¯:Unknown column 'aa' in 'order clause'[39m
[31m2022-09-25 03:24:50 [error] [39m
[31m<<<<<<<<<<<<<<<<<<<<<<<<<<<<<<<<<<<<<<<<<<<<<<<<<<<<<<<<<<<<<<<<[39m
[31m  é”™è¯¯ä¿¡æ¯: DatabaseError: Unknown column 'aa' in 'order clause'[39m
[31m  è¯·æ±‚è·¯å¾„: /api/user/findUser?id=2[39m
[31m  è¯·æ±‚æ–¹æ³•: GET[39m
[31m  IP: ::1[39m
[31m<<<<<<<<<<<<<<<<<<<<<<<<<<<<<<<<<<<<<<<<<<<<<<<<<<<<<<<<<<<<<<<<[39m
[31m2022-09-25 03:27:35 [error] æ•°æ®åº“é”™è¯¯:Unknown column 'aa' in 'order clause'[39m
[31m2022-09-25 03:27:35 [error] [39m
[31m<<<<<<<<<<<<<<<<<<<<<<<<<<<<<<<<<<<<<<<<<<<<<<<<<<<<<<<<<<<<<<<<[39m
[31m  é”™è¯¯ä¿¡æ¯: DatabaseError: Unknown column 'aa' in 'order clause'[39m
[31m  è¯·æ±‚è·¯å¾„: /api/user/findUser?id=2[39m
[31m  è¯·æ±‚æ–¹æ³•: GET[39m
[31m  IP: ::1[39m
[31m<<<<<<<<<<<<<<<<<<<<<<<<<<<<<<<<<<<<<<<<<<<<<<<<<<<<<<<<<<<<<<<<[39m
[31m2022-09-25 14:55:05 [error] [39m
[31m<<<<<<<<<<<<<<<<<<<<<<<<<<<<<<<<<<<<<<<<<<<<<<<<<<<<<<<<<<<<<<<<[39m
[31m  é”™è¯¯ä¿¡æ¯: Error: config.tsä¸å­˜åœ¨[39m
[31m  è¯·æ±‚è·¯å¾„: /api/user/findUser?id=2[39m
[31m  è¯·æ±‚æ–¹æ³•: GET[39m
[31m  IP: ::1[39m
[31m<<<<<<<<<<<<<<<<<<<<<<<<<<<<<<<<<<<<<<<<<<<<<<<<<<<<<<<<<<<<<<<<[39m
[31m2022-09-25 14:57:10 [error] [39m
[31m<<<<<<<<<<<<<<<<<<<<<<<<<<<<<<<<<<<<<<<<<<<<<<<<<<<<<<<<<<<<<<<<[39m
[31m  é”™è¯¯ä¿¡æ¯: Error: é…ç½®æ–‡ä»¶config.tsä¸å­˜åœ¨databaseæ•°æ®åº“é…ç½®é¡¹[39m
[31m  è¯·æ±‚è·¯å¾„: /api/user/findUser?id=2[39m
[31m  è¯·æ±‚æ–¹æ³•: GET[39m
[31m  IP: ::1[39m
[31m<<<<<<<<<<<<<<<<<<<<<<<<<<<<<<<<<<<<<<<<<<<<<<<<<<<<<<<<<<<<<<<<[39m
[31m2022-09-25 16:17:01 [error] æ•°æ®åº“é”™è¯¯:Table 'cloud_order.user' doesn't exist[39m
[31m2022-09-25 16:17:01 [error] [39m
[31m<<<<<<<<<<<<<<<<<<<<<<<<<<<<<<<<<<<<<<<<<<<<<<<<<<<<<<<<<<<<<<<<[39m
[31m  é”™è¯¯ä¿¡æ¯: DatabaseError: Table 'cloud_order.user' doesn't exist[39m
[31m  è¯·æ±‚è·¯å¾„: /api/user/findUser?id=2[39m
[31m  è¯·æ±‚æ–¹æ³•: GET[39m
[31m  IP: ::1[39m
[31m<<<<<<<<<<<<<<<<<<<<<<<<<<<<<<<<<<<<<<<<<<<<<<<<<<<<<<<<<<<<<<<<[39m
[31m2022-09-26 19:44:21 [error] æ•°æ®åº“é”™è¯¯:You have an error in your SQL syntax; check the manual that corresponds to your MySQL server version for the right syntax to use near 'order by `createDate` desc' at line 1[39m
[31m2022-09-26 19:44:21 [error] [39m
[31m<<<<<<<<<<<<<<<<<<<<<<<<<<<<<<<<<<<<<<<<<<<<<<<<<<<<<<<<<<<<<<<<[39m
[31m  é”™è¯¯ä¿¡æ¯: DatabaseError: You have an error in your SQL syntax; check the manual that corresponds to your MySQL server version for the right syntax to use near 'order by `createDate` desc' at line 1[39m
[31m  è¯·æ±‚è·¯å¾„: /api/user/findUserList[39m
[31m  è¯·æ±‚æ–¹æ³•: POST[39m
[31m  IP: ::ffff:127.0.0.1[39m
[31m<<<<<<<<<<<<<<<<<<<<<<<<<<<<<<<<<<<<<<<<<<<<<<<<<<<<<<<<<<<<<<<<[39m
[31m2022-09-26 19:45:31 [error] æ•°æ®åº“é”™è¯¯:You have an error in your SQL syntax; check the manual that corresponds to your MySQL server version for the right syntax to use near 'order by `id` desc' at line 1[39m
[31m2022-09-26 19:45:31 [error] [39m
[31m<<<<<<<<<<<<<<<<<<<<<<<<<<<<<<<<<<<<<<<<<<<<<<<<<<<<<<<<<<<<<<<<[39m
[31m  é”™è¯¯ä¿¡æ¯: DatabaseError: You have an error in your SQL syntax; check the manual that corresponds to your MySQL server version for the right syntax to use near 'order by `id` desc' at line 1[39m
[31m  è¯·æ±‚è·¯å¾„: /api/user/findUserList[39m
[31m  è¯·æ±‚æ–¹æ³•: POST[39m
[31m  IP: ::ffff:127.0.0.1[39m
[31m<<<<<<<<<<<<<<<<<<<<<<<<<<<<<<<<<<<<<<<<<<<<<<<<<<<<<<<<<<<<<<<<[39m
[31m2022-09-27 14:27:34 [error] æ•°æ®åº“é”™è¯¯:Table 'bikedb.users' doesn't exist[39m
[31m2022-09-27 14:27:34 [error] [39m
[31m<<<<<<<<<<<<<<<<<<<<<<<<<<<<<<<<<<<<<<<<<<<<<<<<<<<<<<<<<<<<<<<<[39m
[31m  é”™è¯¯ä¿¡æ¯: DatabaseError: Table 'bikedb.users' doesn't exist[39m
[31m  è¯·æ±‚è·¯å¾„: /api/user/addUser[39m
[31m  è¯·æ±‚æ–¹æ³•: POST[39m
[31m  IP: ::1[39m
[31m<<<<<<<<<<<<<<<<<<<<<<<<<<<<<<<<<<<<<<<<<<<<<<<<<<<<<<<<<<<<<<<<[39m
[31m2022-09-27 14:30:11 [error] æ•°æ®åº“é”™è¯¯:Table 'bikedb.users' doesn't exist[39m
[31m2022-09-27 14:30:11 [error] [39m
[31m<<<<<<<<<<<<<<<<<<<<<<<<<<<<<<<<<<<<<<<<<<<<<<<<<<<<<<<<<<<<<<<<[39m
[31m  é”™è¯¯ä¿¡æ¯: DatabaseError: Table 'bikedb.users' doesn't exist[39m
[31m  è¯·æ±‚è·¯å¾„: /api/user/addUser[39m
[31m  è¯·æ±‚æ–¹æ³•: POST[39m
[31m  IP: ::1[39m
[31m<<<<<<<<<<<<<<<<<<<<<<<<<<<<<<<<<<<<<<<<<<<<<<<<<<<<<<<<<<<<<<<<[39m
[31m2022-09-27 14:32:35 [error] æ•°æ®åº“é”™è¯¯:Table 'bikedb.users' doesn't exist[39m
[31m2022-09-27 14:32:35 [error] [39m
[31m<<<<<<<<<<<<<<<<<<<<<<<<<<<<<<<<<<<<<<<<<<<<<<<<<<<<<<<<<<<<<<<<[39m
[31m  é”™è¯¯ä¿¡æ¯: DatabaseError: Table 'bikedb.users' doesn't exist[39m
[31m  è¯·æ±‚è·¯å¾„: /api/user/addUser[39m
[31m  è¯·æ±‚æ–¹æ³•: POST[39m
[31m  IP: ::1[39m
[31m<<<<<<<<<<<<<<<<<<<<<<<<<<<<<<<<<<<<<<<<<<<<<<<<<<<<<<<<<<<<<<<<[39m
[31m2022-09-27 14:34:22 [error] æ•°æ®åº“é”™è¯¯:Unknown column 'a' in 'field list'[39m
[31m2022-09-27 14:34:22 [error] [39m
[31m<<<<<<<<<<<<<<<<<<<<<<<<<<<<<<<<<<<<<<<<<<<<<<<<<<<<<<<<<<<<<<<<[39m
[31m  é”™è¯¯ä¿¡æ¯: DatabaseError: Unknown column 'a' in 'field list'[39m
[31m  è¯·æ±‚è·¯å¾„: /api/user/addUser[39m
[31m  è¯·æ±‚æ–¹æ³•: POST[39m
[31m  IP: ::1[39m
[31m<<<<<<<<<<<<<<<<<<<<<<<<<<<<<<<<<<<<<<<<<<<<<<<<<<<<<<<<<<<<<<<<[39m
[31m2022-09-27 14:35:04 [error] æ•°æ®åº“é”™è¯¯:Field 'user_phone' doesn't have a default value[39m
[31m2022-09-27 14:35:04 [error] [39m
[31m<<<<<<<<<<<<<<<<<<<<<<<<<<<<<<<<<<<<<<<<<<<<<<<<<<<<<<<<<<<<<<<<[39m
[31m  é”™è¯¯ä¿¡æ¯: DatabaseError: Field 'user_phone' doesn't have a default value[39m
[31m  è¯·æ±‚è·¯å¾„: /api/user/addUser[39m
[31m  è¯·æ±‚æ–¹æ³•: POST[39m
[31m  IP: ::1[39m
[31m<<<<<<<<<<<<<<<<<<<<<<<<<<<<<<<<<<<<<<<<<<<<<<<<<<<<<<<<<<<<<<<<[39m
[31m2022-09-27 14:36:37 [error] æ•°æ®åº“é”™è¯¯:Table 'bikedb.iotshareuser' doesn't exist[39m
[31m2022-09-27 14:36:37 [error] [39m
[31m<<<<<<<<<<<<<<<<<<<<<<<<<<<<<<<<<<<<<<<<<<<<<<<<<<<<<<<<<<<<<<<<[39m
[31m  é”™è¯¯ä¿¡æ¯: DatabaseError: Table 'bikedb.iotshareuser' doesn't exist[39m
[31m  è¯·æ±‚è·¯å¾„: /api/user/addUser[39m
[31m  è¯·æ±‚æ–¹æ³•: POST[39m
[31m  IP: ::1[39m
[31m<<<<<<<<<<<<<<<<<<<<<<<<<<<<<<<<<<<<<<<<<<<<<<<<<<<<<<<<<<<<<<<<[39m
[31m2022-09-27 14:37:10 [error] æ•°æ®åº“é”™è¯¯:Duplicate entry '3' for key 'PRIMARY'[39m
[31m2022-09-27 14:37:10 [error] [39m
[31m<<<<<<<<<<<<<<<<<<<<<<<<<<<<<<<<<<<<<<<<<<<<<<<<<<<<<<<<<<<<<<<<[39m
[31m  é”™è¯¯ä¿¡æ¯: DatabaseError: Duplicate entry '3' for key 'PRIMARY'[39m
[31m  è¯·æ±‚è·¯å¾„: /api/user/addUser[39m
[31m  è¯·æ±‚æ–¹æ³•: POST[39m
[31m  IP: ::1[39m
[31m<<<<<<<<<<<<<<<<<<<<<<<<<<<<<<<<<<<<<<<<<<<<<<<<<<<<<<<<<<<<<<<<[39m
[31m2022-09-27 16:25:35 [error] [39m
[31m<<<<<<<<<<<<<<<<<<<<<<<<<<<<<<<<<<<<<<<<<<<<<<<<<<<<<<<<<<<<<<<<[39m
[31m  é”™è¯¯ä¿¡æ¯: Error: selectByIdç¼ºå°‘idå‚æ•°[39m
[31m  è¯·æ±‚è·¯å¾„: /api/user/findUserById[39m
[31m  è¯·æ±‚æ–¹æ³•: GET[39m
[31m  IP: ::1[39m
[31m<<<<<<<<<<<<<<<<<<<<<<<<<<<<<<<<<<<<<<<<<<<<<<<<<<<<<<<<<<<<<<<<[39m
[31m2022-09-27 16:44:44 [error] [39m
[31m<<<<<<<<<<<<<<<<<<<<<<<<<<<<<<<<<<<<<<<<<<<<<<<<<<<<<<<<<<<<<<<<[39m
[31m  é”™è¯¯ä¿¡æ¯: Error: selectByIdç¼ºå°‘idå‚æ•°[39m
[31m  è¯·æ±‚è·¯å¾„: /api//user/findUserById[39m
[31m  è¯·æ±‚æ–¹æ³•: GET[39m
[31m  IP: ::1[39m
[31m<<<<<<<<<<<<<<<<<<<<<<<<<<<<<<<<<<<<<<<<<<<<<<<<<<<<<<<<<<<<<<<<[39m
[31m2022-09-27 16:45:18 [error] [39m
[31m<<<<<<<<<<<<<<<<<<<<<<<<<<<<<<<<<<<<<<<<<<<<<<<<<<<<<<<<<<<<<<<<[39m
[31m  é”™è¯¯ä¿¡æ¯: Error: selectByIdç¼ºå°‘idå‚æ•°[39m
[31m  è¯·æ±‚è·¯å¾„: /api/user/findUserById[39m
[31m  è¯·æ±‚æ–¹æ³•: GET[39m
[31m  IP: ::1[39m
[31m<<<<<<<<<<<<<<<<<<<<<<<<<<<<<<<<<<<<<<<<<<<<<<<<<<<<<<<<<<<<<<<<[39m
[31m2022-09-27 16:47:06 [error] [39m
[31m<<<<<<<<<<<<<<<<<<<<<<<<<<<<<<<<<<<<<<<<<<<<<<<<<<<<<<<<<<<<<<<<[39m
[31m  é”™è¯¯ä¿¡æ¯: Error: selectByIdç¼ºå°‘idå‚æ•°[39m
[31m  è¯·æ±‚è·¯å¾„: /api/user/findUserById?query=%7B%22id%22%3A%221231%22%7D[39m
[31m  è¯·æ±‚æ–¹æ³•: GET[39m
[31m  IP: ::1[39m
[31m<<<<<<<<<<<<<<<<<<<<<<<<<<<<<<<<<<<<<<<<<<<<<<<<<<<<<<<<<<<<<<<<[39m
[31m2022-09-27 18:05:56 [error] æ•°æ®åº“é”™è¯¯:Incorrect datetime value: '2022-09-27T10:05:56.426Z' for column 'ctime' at row 1[39m
[31m2022-09-27 18:05:56 [error] [39m
[31m<<<<<<<<<<<<<<<<<<<<<<<<<<<<<<<<<<<<<<<<<<<<<<<<<<<<<<<<<<<<<<<<[39m
[31m  é”™è¯¯ä¿¡æ¯: DatabaseError: Incorrect datetime value: '2022-09-27T10:05:56.426Z' for column 'ctime' at row 1[39m
[31m  è¯·æ±‚è·¯å¾„: /api/user/addUser[39m
[31m  è¯·æ±‚æ–¹æ³•: POST[39m
[31m  IP: ::1[39m
[31m<<<<<<<<<<<<<<<<<<<<<<<<<<<<<<<<<<<<<<<<<<<<<<<<<<<<<<<<<<<<<<<<[39m
[31m2022-09-27 18:06:29 [error] æ•°æ®åº“é”™è¯¯:Incorrect datetime value: '2022-09-27T10:06:29.864Z' for column 'ctime' at row 1[39m
[31m2022-09-27 18:06:29 [error] [39m
[31m<<<<<<<<<<<<<<<<<<<<<<<<<<<<<<<<<<<<<<<<<<<<<<<<<<<<<<<<<<<<<<<<[39m
[31m  é”™è¯¯ä¿¡æ¯: DatabaseError: Incorrect datetime value: '2022-09-27T10:06:29.864Z' for column 'ctime' at row 1[39m
[31m  è¯·æ±‚è·¯å¾„: /api/user/addUser[39m
[31m  è¯·æ±‚æ–¹æ³•: POST[39m
[31m  IP: ::1[39m
[31m<<<<<<<<<<<<<<<<<<<<<<<<<<<<<<<<<<<<<<<<<<<<<<<<<<<<<<<<<<<<<<<<[39m
[31m2022-09-27 18:08:20 [error] æ•°æ®åº“é”™è¯¯:Incorrect datetime value: '2022-09-27T10:08:20.904Z' for column 'ctime' at row 1[39m
[31m2022-09-27 18:08:20 [error] [39m
[31m<<<<<<<<<<<<<<<<<<<<<<<<<<<<<<<<<<<<<<<<<<<<<<<<<<<<<<<<<<<<<<<<[39m
[31m  é”™è¯¯ä¿¡æ¯: DatabaseError: Incorrect datetime value: '2022-09-27T10:08:20.904Z' for column 'ctime' at row 1[39m
[31m  è¯·æ±‚è·¯å¾„: /api/user/addUser[39m
[31m  è¯·æ±‚æ–¹æ³•: POST[39m
[31m  IP: ::1[39m
[31m<<<<<<<<<<<<<<<<<<<<<<<<<<<<<<<<<<<<<<<<<<<<<<<<<<<<<<<<<<<<<<<<[39m
[31m2022-09-27 18:08:40 [error] æ•°æ®åº“é”™è¯¯:Incorrect datetime value: '2022-09-27T10:08:40.531Z' for column 'ctime' at row 1[39m
[31m2022-09-27 18:08:40 [error] [39m
[31m<<<<<<<<<<<<<<<<<<<<<<<<<<<<<<<<<<<<<<<<<<<<<<<<<<<<<<<<<<<<<<<<[39m
[31m  é”™è¯¯ä¿¡æ¯: DatabaseError: Incorrect datetime value: '2022-09-27T10:08:40.531Z' for column 'ctime' at row 1[39m
[31m  è¯·æ±‚è·¯å¾„: /api/user/addUser[39m
[31m  è¯·æ±‚æ–¹æ³•: POST[39m
[31m  IP: ::1[39m
[31m<<<<<<<<<<<<<<<<<<<<<<<<<<<<<<<<<<<<<<<<<<<<<<<<<<<<<<<<<<<<<<<<[39m
[31m2022-09-27 18:08:41 [error] æ•°æ®åº“é”™è¯¯:Incorrect datetime value: '2022-09-27T10:08:41.688Z' for column 'ctime' at row 1[39m
[31m2022-09-27 18:08:41 [error] [39m
[31m<<<<<<<<<<<<<<<<<<<<<<<<<<<<<<<<<<<<<<<<<<<<<<<<<<<<<<<<<<<<<<<<[39m
[31m  é”™è¯¯ä¿¡æ¯: DatabaseError: Incorrect datetime value: '2022-09-27T10:08:41.688Z' for column 'ctime' at row 1[39m
[31m  è¯·æ±‚è·¯å¾„: /api/user/addUser[39m
[31m  è¯·æ±‚æ–¹æ³•: POST[39m
[31m  IP: ::1[39m
[31m<<<<<<<<<<<<<<<<<<<<<<<<<<<<<<<<<<<<<<<<<<<<<<<<<<<<<<<<<<<<<<<<[39m
[31m2022-09-27 18:08:41 [error] æ•°æ®åº“é”™è¯¯:Incorrect datetime value: '2022-09-27T10:08:41.905Z' for column 'ctime' at row 1[39m
[31m2022-09-27 18:08:41 [error] [39m
[31m<<<<<<<<<<<<<<<<<<<<<<<<<<<<<<<<<<<<<<<<<<<<<<<<<<<<<<<<<<<<<<<<[39m
[31m  é”™è¯¯ä¿¡æ¯: DatabaseError: Incorrect datetime value: '2022-09-27T10:08:41.905Z' for column 'ctime' at row 1[39m
[31m  è¯·æ±‚è·¯å¾„: /api/user/addUser[39m
[31m  è¯·æ±‚æ–¹æ³•: POST[39m
[31m  IP: ::1[39m
[31m<<<<<<<<<<<<<<<<<<<<<<<<<<<<<<<<<<<<<<<<<<<<<<<<<<<<<<<<<<<<<<<<[39m
[31m2022-09-27 18:08:42 [error] æ•°æ®åº“é”™è¯¯:Incorrect datetime value: '2022-09-27T10:08:42.092Z' for column 'ctime' at row 1[39m
[31m2022-09-27 18:08:42 [error] [39m
[31m<<<<<<<<<<<<<<<<<<<<<<<<<<<<<<<<<<<<<<<<<<<<<<<<<<<<<<<<<<<<<<<<[39m
[31m  é”™è¯¯ä¿¡æ¯: DatabaseError: Incorrect datetime value: '2022-09-27T10:08:42.092Z' for column 'ctime' at row 1[39m
[31m  è¯·æ±‚è·¯å¾„: /api/user/addUser[39m
[31m  è¯·æ±‚æ–¹æ³•: POST[39m
[31m  IP: ::1[39m
[31m<<<<<<<<<<<<<<<<<<<<<<<<<<<<<<<<<<<<<<<<<<<<<<<<<<<<<<<<<<<<<<<<[39m
[31m2022-09-27 18:08:57 [error] æ•°æ®åº“é”™è¯¯:Incorrect datetime value: '2022-09-27T10:08:57.770Z' for column 'ctime' at row 1[39m
[31m2022-09-27 18:08:57 [error] [39m
[31m<<<<<<<<<<<<<<<<<<<<<<<<<<<<<<<<<<<<<<<<<<<<<<<<<<<<<<<<<<<<<<<<[39m
[31m  é”™è¯¯ä¿¡æ¯: DatabaseError: Incorrect datetime value: '2022-09-27T10:08:57.770Z' for column 'ctime' at row 1[39m
[31m  è¯·æ±‚è·¯å¾„: /api/user/addUser[39m
[31m  è¯·æ±‚æ–¹æ³•: POST[39m
[31m  IP: ::1[39m
[31m<<<<<<<<<<<<<<<<<<<<<<<<<<<<<<<<<<<<<<<<<<<<<<<<<<<<<<<<<<<<<<<<[39m
[31m2022-09-27 18:13:42 [error] æ•°æ®åº“é”™è¯¯:Duplicate entry '123123' for key 'PRIMARY'[39m
[31m2022-09-27 18:13:42 [error] [39m
[31m<<<<<<<<<<<<<<<<<<<<<<<<<<<<<<<<<<<<<<<<<<<<<<<<<<<<<<<<<<<<<<<<[39m
[31m  é”™è¯¯ä¿¡æ¯: DatabaseError: Duplicate entry '123123' for key 'PRIMARY'[39m
[31m  è¯·æ±‚è·¯å¾„: /api/user/addUser[39m
[31m  è¯·æ±‚æ–¹æ³•: POST[39m
[31m  IP: ::1[39m
[31m<<<<<<<<<<<<<<<<<<<<<<<<<<<<<<<<<<<<<<<<<<<<<<<<<<<<<<<<<<<<<<<<[39m
[31m2022-09-27 18:13:47 [error] æ•°æ®åº“é”™è¯¯:Duplicate entry '123123' for key 'PRIMARY'[39m
[31m2022-09-27 18:13:47 [error] [39m
[31m<<<<<<<<<<<<<<<<<<<<<<<<<<<<<<<<<<<<<<<<<<<<<<<<<<<<<<<<<<<<<<<<[39m
[31m  é”™è¯¯ä¿¡æ¯: DatabaseError: Duplicate entry '123123' for key 'PRIMARY'[39m
[31m  è¯·æ±‚è·¯å¾„: /api/user/addUser[39m
[31m  è¯·æ±‚æ–¹æ³•: POST[39m
[31m  IP: ::1[39m
[31m<<<<<<<<<<<<<<<<<<<<<<<<<<<<<<<<<<<<<<<<<<<<<<<<<<<<<<<<<<<<<<<<[39m
[31m2022-09-27 18:13:50 [error] æ•°æ®åº“é”™è¯¯:Out of range value for column 'id' at row 1[39m
[31m2022-09-27 18:13:50 [error] [39m
[31m<<<<<<<<<<<<<<<<<<<<<<<<<<<<<<<<<<<<<<<<<<<<<<<<<<<<<<<<<<<<<<<<[39m
[31m  é”™è¯¯ä¿¡æ¯: DatabaseError: Out of range value for column 'id' at row 1[39m
[31m  è¯·æ±‚è·¯å¾„: /api/user/addUser[39m
[31m  è¯·æ±‚æ–¹æ³•: POST[39m
[31m  IP: ::1[39m
[31m<<<<<<<<<<<<<<<<<<<<<<<<<<<<<<<<<<<<<<<<<<<<<<<<<<<<<<<<<<<<<<<<[39m
[31m2022-09-27 18:14:05 [error] æ•°æ®åº“é”™è¯¯:Incorrect integer value: 'dadda' for column 'id' at row 1[39m
[31m2022-09-27 18:14:05 [error] [39m
[31m<<<<<<<<<<<<<<<<<<<<<<<<<<<<<<<<<<<<<<<<<<<<<<<<<<<<<<<<<<<<<<<<[39m
[31m  é”™è¯¯ä¿¡æ¯: DatabaseError: Incorrect integer value: 'dadda' for column 'id' at row 1[39m
[31m  è¯·æ±‚è·¯å¾„: /api/user/addUser[39m
[31m  è¯·æ±‚æ–¹æ³•: POST[39m
[31m  IP: ::1[39m
[31m<<<<<<<<<<<<<<<<<<<<<<<<<<<<<<<<<<<<<<<<<<<<<<<<<<<<<<<<<<<<<<<<[39m
[31m2022-09-27 18:14:51 [error] æ•°æ®åº“é”™è¯¯:Duplicate entry '135486' for key 'PRIMARY'[39m
[31m2022-09-27 18:14:51 [error] [39m
[31m<<<<<<<<<<<<<<<<<<<<<<<<<<<<<<<<<<<<<<<<<<<<<<<<<<<<<<<<<<<<<<<<[39m
[31m  é”™è¯¯ä¿¡æ¯: DatabaseError: Duplicate entry '135486' for key 'PRIMARY'[39m
[31m  è¯·æ±‚è·¯å¾„: /api/user/addUser[39m
[31m  è¯·æ±‚æ–¹æ³•: POST[39m
[31m  IP: ::1[39m
[31m<<<<<<<<<<<<<<<<<<<<<<<<<<<<<<<<<<<<<<<<<<<<<<<<<<<<<<<<<<<<<<<<[39m
[31m2022-09-27 18:14:51 [error] æ•°æ®åº“é”™è¯¯:Duplicate entry '135486' for key 'PRIMARY'[39m
[31m2022-09-27 18:14:51 [error] [39m
[31m<<<<<<<<<<<<<<<<<<<<<<<<<<<<<<<<<<<<<<<<<<<<<<<<<<<<<<<<<<<<<<<<[39m
[31m  é”™è¯¯ä¿¡æ¯: DatabaseError: Duplicate entry '135486' for key 'PRIMARY'[39m
[31m  è¯·æ±‚è·¯å¾„: /api/user/addUser[39m
[31m  è¯·æ±‚æ–¹æ³•: POST[39m
[31m  IP: ::1[39m
[31m<<<<<<<<<<<<<<<<<<<<<<<<<<<<<<<<<<<<<<<<<<<<<<<<<<<<<<<<<<<<<<<<[39m
[31m2022-09-27 18:14:52 [error] æ•°æ®åº“é”™è¯¯:Duplicate entry '135486' for key 'PRIMARY'[39m
[31m2022-09-27 18:14:52 [error] [39m
[31m<<<<<<<<<<<<<<<<<<<<<<<<<<<<<<<<<<<<<<<<<<<<<<<<<<<<<<<<<<<<<<<<[39m
[31m  é”™è¯¯ä¿¡æ¯: DatabaseError: Duplicate entry '135486' for key 'PRIMARY'[39m
[31m  è¯·æ±‚è·¯å¾„: /api/user/addUser[39m
[31m  è¯·æ±‚æ–¹æ³•: POST[39m
[31m  IP: ::1[39m
[31m<<<<<<<<<<<<<<<<<<<<<<<<<<<<<<<<<<<<<<<<<<<<<<<<<<<<<<<<<<<<<<<<[39m
[31m2022-09-27 18:14:52 [error] æ•°æ®åº“é”™è¯¯:Duplicate entry '135486' for key 'PRIMARY'[39m
[31m2022-09-27 18:14:52 [error] [39m
[31m<<<<<<<<<<<<<<<<<<<<<<<<<<<<<<<<<<<<<<<<<<<<<<<<<<<<<<<<<<<<<<<<[39m
[31m  é”™è¯¯ä¿¡æ¯: DatabaseError: Duplicate entry '135486' for key 'PRIMARY'[39m
[31m  è¯·æ±‚è·¯å¾„: /api/user/addUser[39m
[31m  è¯·æ±‚æ–¹æ³•: POST[39m
[31m  IP: ::1[39m
[31m<<<<<<<<<<<<<<<<<<<<<<<<<<<<<<<<<<<<<<<<<<<<<<<<<<<<<<<<<<<<<<<<[39m
[31m2022-09-27 18:14:52 [error] æ•°æ®åº“é”™è¯¯:Duplicate entry '135486' for key 'PRIMARY'[39m
[31m2022-09-27 18:14:52 [error] [39m
[31m<<<<<<<<<<<<<<<<<<<<<<<<<<<<<<<<<<<<<<<<<<<<<<<<<<<<<<<<<<<<<<<<[39m
[31m  é”™è¯¯ä¿¡æ¯: DatabaseError: Duplicate entry '135486' for key 'PRIMARY'[39m
[31m  è¯·æ±‚è·¯å¾„: /api/user/addUser[39m
[31m  è¯·æ±‚æ–¹æ³•: POST[39m
[31m  IP: ::1[39m
[31m<<<<<<<<<<<<<<<<<<<<<<<<<<<<<<<<<<<<<<<<<<<<<<<<<<<<<<<<<<<<<<<<[39m
[31m2022-09-27 18:14:52 [error] æ•°æ®åº“é”™è¯¯:Duplicate entry '135486' for key 'PRIMARY'[39m
[31m2022-09-27 18:14:52 [error] [39m
[31m<<<<<<<<<<<<<<<<<<<<<<<<<<<<<<<<<<<<<<<<<<<<<<<<<<<<<<<<<<<<<<<<[39m
[31m  é”™è¯¯ä¿¡æ¯: DatabaseError: Duplicate entry '135486' for key 'PRIMARY'[39m
[31m  è¯·æ±‚è·¯å¾„: /api/user/addUser[39m
[31m  è¯·æ±‚æ–¹æ³•: POST[39m
[31m  IP: ::1[39m
[31m<<<<<<<<<<<<<<<<<<<<<<<<<<<<<<<<<<<<<<<<<<<<<<<<<<<<<<<<<<<<<<<<[39m
[31m2022-09-27 18:14:53 [error] æ•°æ®åº“é”™è¯¯:Duplicate entry '135486' for key 'PRIMARY'[39m
[31m2022-09-27 18:14:53 [error] [39m
[31m<<<<<<<<<<<<<<<<<<<<<<<<<<<<<<<<<<<<<<<<<<<<<<<<<<<<<<<<<<<<<<<<[39m
[31m  é”™è¯¯ä¿¡æ¯: DatabaseError: Duplicate entry '135486' for key 'PRIMARY'[39m
[31m  è¯·æ±‚è·¯å¾„: /api/user/addUser[39m
[31m  è¯·æ±‚æ–¹æ³•: POST[39m
[31m  IP: ::1[39m
[31m<<<<<<<<<<<<<<<<<<<<<<<<<<<<<<<<<<<<<<<<<<<<<<<<<<<<<<<<<<<<<<<<[39m
[31m2022-09-27 18:14:53 [error] æ•°æ®åº“é”™è¯¯:Duplicate entry '135486' for key 'PRIMARY'[39m
[31m2022-09-27 18:14:53 [error] [39m
[31m<<<<<<<<<<<<<<<<<<<<<<<<<<<<<<<<<<<<<<<<<<<<<<<<<<<<<<<<<<<<<<<<[39m
[31m  é”™è¯¯ä¿¡æ¯: DatabaseError: Duplicate entry '135486' for key 'PRIMARY'[39m
[31m  è¯·æ±‚è·¯å¾„: /api/user/addUser[39m
[31m  è¯·æ±‚æ–¹æ³•: POST[39m
[31m  IP: ::1[39m
[31m<<<<<<<<<<<<<<<<<<<<<<<<<<<<<<<<<<<<<<<<<<<<<<<<<<<<<<<<<<<<<<<<[39m
[31m2022-09-27 18:14:53 [error] æ•°æ®åº“é”™è¯¯:Duplicate entry '135486' for key 'PRIMARY'[39m
[31m2022-09-27 18:14:53 [error] [39m
[31m<<<<<<<<<<<<<<<<<<<<<<<<<<<<<<<<<<<<<<<<<<<<<<<<<<<<<<<<<<<<<<<<[39m
[31m  é”™è¯¯ä¿¡æ¯: DatabaseError: Duplicate entry '135486' for key 'PRIMARY'[39m
[31m  è¯·æ±‚è·¯å¾„: /api/user/addUser[39m
[31m  è¯·æ±‚æ–¹æ³•: POST[39m
[31m  IP: ::1[39m
[31m<<<<<<<<<<<<<<<<<<<<<<<<<<<<<<<<<<<<<<<<<<<<<<<<<<<<<<<<<<<<<<<<[39m
[31m2022-09-27 18:14:53 [error] æ•°æ®åº“é”™è¯¯:Duplicate entry '135486' for key 'PRIMARY'[39m
[31m2022-09-27 18:14:53 [error] [39m
[31m<<<<<<<<<<<<<<<<<<<<<<<<<<<<<<<<<<<<<<<<<<<<<<<<<<<<<<<<<<<<<<<<[39m
[31m  é”™è¯¯ä¿¡æ¯: DatabaseError: Duplicate entry '135486' for key 'PRIMARY'[39m
[31m  è¯·æ±‚è·¯å¾„: /api/user/addUser[39m
[31m  è¯·æ±‚æ–¹æ³•: POST[39m
[31m  IP: ::1[39m
[31m<<<<<<<<<<<<<<<<<<<<<<<<<<<<<<<<<<<<<<<<<<<<<<<<<<<<<<<<<<<<<<<<[39m
[31m2022-09-27 18:16:32 [error] æ•°æ®åº“é”™è¯¯:Duplicate entry '123' for key 'PRIMARY'[39m
[31m2022-09-27 18:16:32 [error] [39m
[31m<<<<<<<<<<<<<<<<<<<<<<<<<<<<<<<<<<<<<<<<<<<<<<<<<<<<<<<<<<<<<<<<[39m
[31m  é”™è¯¯ä¿¡æ¯: DatabaseError: Duplicate entry '123' for key 'PRIMARY'[39m
[31m  è¯·æ±‚è·¯å¾„: /api/user/addUser[39m
[31m  è¯·æ±‚æ–¹æ³•: POST[39m
[31m  IP: ::1[39m
[31m<<<<<<<<<<<<<<<<<<<<<<<<<<<<<<<<<<<<<<<<<<<<<<<<<<<<<<<<<<<<<<<<[39m
[31m2022-09-27 18:16:45 [error] æ•°æ®åº“é”™è¯¯:Duplicate entry '1234' for key 'PRIMARY'[39m
[31m2022-09-27 18:16:45 [error] [39m
[31m<<<<<<<<<<<<<<<<<<<<<<<<<<<<<<<<<<<<<<<<<<<<<<<<<<<<<<<<<<<<<<<<[39m
[31m  é”™è¯¯ä¿¡æ¯: DatabaseError: Duplicate entry '1234' for key 'PRIMARY'[39m
[31m  è¯·æ±‚è·¯å¾„: /api/user/addUser[39m
[31m  è¯·æ±‚æ–¹æ³•: POST[39m
[31m  IP: ::1[39m
[31m<<<<<<<<<<<<<<<<<<<<<<<<<<<<<<<<<<<<<<<<<<<<<<<<<<<<<<<<<<<<<<<<[39m
[31m2022-09-27 19:48:06 [error] æ•°æ®åº“é”™è¯¯:Incorrect integer value: 'Tomao' for column 'user_id' at row 1[39m
[31m2022-09-27 19:48:06 [error] [39m
[31m<<<<<<<<<<<<<<<<<<<<<<<<<<<<<<<<<<<<<<<<<<<<<<<<<<<<<<<<<<<<<<<<[39m
[31m  é”™è¯¯ä¿¡æ¯: DatabaseError: Incorrect integer value: 'Tomao' for column 'user_id' at row 1[39m
[31m  è¯·æ±‚è·¯å¾„: /api/accout/addAccout[39m
[31m  è¯·æ±‚æ–¹æ³•: POST[39m
[31m  IP: ::1[39m
[31m<<<<<<<<<<<<<<<<<<<<<<<<<<<<<<<<<<<<<<<<<<<<<<<<<<<<<<<<<<<<<<<<[39m
[31m2022-09-27 20:12:22 [error] æ•°æ®åº“é”™è¯¯:Incorrect integer value: 'é»˜è®¤ç”¨æˆ·' for column 'user_id' at row 1[39m
[31m2022-09-27 20:12:22 [error] [39m
[31m<<<<<<<<<<<<<<<<<<<<<<<<<<<<<<<<<<<<<<<<<<<<<<<<<<<<<<<<<<<<<<<<[39m
[31m  é”™è¯¯ä¿¡æ¯: DatabaseError: Incorrect integer value: 'é»˜è®¤ç”¨æˆ·' for column 'user_id' at row 1[39m
[31m  è¯·æ±‚è·¯å¾„: /api/accout/initAccout[39m
[31m  è¯·æ±‚æ–¹æ³•: POST[39m
[31m  IP: ::1[39m
[31m<<<<<<<<<<<<<<<<<<<<<<<<<<<<<<<<<<<<<<<<<<<<<<<<<<<<<<<<<<<<<<<<[39m
[31m2022-09-27 20:13:30 [error] æ•°æ®åº“é”™è¯¯:Duplicate entry '111' for key 'PRIMARY'[39m
[31m2022-09-27 20:13:30 [error] [39m
[31m<<<<<<<<<<<<<<<<<<<<<<<<<<<<<<<<<<<<<<<<<<<<<<<<<<<<<<<<<<<<<<<<[39m
[31m  é”™è¯¯ä¿¡æ¯: DatabaseError: Duplicate entry '111' for key 'PRIMARY'[39m
[31m  è¯·æ±‚è·¯å¾„: /api/user/addUser[39m
[31m  è¯·æ±‚æ–¹æ³•: POST[39m
[31m  IP: ::1[39m
[31m<<<<<<<<<<<<<<<<<<<<<<<<<<<<<<<<<<<<<<<<<<<<<<<<<<<<<<<<<<<<<<<<[39m
[31m2022-09-27 20:13:48 [error] æ•°æ®åº“é”™è¯¯:Incorrect integer value: 'é»˜è®¤ç”¨æˆ·' for column 'user_id' at row 1[39m
[31m2022-09-27 20:13:48 [error] [39m
[31m<<<<<<<<<<<<<<<<<<<<<<<<<<<<<<<<<<<<<<<<<<<<<<<<<<<<<<<<<<<<<<<<[39m
[31m  é”™è¯¯ä¿¡æ¯: DatabaseError: Incorrect integer value: 'é»˜è®¤ç”¨æˆ·' for column 'user_id' at row 1[39m
[31m  è¯·æ±‚è·¯å¾„: /api/accout/initAccout[39m
[31m  è¯·æ±‚æ–¹æ³•: POST[39m
[31m  IP: ::1[39m
[31m<<<<<<<<<<<<<<<<<<<<<<<<<<<<<<<<<<<<<<<<<<<<<<<<<<<<<<<<<<<<<<<<[39m
[31m2022-09-27 20:16:32 [error] æ•°æ®åº“é”™è¯¯:Incorrect integer value: 'é»˜è®¤ç”¨æˆ·' for column 'user_id' at row 1[39m
[31m2022-09-27 20:16:32 [error] [39m
[31m<<<<<<<<<<<<<<<<<<<<<<<<<<<<<<<<<<<<<<<<<<<<<<<<<<<<<<<<<<<<<<<<[39m
[31m  é”™è¯¯ä¿¡æ¯: DatabaseError: Incorrect integer value: 'é»˜è®¤ç”¨æˆ·' for column 'user_id' at row 1[39m
[31m  è¯·æ±‚è·¯å¾„: /api/accout/initAccout[39m
[31m  è¯·æ±‚æ–¹æ³•: POST[39m
[31m  IP: ::1[39m
[31m<<<<<<<<<<<<<<<<<<<<<<<<<<<<<<<<<<<<<<<<<<<<<<<<<<<<<<<<<<<<<<<<[39m
[31m2022-09-27 20:24:39 [error] [39m
[31m<<<<<<<<<<<<<<<<<<<<<<<<<<<<<<<<<<<<<<<<<<<<<<<<<<<<<<<<<<<<<<<<[39m
[31m  é”™è¯¯ä¿¡æ¯: Error: selectByIdç¼ºå°‘idå‚æ•°[39m
[31m  è¯·æ±‚è·¯å¾„: /api/user/userLogin[39m
[31m  è¯·æ±‚æ–¹æ³•: POST[39m
[31m  IP: ::1[39m
[31m<<<<<<<<<<<<<<<<<<<<<<<<<<<<<<<<<<<<<<<<<<<<<<<<<<<<<<<<<<<<<<<<[39m
[31m2022-09-27 20:24:40 [error] [39m
[31m<<<<<<<<<<<<<<<<<<<<<<<<<<<<<<<<<<<<<<<<<<<<<<<<<<<<<<<<<<<<<<<<[39m
[31m  é”™è¯¯ä¿¡æ¯: Error: selectByIdç¼ºå°‘idå‚æ•°[39m
[31m  è¯·æ±‚è·¯å¾„: /api/user/userLogin[39m
[31m  è¯·æ±‚æ–¹æ³•: POST[39m
[31m  IP: ::1[39m
[31m<<<<<<<<<<<<<<<<<<<<<<<<<<<<<<<<<<<<<<<<<<<<<<<<<<<<<<<<<<<<<<<<[39m
[31m2022-09-27 20:24:40 [error] [39m
[31m<<<<<<<<<<<<<<<<<<<<<<<<<<<<<<<<<<<<<<<<<<<<<<<<<<<<<<<<<<<<<<<<[39m
[31m  é”™è¯¯ä¿¡æ¯: Error: selectByIdç¼ºå°‘idå‚æ•°[39m
[31m  è¯·æ±‚è·¯å¾„: /api/user/userLogin[39m
[31m  è¯·æ±‚æ–¹æ³•: POST[39m
[31m  IP: ::1[39m
[31m<<<<<<<<<<<<<<<<<<<<<<<<<<<<<<<<<<<<<<<<<<<<<<<<<<<<<<<<<<<<<<<<[39m
[31m2022-09-27 20:24:41 [error] [39m
[31m<<<<<<<<<<<<<<<<<<<<<<<<<<<<<<<<<<<<<<<<<<<<<<<<<<<<<<<<<<<<<<<<[39m
[31m  é”™è¯¯ä¿¡æ¯: Error: selectByIdç¼ºå°‘idå‚æ•°[39m
[31m  è¯·æ±‚è·¯å¾„: /api/user/userLogin[39m
[31m  è¯·æ±‚æ–¹æ³•: POST[39m
[31m  IP: ::1[39m
[31m<<<<<<<<<<<<<<<<<<<<<<<<<<<<<<<<<<<<<<<<<<<<<<<<<<<<<<<<<<<<<<<<[39m
[31m2022-09-27 20:24:41 [error] [39m
[31m<<<<<<<<<<<<<<<<<<<<<<<<<<<<<<<<<<<<<<<<<<<<<<<<<<<<<<<<<<<<<<<<[39m
[31m  é”™è¯¯ä¿¡æ¯: Error: selectByIdç¼ºå°‘idå‚æ•°[39m
[31m  è¯·æ±‚è·¯å¾„: /api/user/userLogin[39m
[31m  è¯·æ±‚æ–¹æ³•: POST[39m
[31m  IP: ::1[39m
[31m<<<<<<<<<<<<<<<<<<<<<<<<<<<<<<<<<<<<<<<<<<<<<<<<<<<<<<<<<<<<<<<<[39m
[31m2022-09-27 20:24:41 [error] [39m
[31m<<<<<<<<<<<<<<<<<<<<<<<<<<<<<<<<<<<<<<<<<<<<<<<<<<<<<<<<<<<<<<<<[39m
[31m  é”™è¯¯ä¿¡æ¯: Error: selectByIdç¼ºå°‘idå‚æ•°[39m
[31m  è¯·æ±‚è·¯å¾„: /api/user/userLogin[39m
[31m  è¯·æ±‚æ–¹æ³•: POST[39m
[31m  IP: ::1[39m
[31m<<<<<<<<<<<<<<<<<<<<<<<<<<<<<<<<<<<<<<<<<<<<<<<<<<<<<<<<<<<<<<<<[39m
[31m2022-09-27 20:24:41 [error] [39m
[31m<<<<<<<<<<<<<<<<<<<<<<<<<<<<<<<<<<<<<<<<<<<<<<<<<<<<<<<<<<<<<<<<[39m
[31m  é”™è¯¯ä¿¡æ¯: Error: selectByIdç¼ºå°‘idå‚æ•°[39m
[31m  è¯·æ±‚è·¯å¾„: /api/user/userLogin[39m
[31m  è¯·æ±‚æ–¹æ³•: POST[39m
[31m  IP: ::1[39m
[31m<<<<<<<<<<<<<<<<<<<<<<<<<<<<<<<<<<<<<<<<<<<<<<<<<<<<<<<<<<<<<<<<[39m
[31m2022-09-27 20:24:41 [error] [39m
[31m<<<<<<<<<<<<<<<<<<<<<<<<<<<<<<<<<<<<<<<<<<<<<<<<<<<<<<<<<<<<<<<<[39m
[31m  é”™è¯¯ä¿¡æ¯: Error: selectByIdç¼ºå°‘idå‚æ•°[39m
[31m  è¯·æ±‚è·¯å¾„: /api/user/userLogin[39m
[31m  è¯·æ±‚æ–¹æ³•: POST[39m
[31m  IP: ::1[39m
[31m<<<<<<<<<<<<<<<<<<<<<<<<<<<<<<<<<<<<<<<<<<<<<<<<<<<<<<<<<<<<<<<<[39m
[31m2022-09-27 20:24:42 [error] [39m
[31m<<<<<<<<<<<<<<<<<<<<<<<<<<<<<<<<<<<<<<<<<<<<<<<<<<<<<<<<<<<<<<<<[39m
[31m  é”™è¯¯ä¿¡æ¯: Error: selectByIdç¼ºå°‘idå‚æ•°[39m
[31m  è¯·æ±‚è·¯å¾„: /api/user/userLogin[39m
[31m  è¯·æ±‚æ–¹æ³•: POST[39m
[31m  IP: ::1[39m
[31m<<<<<<<<<<<<<<<<<<<<<<<<<<<<<<<<<<<<<<<<<<<<<<<<<<<<<<<<<<<<<<<<[39m
[31m2022-09-27 20:24:42 [error] [39m
[31m<<<<<<<<<<<<<<<<<<<<<<<<<<<<<<<<<<<<<<<<<<<<<<<<<<<<<<<<<<<<<<<<[39m
[31m  é”™è¯¯ä¿¡æ¯: Error: selectByIdç¼ºå°‘idå‚æ•°[39m
[31m  è¯·æ±‚è·¯å¾„: /api/user/userLogin[39m
[31m  è¯·æ±‚æ–¹æ³•: POST[39m
[31m  IP: ::1[39m
[31m<<<<<<<<<<<<<<<<<<<<<<<<<<<<<<<<<<<<<<<<<<<<<<<<<<<<<<<<<<<<<<<<[39m
[31m2022-09-27 20:24:42 [error] [39m
[31m<<<<<<<<<<<<<<<<<<<<<<<<<<<<<<<<<<<<<<<<<<<<<<<<<<<<<<<<<<<<<<<<[39m
[31m  é”™è¯¯ä¿¡æ¯: Error: selectByIdç¼ºå°‘idå‚æ•°[39m
[31m  è¯·æ±‚è·¯å¾„: /api/user/userLogin[39m
[31m  è¯·æ±‚æ–¹æ³•: POST[39m
[31m  IP: ::1[39m
[31m<<<<<<<<<<<<<<<<<<<<<<<<<<<<<<<<<<<<<<<<<<<<<<<<<<<<<<<<<<<<<<<<[39m
[31m2022-09-27 20:24:42 [error] [39m
[31m<<<<<<<<<<<<<<<<<<<<<<<<<<<<<<<<<<<<<<<<<<<<<<<<<<<<<<<<<<<<<<<<[39m
[31m  é”™è¯¯ä¿¡æ¯: Error: selectByIdç¼ºå°‘idå‚æ•°[39m
[31m  è¯·æ±‚è·¯å¾„: /api/user/userLogin[39m
[31m  è¯·æ±‚æ–¹æ³•: POST[39m
[31m  IP: ::1[39m
[31m<<<<<<<<<<<<<<<<<<<<<<<<<<<<<<<<<<<<<<<<<<<<<<<<<<<<<<<<<<<<<<<<[39m
[31m2022-09-27 20:24:42 [error] [39m
[31m<<<<<<<<<<<<<<<<<<<<<<<<<<<<<<<<<<<<<<<<<<<<<<<<<<<<<<<<<<<<<<<<[39m
[31m  é”™è¯¯ä¿¡æ¯: Error: selectByIdç¼ºå°‘idå‚æ•°[39m
[31m  è¯·æ±‚è·¯å¾„: /api/user/userLogin[39m
[31m  è¯·æ±‚æ–¹æ³•: POST[39m
[31m  IP: ::1[39m
[31m<<<<<<<<<<<<<<<<<<<<<<<<<<<<<<<<<<<<<<<<<<<<<<<<<<<<<<<<<<<<<<<<[39m
[31m2022-09-27 20:24:46 [error] [39m
[31m<<<<<<<<<<<<<<<<<<<<<<<<<<<<<<<<<<<<<<<<<<<<<<<<<<<<<<<<<<<<<<<<[39m
[31m  é”™è¯¯ä¿¡æ¯: Error: selectByIdç¼ºå°‘idå‚æ•°[39m
[31m  è¯·æ±‚è·¯å¾„: /api/user/userLogin[39m
[31m  è¯·æ±‚æ–¹æ³•: POST[39m
[31m  IP: ::1[39m
[31m<<<<<<<<<<<<<<<<<<<<<<<<<<<<<<<<<<<<<<<<<<<<<<<<<<<<<<<<<<<<<<<<[39m
[31m2022-09-27 22:17:21 [error] [39m
[31m<<<<<<<<<<<<<<<<<<<<<<<<<<<<<<<<<<<<<<<<<<<<<<<<<<<<<<<<<<<<<<<<[39m
[31m  é”™è¯¯ä¿¡æ¯: Error: selectByIdç¼ºå°‘idå‚æ•°[39m
[31m  è¯·æ±‚è·¯å¾„: /api/accout/getAccoutById?id=[39m
[31m  è¯·æ±‚æ–¹æ³•: GET[39m
[31m  IP: ::1[39m
[31m<<<<<<<<<<<<<<<<<<<<<<<<<<<<<<<<<<<<<<<<<<<<<<<<<<<<<<<<<<<<<<<<[39m
[31m2022-09-27 22:17:22 [error] [39m
[31m<<<<<<<<<<<<<<<<<<<<<<<<<<<<<<<<<<<<<<<<<<<<<<<<<<<<<<<<<<<<<<<<[39m
[31m  é”™è¯¯ä¿¡æ¯: Error: selectByIdç¼ºå°‘idå‚æ•°[39m
[31m  è¯·æ±‚è·¯å¾„: /api/accout/getAccoutById?id=[39m
[31m  è¯·æ±‚æ–¹æ³•: GET[39m
[31m  IP: ::1[39m
[31m<<<<<<<<<<<<<<<<<<<<<<<<<<<<<<<<<<<<<<<<<<<<<<<<<<<<<<<<<<<<<<<<[39m
[31m2022-09-27 22:17:30 [error] [39m
[31m<<<<<<<<<<<<<<<<<<<<<<<<<<<<<<<<<<<<<<<<<<<<<<<<<<<<<<<<<<<<<<<<[39m
[31m  é”™è¯¯ä¿¡æ¯: Error: selectByIdç¼ºå°‘idå‚æ•°[39m
[31m  è¯·æ±‚è·¯å¾„: /api/accout/getAccoutById?id=[39m
[31m  è¯·æ±‚æ–¹æ³•: GET[39m
[31m  IP: ::1[39m
[31m<<<<<<<<<<<<<<<<<<<<<<<<<<<<<<<<<<<<<<<<<<<<<<<<<<<<<<<<<<<<<<<<[39m
[31m2022-09-27 22:17:34 [error] [39m
[31m<<<<<<<<<<<<<<<<<<<<<<<<<<<<<<<<<<<<<<<<<<<<<<<<<<<<<<<<<<<<<<<<[39m
[31m  é”™è¯¯ä¿¡æ¯: Error: selectByIdç¼ºå°‘idå‚æ•°[39m
[31m  è¯·æ±‚è·¯å¾„: /api/accout/getAccoutById?id=[39m
[31m  è¯·æ±‚æ–¹æ³•: GET[39m
[31m  IP: ::1[39m
[31m<<<<<<<<<<<<<<<<<<<<<<<<<<<<<<<<<<<<<<<<<<<<<<<<<<<<<<<<<<<<<<<<[39m
[31m2022-09-27 22:17:38 [error] [39m
[31m<<<<<<<<<<<<<<<<<<<<<<<<<<<<<<<<<<<<<<<<<<<<<<<<<<<<<<<<<<<<<<<<[39m
[31m  é”™è¯¯ä¿¡æ¯: Error: selectByIdç¼ºå°‘idå‚æ•°[39m
[31m  è¯·æ±‚è·¯å¾„: /api/accout/getAccoutById?id=[39m
[31m  è¯·æ±‚æ–¹æ³•: GET[39m
[31m  IP: ::1[39m
[31m<<<<<<<<<<<<<<<<<<<<<<<<<<<<<<<<<<<<<<<<<<<<<<<<<<<<<<<<<<<<<<<<[39m
[31m2022-09-27 22:18:56 [error] [39m
[31m<<<<<<<<<<<<<<<<<<<<<<<<<<<<<<<<<<<<<<<<<<<<<<<<<<<<<<<<<<<<<<<<[39m
[31m  é”™è¯¯ä¿¡æ¯: Error: selectByIdç¼ºå°‘idå‚æ•°[39m
[31m  è¯·æ±‚è·¯å¾„: /api/accout/getAccoutById?id=[39m
[31m  è¯·æ±‚æ–¹æ³•: GET[39m
[31m  IP: ::1[39m
[31m<<<<<<<<<<<<<<<<<<<<<<<<<<<<<<<<<<<<<<<<<<<<<<<<<<<<<<<<<<<<<<<<[39m
[31m2022-09-27 22:20:50 [error] [39m
[31m<<<<<<<<<<<<<<<<<<<<<<<<<<<<<<<<<<<<<<<<<<<<<<<<<<<<<<<<<<<<<<<<[39m
[31m  é”™è¯¯ä¿¡æ¯: Error: selectByIdç¼ºå°‘idå‚æ•°[39m
[31m  è¯·æ±‚è·¯å¾„: /api/accout/getAccoutById?id=[39m
[31m  è¯·æ±‚æ–¹æ³•: GET[39m
[31m  IP: ::1[39m
[31m<<<<<<<<<<<<<<<<<<<<<<<<<<<<<<<<<<<<<<<<<<<<<<<<<<<<<<<<<<<<<<<<[39m
[31m2022-09-28 09:34:23 [error] [39m
[31m<<<<<<<<<<<<<<<<<<<<<<<<<<<<<<<<<<<<<<<<<<<<<<<<<<<<<<<<<<<<<<<<[39m
[31m  é”™è¯¯ä¿¡æ¯: Error: selectByIdç¼ºå°‘idå‚æ•°[39m
[31m  è¯·æ±‚è·¯å¾„: /api/accout/getAccoutById?id=[39m
[31m  è¯·æ±‚æ–¹æ³•: GET[39m
[31m  IP: ::1[39m
[31m<<<<<<<<<<<<<<<<<<<<<<<<<<<<<<<<<<<<<<<<<<<<<<<<<<<<<<<<<<<<<<<<[39m
[31m2022-09-28 09:36:06 [error] [39m
[31m<<<<<<<<<<<<<<<<<<<<<<<<<<<<<<<<<<<<<<<<<<<<<<<<<<<<<<<<<<<<<<<<[39m
[31m  é”™è¯¯ä¿¡æ¯: Error: selectByIdç¼ºå°‘idå‚æ•°[39m
[31m  è¯·æ±‚è·¯å¾„: /api/accout/getAccoutById?id=[39m
[31m  è¯·æ±‚æ–¹æ³•: GET[39m
[31m  IP: ::1[39m
[31m<<<<<<<<<<<<<<<<<<<<<<<<<<<<<<<<<<<<<<<<<<<<<<<<<<<<<<<<<<<<<<<<[39m
[31m2022-09-28 09:36:11 [error] [39m
[31m<<<<<<<<<<<<<<<<<<<<<<<<<<<<<<<<<<<<<<<<<<<<<<<<<<<<<<<<<<<<<<<<[39m
[31m  é”™è¯¯ä¿¡æ¯: Error: selectByIdç¼ºå°‘idå‚æ•°[39m
[31m  è¯·æ±‚è·¯å¾„: /api/accout/getAccoutById?id=[39m
[31m  è¯·æ±‚æ–¹æ³•: GET[39m
[31m  IP: ::1[39m
[31m<<<<<<<<<<<<<<<<<<<<<<<<<<<<<<<<<<<<<<<<<<<<<<<<<<<<<<<<<<<<<<<<[39m
[31m2022-09-28 09:37:56 [error] [39m
[31m<<<<<<<<<<<<<<<<<<<<<<<<<<<<<<<<<<<<<<<<<<<<<<<<<<<<<<<<<<<<<<<<[39m
[31m  é”™è¯¯ä¿¡æ¯: Error: selectByIdç¼ºå°‘idå‚æ•°[39m
[31m  è¯·æ±‚è·¯å¾„: /api/accout/getAccoutById?id=[39m
[31m  è¯·æ±‚æ–¹æ³•: GET[39m
[31m  IP: ::1[39m
[31m<<<<<<<<<<<<<<<<<<<<<<<<<<<<<<<<<<<<<<<<<<<<<<<<<<<<<<<<<<<<<<<<[39m
[31m2022-09-28 10:40:09 [error] [39m
[31m<<<<<<<<<<<<<<<<<<<<<<<<<<<<<<<<<<<<<<<<<<<<<<<<<<<<<<<<<<<<<<<<[39m
[31m  é”™è¯¯ä¿¡æ¯: Error: selectByIdç¼ºå°‘idå‚æ•°[39m
[31m  è¯·æ±‚è·¯å¾„: /api/accout/getAccoutById?id=[39m
[31m  è¯·æ±‚æ–¹æ³•: GET[39m
[31m  IP: ::1[39m
[31m<<<<<<<<<<<<<<<<<<<<<<<<<<<<<<<<<<<<<<<<<<<<<<<<<<<<<<<<<<<<<<<<[39m
[31m2022-09-28 10:44:51 [error] [39m
[31m<<<<<<<<<<<<<<<<<<<<<<<<<<<<<<<<<<<<<<<<<<<<<<<<<<<<<<<<<<<<<<<<[39m
[31m  é”™è¯¯ä¿¡æ¯: Error: selectByIdç¼ºå°‘idå‚æ•°[39m
[31m  è¯·æ±‚è·¯å¾„: /api/accout/getAccoutById?id=[39m
[31m  è¯·æ±‚æ–¹æ³•: GET[39m
[31m  IP: ::1[39m
[31m<<<<<<<<<<<<<<<<<<<<<<<<<<<<<<<<<<<<<<<<<<<<<<<<<<<<<<<<<<<<<<<<[39m
[31m2022-09-28 10:44:51 [error] [39m
[31m<<<<<<<<<<<<<<<<<<<<<<<<<<<<<<<<<<<<<<<<<<<<<<<<<<<<<<<<<<<<<<<<[39m
[31m  é”™è¯¯ä¿¡æ¯: Error: selectByIdç¼ºå°‘idå‚æ•°[39m
[31m  è¯·æ±‚è·¯å¾„: /api/accout/getAccoutById?id=[39m
[31m  è¯·æ±‚æ–¹æ³•: GET[39m
[31m  IP: ::1[39m
[31m<<<<<<<<<<<<<<<<<<<<<<<<<<<<<<<<<<<<<<<<<<<<<<<<<<<<<<<<<<<<<<<<[39m
[31m2022-09-28 10:46:54 [error] [39m
[31m<<<<<<<<<<<<<<<<<<<<<<<<<<<<<<<<<<<<<<<<<<<<<<<<<<<<<<<<<<<<<<<<[39m
[31m  é”™è¯¯ä¿¡æ¯: Error: selectByIdç¼ºå°‘idå‚æ•°[39m
[31m  è¯·æ±‚è·¯å¾„: /api/accout/getAccoutById?id=[39m
[31m  è¯·æ±‚æ–¹æ³•: GET[39m
[31m  IP: ::1[39m
[31m<<<<<<<<<<<<<<<<<<<<<<<<<<<<<<<<<<<<<<<<<<<<<<<<<<<<<<<<<<<<<<<<[39m
[31m2022-09-28 10:46:54 [error] [39m
[31m<<<<<<<<<<<<<<<<<<<<<<<<<<<<<<<<<<<<<<<<<<<<<<<<<<<<<<<<<<<<<<<<[39m
[31m  é”™è¯¯ä¿¡æ¯: Error: selectByIdç¼ºå°‘idå‚æ•°[39m
[31m  è¯·æ±‚è·¯å¾„: /api/accout/getAccoutById?id=[39m
[31m  è¯·æ±‚æ–¹æ³•: GET[39m
[31m  IP: ::1[39m
[31m<<<<<<<<<<<<<<<<<<<<<<<<<<<<<<<<<<<<<<<<<<<<<<<<<<<<<<<<<<<<<<<<[39m
[31m2022-09-28 19:39:29 [error] æ•°æ®åº“é”™è¯¯:Unknown column 'page' in 'where clause'[39m
[31m2022-09-28 19:39:29 [error] [39m
[31m<<<<<<<<<<<<<<<<<<<<<<<<<<<<<<<<<<<<<<<<<<<<<<<<<<<<<<<<<<<<<<<<[39m
[31m  é”™è¯¯ä¿¡æ¯: DatabaseError: Unknown column 'page' in 'where clause'[39m
[31m  è¯·æ±‚è·¯å¾„: /api/battery/getBattery[39m
[31m  è¯·æ±‚æ–¹æ³•: POST[39m
[31m  IP: ::1[39m
[31m<<<<<<<<<<<<<<<<<<<<<<<<<<<<<<<<<<<<<<<<<<<<<<<<<<<<<<<<<<<<<<<<[39m
[31m2022-09-28 19:39:29 [error] æ•°æ®åº“é”™è¯¯:Unknown column 'page' in 'where clause'[39m
[31m2022-09-28 19:39:29 [error] [39m
[31m<<<<<<<<<<<<<<<<<<<<<<<<<<<<<<<<<<<<<<<<<<<<<<<<<<<<<<<<<<<<<<<<[39m
[31m  é”™è¯¯ä¿¡æ¯: DatabaseError: Unknown column 'page' in 'where clause'[39m
[31m  è¯·æ±‚è·¯å¾„: /api/battery/getBattery[39m
[31m  è¯·æ±‚æ–¹æ³•: POST[39m
[31m  IP: ::1[39m
[31m<<<<<<<<<<<<<<<<<<<<<<<<<<<<<<<<<<<<<<<<<<<<<<<<<<<<<<<<<<<<<<<<[39m
[31m2022-09-28 19:39:30 [error] æ•°æ®åº“é”™è¯¯:Unknown column 'page' in 'where clause'[39m
[31m2022-09-28 19:39:30 [error] [39m
[31m<<<<<<<<<<<<<<<<<<<<<<<<<<<<<<<<<<<<<<<<<<<<<<<<<<<<<<<<<<<<<<<<[39m
[31m  é”™è¯¯ä¿¡æ¯: DatabaseError: Unknown column 'page' in 'where clause'[39m
[31m  è¯·æ±‚è·¯å¾„: /api/battery/getBattery[39m
[31m  è¯·æ±‚æ–¹æ³•: POST[39m
[31m  IP: ::1[39m
[31m<<<<<<<<<<<<<<<<<<<<<<<<<<<<<<<<<<<<<<<<<<<<<<<<<<<<<<<<<<<<<<<<[39m
[31m2022-09-28 19:41:59 [error] æ•°æ®åº“é”™è¯¯:Unknown column 'page' in 'where clause'[39m
[31m2022-09-28 19:41:59 [error] [39m
[31m<<<<<<<<<<<<<<<<<<<<<<<<<<<<<<<<<<<<<<<<<<<<<<<<<<<<<<<<<<<<<<<<[39m
[31m  é”™è¯¯ä¿¡æ¯: DatabaseError: Unknown column 'page' in 'where clause'[39m
[31m  è¯·æ±‚è·¯å¾„: /api/battery/getBattery[39m
[31m  è¯·æ±‚æ–¹æ³•: POST[39m
[31m  IP: ::1[39m
[31m<<<<<<<<<<<<<<<<<<<<<<<<<<<<<<<<<<<<<<<<<<<<<<<<<<<<<<<<<<<<<<<<[39m
[31m2022-09-28 19:42:04 [error] æ•°æ®åº“é”™è¯¯:Unknown column 'page' in 'where clause'[39m
[31m2022-09-28 19:42:04 [error] [39m
[31m<<<<<<<<<<<<<<<<<<<<<<<<<<<<<<<<<<<<<<<<<<<<<<<<<<<<<<<<<<<<<<<<[39m
[31m  é”™è¯¯ä¿¡æ¯: DatabaseError: Unknown column 'page' in 'where clause'[39m
[31m  è¯·æ±‚è·¯å¾„: /api/battery/getBattery[39m
[31m  è¯·æ±‚æ–¹æ³•: POST[39m
[31m  IP: ::1[39m
[31m<<<<<<<<<<<<<<<<<<<<<<<<<<<<<<<<<<<<<<<<<<<<<<<<<<<<<<<<<<<<<<<<[39m
[31m2022-09-28 19:50:17 [error] æ•°æ®åº“é”™è¯¯:Unknown column 'battery' in 'order clause'[39m
[31m2022-09-28 19:50:17 [error] [39m
[31m<<<<<<<<<<<<<<<<<<<<<<<<<<<<<<<<<<<<<<<<<<<<<<<<<<<<<<<<<<<<<<<<[39m
[31m  é”™è¯¯ä¿¡æ¯: DatabaseError: Unknown column 'battery' in 'order clause'[39m
[31m  è¯·æ±‚è·¯å¾„: /api/battery/getBattery[39m
[31m  è¯·æ±‚æ–¹æ³•: POST[39m
[31m  IP: ::1[39m
[31m<<<<<<<<<<<<<<<<<<<<<<<<<<<<<<<<<<<<<<<<<<<<<<<<<<<<<<<<<<<<<<<<[39m
[31m2022-09-29 15:45:08 [error] æ•°æ®åº“é”™è¯¯:Duplicate entry '1' for key 'PRIMARY'[39m
[31m2022-09-29 15:46:39 [error] æ•°æ®åº“é”™è¯¯:Column count doesn't match value count at row 1[39m
[31m2022-09-29 16:03:32 [error] æ•°æ®åº“é”™è¯¯:Column count doesn't match value count at row 1[39m
[31m2022-09-29 16:06:09 [error] [39m
[31m<<<<<<<<<<<<<<<<<<<<<<<<<<<<<<<<<<<<<<<<<<<<<<<<<<<<<<<<<<<<<<<<[39m
[31m  é”™è¯¯ä¿¡æ¯: Error: limitå‚æ•°offsetå±æ€§å¿…éœ€ä¸ºæ•´æ•°[39m
[31m  è¯·æ±‚è·¯å¾„: /api/fault/getFault[39m
[31m  è¯·æ±‚æ–¹æ³•: POST[39m
[31m  IP: ::1[39m
[31m<<<<<<<<<<<<<<<<<<<<<<<<<<<<<<<<<<<<<<<<<<<<<<<<<<<<<<<<<<<<<<<<[39m
[31m2022-09-29 16:07:10 [error] [39m
[31m<<<<<<<<<<<<<<<<<<<<<<<<<<<<<<<<<<<<<<<<<<<<<<<<<<<<<<<<<<<<<<<<[39m
[31m  é”™è¯¯ä¿¡æ¯: Error: limitå‚æ•°offsetå±æ€§å¿…éœ€ä¸ºæ•´æ•°[39m
[31m  è¯·æ±‚è·¯å¾„: /api/fault/getFault[39m
[31m  è¯·æ±‚æ–¹æ³•: POST[39m
[31m  IP: ::1[39m
[31m<<<<<<<<<<<<<<<<<<<<<<<<<<<<<<<<<<<<<<<<<<<<<<<<<<<<<<<<<<<<<<<<[39m
[31m2022-09-29 16:07:11 [error] [39m
[31m<<<<<<<<<<<<<<<<<<<<<<<<<<<<<<<<<<<<<<<<<<<<<<<<<<<<<<<<<<<<<<<<[39m
[31m  é”™è¯¯ä¿¡æ¯: Error: limitå‚æ•°offsetå±æ€§å¿…éœ€ä¸ºæ•´æ•°[39m
[31m  è¯·æ±‚è·¯å¾„: /api/fault/getFault[39m
[31m  è¯·æ±‚æ–¹æ³•: POST[39m
[31m  IP: ::1[39m
[31m<<<<<<<<<<<<<<<<<<<<<<<<<<<<<<<<<<<<<<<<<<<<<<<<<<<<<<<<<<<<<<<<[39m
[31m2022-09-29 16:07:11 [error] [39m
[31m<<<<<<<<<<<<<<<<<<<<<<<<<<<<<<<<<<<<<<<<<<<<<<<<<<<<<<<<<<<<<<<<[39m
[31m  é”™è¯¯ä¿¡æ¯: Error: limitå‚æ•°offsetå±æ€§å¿…éœ€ä¸ºæ•´æ•°[39m
[31m  è¯·æ±‚è·¯å¾„: /api/fault/getFault[39m
[31m  è¯·æ±‚æ–¹æ³•: POST[39m
[31m  IP: ::1[39m
[31m<<<<<<<<<<<<<<<<<<<<<<<<<<<<<<<<<<<<<<<<<<<<<<<<<<<<<<<<<<<<<<<<[39m
[31m2022-09-29 16:07:11 [error] [39m
[31m<<<<<<<<<<<<<<<<<<<<<<<<<<<<<<<<<<<<<<<<<<<<<<<<<<<<<<<<<<<<<<<<[39m
[31m  é”™è¯¯ä¿¡æ¯: Error: limitå‚æ•°offsetå±æ€§å¿…éœ€ä¸ºæ•´æ•°[39m
[31m  è¯·æ±‚è·¯å¾„: /api/fault/getFault[39m
[31m  è¯·æ±‚æ–¹æ³•: POST[39m
[31m  IP: ::1[39m
[31m<<<<<<<<<<<<<<<<<<<<<<<<<<<<<<<<<<<<<<<<<<<<<<<<<<<<<<<<<<<<<<<<[39m
[31m2022-09-29 16:07:12 [error] [39m
[31m<<<<<<<<<<<<<<<<<<<<<<<<<<<<<<<<<<<<<<<<<<<<<<<<<<<<<<<<<<<<<<<<[39m
[31m  é”™è¯¯ä¿¡æ¯: Error: limitå‚æ•°offsetå±æ€§å¿…éœ€ä¸ºæ•´æ•°[39m
[31m  è¯·æ±‚è·¯å¾„: /api/fault/getFault[39m
[31m  è¯·æ±‚æ–¹æ³•: POST[39m
[31m  IP: ::1[39m
[31m<<<<<<<<<<<<<<<<<<<<<<<<<<<<<<<<<<<<<<<<<<<<<<<<<<<<<<<<<<<<<<<<[39m
[31m2022-09-29 16:07:20 [error] æ•°æ®åº“é”™è¯¯:You have an error in your SQL syntax; check the manual that corresponds to your MySQL server version for the right syntax to use near ' `size` = 10 and `order` = `dirc` = 'asc' order by `id` desc limit 0, 10' at line 1[39m
[31m2022-09-29 16:07:20 [error] [39m
[31m<<<<<<<<<<<<<<<<<<<<<<<<<<<<<<<<<<<<<<<<<<<<<<<<<<<<<<<<<<<<<<<<[39m
[31m  é”™è¯¯ä¿¡æ¯: DatabaseError: You have an error in your SQL syntax; check the manual that corresponds to your MySQL server version for the right syntax to use near ' `size` = 10 and `order` = `dirc` = 'asc' order by `id` desc limit 0, 10' at line 1[39m
[31m  è¯·æ±‚è·¯å¾„: /api/fault/getFault[39m
[31m  è¯·æ±‚æ–¹æ³•: POST[39m
[31m  IP: ::1[39m
[31m<<<<<<<<<<<<<<<<<<<<<<<<<<<<<<<<<<<<<<<<<<<<<<<<<<<<<<<<<<<<<<<<[39m
[31m2022-09-29 16:08:25 [error] [39m
[31m<<<<<<<<<<<<<<<<<<<<<<<<<<<<<<<<<<<<<<<<<<<<<<<<<<<<<<<<<<<<<<<<[39m
[31m  é”™è¯¯ä¿¡æ¯: Error: limitå‚æ•°offsetå±æ€§å¿…éœ€ä¸ºæ•´æ•°[39m
[31m  è¯·æ±‚è·¯å¾„: /api/fault/getFault[39m
[31m  è¯·æ±‚æ–¹æ³•: POST[39m
[31m  IP: ::1[39m
[31m<<<<<<<<<<<<<<<<<<<<<<<<<<<<<<<<<<<<<<<<<<<<<<<<<<<<<<<<<<<<<<<<[39m
[31m2022-09-29 16:15:33 [error] æ•°æ®åº“é”™è¯¯:You have an error in your SQL syntax; check the manual that corresponds to your MySQL server version for the right syntax to use near 'order by `id` desc' at line 1[39m
[31m2022-09-29 16:15:33 [error] [39m
[31m<<<<<<<<<<<<<<<<<<<<<<<<<<<<<<<<<<<<<<<<<<<<<<<<<<<<<<<<<<<<<<<<[39m
[31m  é”™è¯¯ä¿¡æ¯: DatabaseError: You have an error in your SQL syntax; check the manual that corresponds to your MySQL server version for the right syntax to use near 'order by `id` desc' at line 1[39m
[31m  è¯·æ±‚è·¯å¾„: /api/fault/getFault[39m
[31m  è¯·æ±‚æ–¹æ³•: POST[39m
[31m  IP: ::1[39m
[31m<<<<<<<<<<<<<<<<<<<<<<<<<<<<<<<<<<<<<<<<<<<<<<<<<<<<<<<<<<<<<<<<[39m
[31m2022-09-29 16:15:34 [error] æ•°æ®åº“é”™è¯¯:You have an error in your SQL syntax; check the manual that corresponds to your MySQL server version for the right syntax to use near 'order by `id` desc' at line 1[39m
[31m2022-09-29 16:15:34 [error] [39m
[31m<<<<<<<<<<<<<<<<<<<<<<<<<<<<<<<<<<<<<<<<<<<<<<<<<<<<<<<<<<<<<<<<[39m
[31m  é”™è¯¯ä¿¡æ¯: DatabaseError: You have an error in your SQL syntax; check the manual that corresponds to your MySQL server version for the right syntax to use near 'order by `id` desc' at line 1[39m
[31m  è¯·æ±‚è·¯å¾„: /api/fault/getFault[39m
[31m  è¯·æ±‚æ–¹æ³•: POST[39m
[31m  IP: ::1[39m
[31m<<<<<<<<<<<<<<<<<<<<<<<<<<<<<<<<<<<<<<<<<<<<<<<<<<<<<<<<<<<<<<<<[39m
[31m2022-09-29 16:16:32 [error] [39m
[31m<<<<<<<<<<<<<<<<<<<<<<<<<<<<<<<<<<<<<<<<<<<<<<<<<<<<<<<<<<<<<<<<[39m
[31m  é”™è¯¯ä¿¡æ¯: Error: limitå‚æ•°offsetå±æ€§å¿…éœ€ä¸ºæ•´æ•°[39m
[31m  è¯·æ±‚è·¯å¾„: /api/fault/getFault[39m
[31m  è¯·æ±‚æ–¹æ³•: POST[39m
[31m  IP: ::1[39m
[31m<<<<<<<<<<<<<<<<<<<<<<<<<<<<<<<<<<<<<<<<<<<<<<<<<<<<<<<<<<<<<<<<[39m
[31m2022-09-29 22:08:11 [error] æ•°æ®åº“é”™è¯¯:Unknown column 'money' in 'field list'[39m
[31m2022-09-29 22:08:11 [error] [39m
[31m<<<<<<<<<<<<<<<<<<<<<<<<<<<<<<<<<<<<<<<<<<<<<<<<<<<<<<<<<<<<<<<<[39m
[31m  é”™è¯¯ä¿¡æ¯: DatabaseError: Unknown column 'money' in 'field list'[39m
[31m  è¯·æ±‚è·¯å¾„: /api/accout/changeMoney[39m
[31m  è¯·æ±‚æ–¹æ³•: POST[39m
[31m  IP: ::1[39m
[31m<<<<<<<<<<<<<<<<<<<<<<<<<<<<<<<<<<<<<<<<<<<<<<<<<<<<<<<<<<<<<<<<[39m
[31m2022-09-29 22:11:16 [error] æ•°æ®åº“é”™è¯¯:Unknown column 'paymoney' in 'field list'[39m
[31m2022-09-29 22:11:16 [error] [39m
[31m<<<<<<<<<<<<<<<<<<<<<<<<<<<<<<<<<<<<<<<<<<<<<<<<<<<<<<<<<<<<<<<<[39m
[31m  é”™è¯¯ä¿¡æ¯: DatabaseError: Unknown column 'paymoney' in 'field list'[39m
[31m  è¯·æ±‚è·¯å¾„: /api/accout/changeMoney[39m
[31m  è¯·æ±‚æ–¹æ³•: POST[39m
[31m  IP: ::1[39m
[31m<<<<<<<<<<<<<<<<<<<<<<<<<<<<<<<<<<<<<<<<<<<<<<<<<<<<<<<<<<<<<<<<[39m
[31m2022-09-30 11:30:34 [error] [39m
[31m<<<<<<<<<<<<<<<<<<<<<<<<<<<<<<<<<<<<<<<<<<<<<<<<<<<<<<<<<<<<<<<<[39m
[31m  é”™è¯¯ä¿¡æ¯: Error: selectByIdç¼ºå°‘idå‚æ•°[39m
[31m  è¯·æ±‚è·¯å¾„: /api/user/userLogin[39m
[31m  è¯·æ±‚æ–¹æ³•: POST[39m
[31m  IP: ::1[39m
[31m<<<<<<<<<<<<<<<<<<<<<<<<<<<<<<<<<<<<<<<<<<<<<<<<<<<<<<<<<<<<<<<<[39m
[31m2022-09-30 12:45:13 [error] [39m
[31m<<<<<<<<<<<<<<<<<<<<<<<<<<<<<<<<<<<<<<<<<<<<<<<<<<<<<<<<<<<<<<<<[39m
[31m  é”™è¯¯ä¿¡æ¯: Error: selectByIdç¼ºå°‘idå‚æ•°[39m
[31m  è¯·æ±‚è·¯å¾„: /api/order/findOrderByUserId?user_id=1[39m
[31m  è¯·æ±‚æ–¹æ³•: GET[39m
[31m  IP: ::1[39m
[31m<<<<<<<<<<<<<<<<<<<<<<<<<<<<<<<<<<<<<<<<<<<<<<<<<<<<<<<<<<<<<<<<[39m
[31m2022-09-30 12:47:11 [error] æ•°æ®åº“é”™è¯¯:Unknown column '0' in 'where clause'[39m
[31m2022-09-30 12:47:11 [error] [39m
[31m<<<<<<<<<<<<<<<<<<<<<<<<<<<<<<<<<<<<<<<<<<<<<<<<<<<<<<<<<<<<<<<<[39m
[31m  é”™è¯¯ä¿¡æ¯: DatabaseError: Unknown column '0' in 'where clause'[39m
[31m  è¯·æ±‚è·¯å¾„: /api/order/findOrderByUserId?id=11[39m
[31m  è¯·æ±‚æ–¹æ³•: GET[39m
[31m  IP: ::1[39m
[31m<<<<<<<<<<<<<<<<<<<<<<<<<<<<<<<<<<<<<<<<<<<<<<<<<<<<<<<<<<<<<<<<[39m
[31m2022-09-30 12:47:12 [error] æ•°æ®åº“é”™è¯¯:Unknown column '0' in 'where clause'[39m
[31m2022-09-30 12:47:12 [error] [39m
[31m<<<<<<<<<<<<<<<<<<<<<<<<<<<<<<<<<<<<<<<<<<<<<<<<<<<<<<<<<<<<<<<<[39m
[31m  é”™è¯¯ä¿¡æ¯: DatabaseError: Unknown column '0' in 'where clause'[39m
[31m  è¯·æ±‚è·¯å¾„: /api/order/findOrderByUserId?id=11[39m
[31m  è¯·æ±‚æ–¹æ³•: GET[39m
[31m  IP: ::1[39m
[31m<<<<<<<<<<<<<<<<<<<<<<<<<<<<<<<<<<<<<<<<<<<<<<<<<<<<<<<<<<<<<<<<[39m
[31m2022-09-30 12:47:17 [error] æ•°æ®åº“é”™è¯¯:Unknown column '0' in 'where clause'[39m
[31m2022-09-30 12:47:17 [error] [39m
[31m<<<<<<<<<<<<<<<<<<<<<<<<<<<<<<<<<<<<<<<<<<<<<<<<<<<<<<<<<<<<<<<<[39m
[31m  é”™è¯¯ä¿¡æ¯: DatabaseError: Unknown column '0' in 'where clause'[39m
[31m  è¯·æ±‚è·¯å¾„: /api/order/findOrderByUserId?id=2[39m
[31m  è¯·æ±‚æ–¹æ³•: GET[39m
[31m  IP: ::1[39m
[31m<<<<<<<<<<<<<<<<<<<<<<<<<<<<<<<<<<<<<<<<<<<<<<<<<<<<<<<<<<<<<<<<[39m
[31m2022-09-30 12:47:20 [error] æ•°æ®åº“é”™è¯¯:Unknown column '0' in 'where clause'[39m
[31m2022-09-30 12:47:20 [error] [39m
[31m<<<<<<<<<<<<<<<<<<<<<<<<<<<<<<<<<<<<<<<<<<<<<<<<<<<<<<<<<<<<<<<<[39m
[31m  é”™è¯¯ä¿¡æ¯: DatabaseError: Unknown column '0' in 'where clause'[39m
[31m  è¯·æ±‚è·¯å¾„: /api/order/findOrderByUserId?id=1[39m
[31m  è¯·æ±‚æ–¹æ³•: GET[39m
[31m  IP: ::1[39m
[31m<<<<<<<<<<<<<<<<<<<<<<<<<<<<<<<<<<<<<<<<<<<<<<<<<<<<<<<<<<<<<<<<[39m
[31m2022-09-30 12:47:21 [error] æ•°æ®åº“é”™è¯¯:Unknown column '0' in 'where clause'[39m
[31m2022-09-30 12:47:21 [error] [39m
[31m<<<<<<<<<<<<<<<<<<<<<<<<<<<<<<<<<<<<<<<<<<<<<<<<<<<<<<<<<<<<<<<<[39m
[31m  é”™è¯¯ä¿¡æ¯: DatabaseError: Unknown column '0' in 'where clause'[39m
[31m  è¯·æ±‚è·¯å¾„: /api/order/findOrderByUserId?id=1[39m
[31m  è¯·æ±‚æ–¹æ³•: GET[39m
[31m  IP: ::1[39m
[31m<<<<<<<<<<<<<<<<<<<<<<<<<<<<<<<<<<<<<<<<<<<<<<<<<<<<<<<<<<<<<<<<[39m
[31m2022-09-30 12:47:22 [error] æ•°æ®åº“é”™è¯¯:Unknown column '0' in 'where clause'[39m
[31m2022-09-30 12:47:22 [error] [39m
[31m<<<<<<<<<<<<<<<<<<<<<<<<<<<<<<<<<<<<<<<<<<<<<<<<<<<<<<<<<<<<<<<<[39m
[31m  é”™è¯¯ä¿¡æ¯: DatabaseError: Unknown column '0' in 'where clause'[39m
[31m  è¯·æ±‚è·¯å¾„: /api/order/findOrderByUserId?id=1[39m
[31m  è¯·æ±‚æ–¹æ³•: GET[39m
[31m  IP: ::1[39m
[31m<<<<<<<<<<<<<<<<<<<<<<<<<<<<<<<<<<<<<<<<<<<<<<<<<<<<<<<<<<<<<<<<[39m
[31m2022-09-30 12:47:57 [error] æ•°æ®åº“é”™è¯¯:Unknown column '0' in 'where clause'[39m
[31m2022-09-30 12:47:57 [error] [39m
[31m<<<<<<<<<<<<<<<<<<<<<<<<<<<<<<<<<<<<<<<<<<<<<<<<<<<<<<<<<<<<<<<<[39m
[31m  é”™è¯¯ä¿¡æ¯: DatabaseError: Unknown column '0' in 'where clause'[39m
[31m  è¯·æ±‚è·¯å¾„: /api/order/findOrderByUserId?id=1[39m
[31m  è¯·æ±‚æ–¹æ³•: GET[39m
[31m  IP: ::1[39m
[31m<<<<<<<<<<<<<<<<<<<<<<<<<<<<<<<<<<<<<<<<<<<<<<<<<<<<<<<<<<<<<<<<[39m
[31m2022-09-30 12:52:33 [error] æ•°æ®åº“é”™è¯¯:Unknown column '0' in 'where clause'[39m
[31m2022-09-30 12:52:33 [error] [39m
[31m<<<<<<<<<<<<<<<<<<<<<<<<<<<<<<<<<<<<<<<<<<<<<<<<<<<<<<<<<<<<<<<<[39m
[31m  é”™è¯¯ä¿¡æ¯: DatabaseError: Unknown column '0' in 'where clause'[39m
[31m  è¯·æ±‚è·¯å¾„: /api/order/findOrderByUserId?id=1[39m
[31m  è¯·æ±‚æ–¹æ³•: GET[39m
[31m  IP: ::1[39m
[31m<<<<<<<<<<<<<<<<<<<<<<<<<<<<<<<<<<<<<<<<<<<<<<<<<<<<<<<<<<<<<<<<[39m
[31m2022-09-30 12:53:29 [error] æ•°æ®åº“é”™è¯¯:Unknown column 'iot_shart_order.user_id' in 'where clause'[39m
[31m2022-09-30 12:53:29 [error] [39m
[31m<<<<<<<<<<<<<<<<<<<<<<<<<<<<<<<<<<<<<<<<<<<<<<<<<<<<<<<<<<<<<<<<[39m
[31m  é”™è¯¯ä¿¡æ¯: DatabaseError: Unknown column 'iot_shart_order.user_id' in 'where clause'[39m
[31m  è¯·æ±‚è·¯å¾„: /api/order/findOrderByUserId?user_id=1231[39m
[31m  è¯·æ±‚æ–¹æ³•: GET[39m
[31m  IP: ::1[39m
[31m<<<<<<<<<<<<<<<<<<<<<<<<<<<<<<<<<<<<<<<<<<<<<<<<<<<<<<<<<<<<<<<<[39m
[31m2022-09-30 12:53:34 [error] æ•°æ®åº“é”™è¯¯:Unknown column 'iot_shart_order.user_id' in 'where clause'[39m
[31m2022-09-30 12:53:34 [error] [39m
[31m<<<<<<<<<<<<<<<<<<<<<<<<<<<<<<<<<<<<<<<<<<<<<<<<<<<<<<<<<<<<<<<<[39m
[31m  é”™è¯¯ä¿¡æ¯: DatabaseError: Unknown column 'iot_shart_order.user_id' in 'where clause'[39m
[31m  è¯·æ±‚è·¯å¾„: /api/order/findOrderByUserId?user_id=123456[39m
[31m  è¯·æ±‚æ–¹æ³•: GET[39m
[31m  IP: ::1[39m
[31m<<<<<<<<<<<<<<<<<<<<<<<<<<<<<<<<<<<<<<<<<<<<<<<<<<<<<<<<<<<<<<<<[39m
[31m2022-09-30 12:54:30 [error] æ•°æ®åº“é”™è¯¯:Unknown column 'iot_shart_order.user_id' in 'where clause'[39m
[31m2022-09-30 12:54:30 [error] [39m
[31m<<<<<<<<<<<<<<<<<<<<<<<<<<<<<<<<<<<<<<<<<<<<<<<<<<<<<<<<<<<<<<<<[39m
[31m  é”™è¯¯ä¿¡æ¯: DatabaseError: Unknown column 'iot_shart_order.user_id' in 'where clause'[39m
[31m  è¯·æ±‚è·¯å¾„: /api/order/findOrderByUserId?user_id=123456[39m
[31m  è¯·æ±‚æ–¹æ³•: GET[39m
[31m  IP: ::1[39m
[31m<<<<<<<<<<<<<<<<<<<<<<<<<<<<<<<<<<<<<<<<<<<<<<<<<<<<<<<<<<<<<<<<[39m
